2023-07-27 00:17:12,833 [INFO] LogOutputStream:77 - [STDOUT_REDIRECT] 
2023-07-27 00:17:16,147 [INFO] ProjectBuilder:4626 - Time for Generating toolchain IDE Files: 6593mS.
2023-07-27 00:17:16,149 [INFO] ProjectBuilder:2935 - Time for Copy CMSIS : 1mS.
2023-07-27 00:17:16,155 [INFO] ProjectBuilder:2935 - Time for Copy CMSIS : 0mS.
2023-07-27 01:34:31,585 [INFO] NvicIntPanel:101 - NVIC parent = com.st.microxplorer.plugins.ip.nvic.MultiNvicIntPanel[,0,0,0x0,invalid,layout=javax.swing.BoxLayout,alignmentX=0.0,alignmentY=0.0,border=,flags=9,maximumSize=,minimumSize=,preferredSize=]
2023-07-27 01:35:07,972 [INFO] UtilMem:75 - End SaveConfig() Used Memory: 659046912 Bytes (940572672)
2023-07-27 01:35:10,680 [INFO] UtilMem:75 - End SaveConfig() Used Memory: 697317888 Bytes (940572672)
2023-07-27 01:35:14,029 [INFO] UtilMem:75 - End SaveConfig() Used Memory: 776487424 Bytes (940572672)
2023-07-27 01:35:14,610 [INFO] BlockDiagram:2759 - set Specific Code input for plugin: SPI
2023-07-27 01:35:14,611 [INFO] BlockDiagram:2759 - set Specific Code input for plugin: NVIC
2023-07-27 01:35:14,611 [INFO] BlockDiagram:2759 - set Specific Code input for plugin: DMA
2023-07-27 01:35:14,611 [INFO] BlockDiagram:2759 - set Specific Code input for plugin: TIM1_8F1
2023-07-27 01:35:14,611 [INFO] BlockDiagram:2759 - set Specific Code input for plugin: USB_DEVICE
2023-07-27 01:35:14,611 [INFO] BlockDiagram:2759 - set Specific Code input for plugin: USB
2023-07-27 01:35:14,611 [INFO] BlockDiagram:2759 - set Specific Code input for plugin: SYS
2023-07-27 01:35:14,613 [INFO] BlockDiagram:2759 - set Specific Code input for plugin: GPIO
2023-07-27 01:35:14,614 [INFO] BlockDiagram:2759 - set Specific Code input for plugin: RCC
2023-07-27 01:35:14,616 [INFO] CodeGenerator:799 - code generatio: config db path: C:\ST\STM32CubeIDE_1.12.1\STM32CubeIDE\plugins\com.st.stm32cube.common.mx_6.9.0.202307051724\\db\
2023-07-27 01:35:14,635 [INFO] Argument:319 - Argument : DMAxvalue: DMA1
2023-07-27 01:35:14,636 [INFO] Argument:329 - Argument : DMAxvalue: DMA1
2023-07-27 01:35:14,636 [INFO] Argument:319 - Argument : Channelvalue: LL_DMA_CHANNEL_3
2023-07-27 01:35:14,636 [INFO] Argument:329 - Argument : Channelvalue: LL_DMA_CHANNEL_3
2023-07-27 01:35:14,636 [INFO] Argument:319 - Argument : Directionvalue: LL_DMA_DIRECTION_MEMORY_TO_PERIPH
2023-07-27 01:35:14,636 [INFO] Argument:329 - Argument : Directionvalue: LL_DMA_DIRECTION_MEMORY_TO_PERIPH
2023-07-27 01:35:14,636 [INFO] Argument:319 - Argument : DMAxvalue: DMA1
2023-07-27 01:35:14,637 [INFO] Argument:329 - Argument : DMAxvalue: DMA1
2023-07-27 01:35:14,640 [INFO] Argument:319 - Argument : Channelvalue: LL_DMA_CHANNEL_3
2023-07-27 01:35:14,640 [INFO] Argument:329 - Argument : Channelvalue: LL_DMA_CHANNEL_3
2023-07-27 01:35:14,640 [INFO] Argument:319 - Argument : Priorityvalue: LL_DMA_PRIORITY_LOW
2023-07-27 01:35:14,640 [INFO] Argument:329 - Argument : Priorityvalue: LL_DMA_PRIORITY_LOW
2023-07-27 01:35:14,640 [INFO] Argument:319 - Argument : DMAxvalue: DMA1
2023-07-27 01:35:14,640 [INFO] Argument:329 - Argument : DMAxvalue: DMA1
2023-07-27 01:35:14,640 [INFO] Argument:319 - Argument : Channelvalue: LL_DMA_CHANNEL_3
2023-07-27 01:35:14,640 [INFO] Argument:329 - Argument : Channelvalue: LL_DMA_CHANNEL_3
2023-07-27 01:35:14,640 [INFO] Argument:319 - Argument : Modevalue: LL_DMA_MODE_NORMAL
2023-07-27 01:35:14,641 [INFO] Argument:329 - Argument : Modevalue: LL_DMA_MODE_NORMAL
2023-07-27 01:35:14,641 [INFO] Argument:319 - Argument : DMAxvalue: DMA1
2023-07-27 01:35:14,641 [INFO] Argument:329 - Argument : DMAxvalue: DMA1
2023-07-27 01:35:14,643 [INFO] Argument:319 - Argument : Channelvalue: LL_DMA_CHANNEL_3
2023-07-27 01:35:14,643 [INFO] Argument:329 - Argument : Channelvalue: LL_DMA_CHANNEL_3
2023-07-27 01:35:14,643 [INFO] Argument:319 - Argument : PeriphOrM2MSrcIncModevalue: LL_DMA_PERIPH_NOINCREMENT
2023-07-27 01:35:14,643 [INFO] Argument:329 - Argument : PeriphOrM2MSrcIncModevalue: LL_DMA_PERIPH_NOINCREMENT
2023-07-27 01:35:14,643 [INFO] Argument:319 - Argument : DMAxvalue: DMA1
2023-07-27 01:35:14,643 [INFO] Argument:329 - Argument : DMAxvalue: DMA1
2023-07-27 01:35:14,643 [INFO] Argument:319 - Argument : Channelvalue: LL_DMA_CHANNEL_3
2023-07-27 01:35:14,644 [INFO] Argument:329 - Argument : Channelvalue: LL_DMA_CHANNEL_3
2023-07-27 01:35:14,644 [INFO] Argument:319 - Argument : MemoryOrM2MDstIncModevalue: LL_DMA_MEMORY_INCREMENT
2023-07-27 01:35:14,644 [INFO] Argument:329 - Argument : MemoryOrM2MDstIncModevalue: LL_DMA_MEMORY_INCREMENT
2023-07-27 01:35:14,644 [INFO] Argument:319 - Argument : DMAxvalue: DMA1
2023-07-27 01:35:14,644 [INFO] Argument:329 - Argument : DMAxvalue: DMA1
2023-07-27 01:35:14,644 [INFO] Argument:319 - Argument : Channelvalue: LL_DMA_CHANNEL_3
2023-07-27 01:35:14,644 [INFO] Argument:329 - Argument : Channelvalue: LL_DMA_CHANNEL_3
2023-07-27 01:35:14,644 [INFO] Argument:319 - Argument : PeriphOrM2MSrcDataSizevalue: LL_DMA_PDATAALIGN_HALFWORD
2023-07-27 01:35:14,644 [INFO] Argument:329 - Argument : PeriphOrM2MSrcDataSizevalue: LL_DMA_PDATAALIGN_HALFWORD
2023-07-27 01:35:14,644 [INFO] Argument:319 - Argument : DMAxvalue: DMA1
2023-07-27 01:35:14,645 [INFO] Argument:329 - Argument : DMAxvalue: DMA1
2023-07-27 01:35:14,645 [INFO] Argument:319 - Argument : Channelvalue: LL_DMA_CHANNEL_3
2023-07-27 01:35:14,645 [INFO] Argument:329 - Argument : Channelvalue: LL_DMA_CHANNEL_3
2023-07-27 01:35:14,645 [INFO] Argument:319 - Argument : MemoryOrM2MDstDataSizevalue: LL_DMA_MDATAALIGN_HALFWORD
2023-07-27 01:35:14,645 [INFO] Argument:329 - Argument : MemoryOrM2MDstDataSizevalue: LL_DMA_MDATAALIGN_HALFWORD
2023-07-27 01:35:14,994 [INFO] CodeEngine:255 - oldGeneratedFile, C:\Users\inflamer\STM32CubeIDE\aquapark\application\MXTmpFiles\license.tmp_save
2023-07-27 01:35:15,468 [INFO] CodeEngine:279 - Generated code: C:\Users\inflamer\STM32CubeIDE\aquapark\application\MXTmpFiles\license.tmp
2023-07-27 01:35:15,596 [INFO] CodeEngine:255 - oldGeneratedFile, C:\Users\inflamer\STM32CubeIDE\aquapark\application\MXTmpFiles\gpio.tmp_save
2023-07-27 01:35:15,779 [INFO] CodeEngine:279 - Generated code: C:\Users\inflamer\STM32CubeIDE\aquapark\application\MXTmpFiles\gpio.tmp
2023-07-27 01:35:15,936 [INFO] CodeEngine:255 - oldGeneratedFile, C:\Users\inflamer\STM32CubeIDE\aquapark\application\MXTmpFiles\usb_vars.tmp_save
2023-07-27 01:35:16,205 [INFO] CodeEngine:279 - Generated code: C:\Users\inflamer\STM32CubeIDE\aquapark\application\MXTmpFiles\usb_vars.tmp
2023-07-27 01:35:16,224 [INFO] CodeEngine:255 - oldGeneratedFile, C:\Users\inflamer\STM32CubeIDE\aquapark\application\MXTmpFiles\usb_inc.tmp_save
2023-07-27 01:35:16,361 [INFO] CodeEngine:279 - Generated code: C:\Users\inflamer\STM32CubeIDE\aquapark\application\MXTmpFiles\usb_inc.tmp
2023-07-27 01:35:16,377 [INFO] CodeEngine:255 - oldGeneratedFile, C:\Users\inflamer\STM32CubeIDE\aquapark\application\MXTmpFiles\usb_HalInit.tmp_save
2023-07-27 01:35:16,557 [INFO] CodeEngine:279 - Generated code: C:\Users\inflamer\STM32CubeIDE\aquapark\application\MXTmpFiles\usb_HalInit.tmp
2023-07-27 01:35:16,575 [INFO] CodeEngine:255 - oldGeneratedFile, C:\Users\inflamer\STM32CubeIDE\aquapark\application\MXTmpFiles\usb_Msp.tmp_save
2023-07-27 01:35:16,753 [INFO] CodeEngine:279 - Generated code: C:\Users\inflamer\STM32CubeIDE\aquapark\application\MXTmpFiles\usb_Msp.tmp
2023-07-27 01:35:17,145 [INFO] Middleware:1439 - No code input for Bsp Dependency
2023-07-27 01:35:17,311 [INFO] CodeEngine:255 - oldGeneratedFile, C:\Users\inflamer\STM32CubeIDE\aquapark\application\MXTmpFiles\dma.tmp_save
2023-07-27 01:35:17,587 [INFO] CodeEngine:279 - Generated code: C:\Users\inflamer\STM32CubeIDE\aquapark\application\MXTmpFiles\dma.tmp
2023-07-27 01:35:17,596 [INFO] CodeEngine:255 - oldGeneratedFile, C:\Users\inflamer\STM32CubeIDE\aquapark\application\MXTmpFiles\dma_GV.tmp_save
2023-07-27 01:35:17,720 [INFO] CodeEngine:279 - Generated code: C:\Users\inflamer\STM32CubeIDE\aquapark\application\MXTmpFiles\dma_GV.tmp
2023-07-27 01:35:17,739 [INFO] Middleware:1439 - No code input for Bsp Dependency
2023-07-27 01:35:17,769 [INFO] CodeEngine:255 - oldGeneratedFile, C:\Users\inflamer\STM32CubeIDE\aquapark\application\USB_DEVICE\App\usb_device.c_save
2023-07-27 01:35:17,926 [INFO] CodeEngine:279 - Generated code: C:\Users\inflamer\STM32CubeIDE\aquapark\application\USB_DEVICE\App\usb_device.c
2023-07-27 01:35:17,940 [INFO] CodeEngine:255 - oldGeneratedFile, C:\Users\inflamer\STM32CubeIDE\aquapark\application\USB_DEVICE\App\usb_device.h_save
2023-07-27 01:35:18,076 [INFO] CodeEngine:279 - Generated code: C:\Users\inflamer\STM32CubeIDE\aquapark\application\USB_DEVICE\App\usb_device.h
2023-07-27 01:35:18,092 [INFO] CodeEngine:255 - oldGeneratedFile, C:\Users\inflamer\STM32CubeIDE\aquapark\application\USB_DEVICE\Target\usbd_conf.h_save
2023-07-27 01:35:18,232 [INFO] CodeEngine:279 - Generated code: C:\Users\inflamer\STM32CubeIDE\aquapark\application\USB_DEVICE\Target\usbd_conf.h
2023-07-27 01:35:18,247 [INFO] CodeEngine:255 - oldGeneratedFile, C:\Users\inflamer\STM32CubeIDE\aquapark\application\USB_DEVICE\Target\usbd_conf.c_save
2023-07-27 01:35:18,410 [INFO] CodeEngine:279 - Generated code: C:\Users\inflamer\STM32CubeIDE\aquapark\application\USB_DEVICE\Target\usbd_conf.c
2023-07-27 01:35:18,428 [INFO] CodeEngine:255 - oldGeneratedFile, C:\Users\inflamer\STM32CubeIDE\aquapark\application\USB_DEVICE\App\usbd_desc.h_save
2023-07-27 01:35:18,576 [INFO] CodeEngine:279 - Generated code: C:\Users\inflamer\STM32CubeIDE\aquapark\application\USB_DEVICE\App\usbd_desc.h
2023-07-27 01:35:18,593 [INFO] CodeEngine:255 - oldGeneratedFile, C:\Users\inflamer\STM32CubeIDE\aquapark\application\USB_DEVICE\App\usbd_desc.c_save
2023-07-27 01:35:18,775 [INFO] CodeEngine:279 - Generated code: C:\Users\inflamer\STM32CubeIDE\aquapark\application\USB_DEVICE\App\usbd_desc.c
2023-07-27 01:35:18,792 [INFO] CodeEngine:255 - oldGeneratedFile, C:\Users\inflamer\STM32CubeIDE\aquapark\application\USB_DEVICE\App\usbd_storage_if.h_save
2023-07-27 01:35:18,947 [INFO] CodeEngine:279 - Generated code: C:\Users\inflamer\STM32CubeIDE\aquapark\application\USB_DEVICE\App\usbd_storage_if.h
2023-07-27 01:35:18,961 [INFO] CodeEngine:255 - oldGeneratedFile, C:\Users\inflamer\STM32CubeIDE\aquapark\application\USB_DEVICE\App\usbd_storage_if.c_save
2023-07-27 01:35:19,091 [INFO] CodeEngine:279 - Generated code: C:\Users\inflamer\STM32CubeIDE\aquapark\application\USB_DEVICE\App\usbd_storage_if.c
2023-07-27 01:35:19,131 [INFO] CodeEngine:255 - oldGeneratedFile, C:\Users\inflamer\STM32CubeIDE\aquapark\application\Core\Src\stm32f1xx_it.c_save
2023-07-27 01:35:19,617 [INFO] CodeEngine:279 - Generated code: C:\Users\inflamer\STM32CubeIDE\aquapark\application\Core\Src\stm32f1xx_it.c
2023-07-27 01:35:19,641 [INFO] CodeEngine:255 - oldGeneratedFile, C:\Users\inflamer\STM32CubeIDE\aquapark\application\Core\Inc\stm32f1xx_it.h_save
2023-07-27 01:35:19,776 [INFO] CodeEngine:279 - Generated code: C:\Users\inflamer\STM32CubeIDE\aquapark\application\Core\Inc\stm32f1xx_it.h
2023-07-27 01:35:19,820 [INFO] CodeEngine:255 - oldGeneratedFile, C:\Users\inflamer\STM32CubeIDE\aquapark\application\Core\Src\stm32f1xx_hal_msp.c_save
2023-07-27 01:35:19,994 [INFO] CodeEngine:279 - Generated code: C:\Users\inflamer\STM32CubeIDE\aquapark\application\Core\Src\stm32f1xx_hal_msp.c
2023-07-27 01:35:20,004 [INFO] CodeEngine:255 - oldGeneratedFile, C:\Users\inflamer\STM32CubeIDE\aquapark\application\MXTmpFiles\system.tmp_save
2023-07-27 01:35:20,135 [INFO] CodeEngine:279 - Generated code: C:\Users\inflamer\STM32CubeIDE\aquapark\application\MXTmpFiles\system.tmp
2023-07-27 01:35:20,153 [INFO] CodeEngine:255 - oldGeneratedFile, C:\Users\inflamer\STM32CubeIDE\aquapark\application\Core\Inc\stm32_assert.h_save
2023-07-27 01:35:20,280 [INFO] CodeEngine:279 - Generated code: C:\Users\inflamer\STM32CubeIDE\aquapark\application\Core\Inc\stm32_assert.h
2023-07-27 01:35:20,305 [INFO] CodeEngine:311 - oldGeneratedFile, C:\Users\inflamer\STM32CubeIDE\aquapark\application\Core\Inc\stm32f1xx_hal_conf.h_save
2023-07-27 01:35:20,436 [INFO] CodeEngine:335 - Generated code: C:\Users\inflamer\STM32CubeIDE\aquapark\application\Core\Inc\stm32f1xx_hal_conf.h
2023-07-27 01:35:20,478 [WARN] IPConfigManager:2937 - Warning: the RefConfig RCC_ClockConfig is not available in your config.xml file
2023-07-27 01:35:20,478 [WARN] IPConfigManager:2937 - Warning: the RefConfig RCC_MCOConfig is not available in your config.xml file
2023-07-27 01:35:20,478 [WARN] IPConfigManager:2937 - Warning: the RefConfig RCC_interrupt_Time_SYSTICK_Config is not available in your config.xml file
2023-07-27 01:35:20,478 [WARN] IPConfigManager:2937 - Warning: the RefConfig RCC_SYSTICK_CONFIG is not available in your config.xml file
2023-07-27 01:35:20,498 [WARN] IPConfigManager:3431 - IP not found : TIM
2023-07-27 01:35:20,500 [WARN] CodeGenerator:3760 - IP not found : null
2023-07-27 01:35:20,521 [INFO] CodeEngine:255 - oldGeneratedFile, C:\Users\inflamer\STM32CubeIDE\aquapark\application\Core\Inc\main.h_save
2023-07-27 01:35:20,691 [INFO] CodeEngine:279 - Generated code: C:\Users\inflamer\STM32CubeIDE\aquapark\application\Core\Inc\main.h
2023-07-27 01:35:20,720 [INFO] CodeEngine:255 - oldGeneratedFile, C:\Users\inflamer\STM32CubeIDE\aquapark\application\Core\Src\main.c_save
2023-07-27 01:35:20,960 [INFO] CodeEngine:279 - Generated code: C:\Users\inflamer\STM32CubeIDE\aquapark\application\Core\Src\main.c
2023-07-27 01:35:22,518 [INFO] ProjectBuilder:3064 - Time for Copy HAL[1] : 783mS.
2023-07-27 01:35:22,535 [INFO] ProjectBuilder:4404 - Project Generator version: 4.1.0
2023-07-27 01:35:22,919 [INFO] ConfigFileManager:1457 - The Die is : DIE414
2023-07-27 01:35:27,653 [INFO] ProjectBuilder:4626 - Time for Generating toolchain IDE Files: 5118mS.
2023-07-27 01:35:27,655 [INFO] ProjectBuilder:2935 - Time for Copy CMSIS : 1mS.
2023-07-27 01:35:27,696 [INFO] ProjectBuilder:2935 - Time for Copy CMSIS : 0mS.
2023-07-27 01:36:25,996 [INFO] UtilMem:75 - End SaveConfig() Used Memory: 402713984 Bytes (1025507328)
2023-07-27 01:36:28,295 [INFO] UtilMem:75 - End SaveConfig() Used Memory: 424734080 Bytes (1025507328)
2023-07-27 01:36:36,393 [INFO] UtilMem:75 - End SaveConfig() Used Memory: 487648640 Bytes (1025507328)
2023-07-27 01:36:36,848 [INFO] BlockDiagram:2759 - set Specific Code input for plugin: SPI
2023-07-27 01:36:36,849 [INFO] BlockDiagram:2759 - set Specific Code input for plugin: NVIC
2023-07-27 01:36:36,849 [INFO] BlockDiagram:2759 - set Specific Code input for plugin: DMA
2023-07-27 01:36:36,849 [INFO] BlockDiagram:2759 - set Specific Code input for plugin: TIM1_8F1
2023-07-27 01:36:36,849 [INFO] BlockDiagram:2759 - set Specific Code input for plugin: USB_DEVICE
2023-07-27 01:36:36,849 [INFO] BlockDiagram:2759 - set Specific Code input for plugin: USB
2023-07-27 01:36:36,849 [INFO] BlockDiagram:2759 - set Specific Code input for plugin: SYS
2023-07-27 01:36:36,850 [INFO] BlockDiagram:2759 - set Specific Code input for plugin: GPIO
2023-07-27 01:36:36,850 [INFO] BlockDiagram:2759 - set Specific Code input for plugin: RCC
2023-07-27 01:36:36,851 [INFO] CodeGenerator:799 - code generatio: config db path: C:\ST\STM32CubeIDE_1.12.1\STM32CubeIDE\plugins\com.st.stm32cube.common.mx_6.9.0.202307051724\\db\
2023-07-27 01:36:36,869 [INFO] Argument:319 - Argument : DMAxvalue: DMA1
2023-07-27 01:36:36,869 [INFO] Argument:329 - Argument : DMAxvalue: DMA1
2023-07-27 01:36:36,869 [INFO] Argument:319 - Argument : Channelvalue: LL_DMA_CHANNEL_3
2023-07-27 01:36:36,869 [INFO] Argument:329 - Argument : Channelvalue: LL_DMA_CHANNEL_3
2023-07-27 01:36:36,869 [INFO] Argument:319 - Argument : Directionvalue: LL_DMA_DIRECTION_MEMORY_TO_PERIPH
2023-07-27 01:36:36,869 [INFO] Argument:329 - Argument : Directionvalue: LL_DMA_DIRECTION_MEMORY_TO_PERIPH
2023-07-27 01:36:36,869 [INFO] Argument:319 - Argument : DMAxvalue: DMA1
2023-07-27 01:36:36,870 [INFO] Argument:329 - Argument : DMAxvalue: DMA1
2023-07-27 01:36:36,870 [INFO] Argument:319 - Argument : Channelvalue: LL_DMA_CHANNEL_3
2023-07-27 01:36:36,870 [INFO] Argument:329 - Argument : Channelvalue: LL_DMA_CHANNEL_3
2023-07-27 01:36:36,870 [INFO] Argument:319 - Argument : Priorityvalue: LL_DMA_PRIORITY_LOW
2023-07-27 01:36:36,870 [INFO] Argument:329 - Argument : Priorityvalue: LL_DMA_PRIORITY_LOW
2023-07-27 01:36:36,870 [INFO] Argument:319 - Argument : DMAxvalue: DMA1
2023-07-27 01:36:36,870 [INFO] Argument:329 - Argument : DMAxvalue: DMA1
2023-07-27 01:36:36,870 [INFO] Argument:319 - Argument : Channelvalue: LL_DMA_CHANNEL_3
2023-07-27 01:36:36,870 [INFO] Argument:329 - Argument : Channelvalue: LL_DMA_CHANNEL_3
2023-07-27 01:36:36,870 [INFO] Argument:319 - Argument : Modevalue: LL_DMA_MODE_NORMAL
2023-07-27 01:36:36,871 [INFO] Argument:329 - Argument : Modevalue: LL_DMA_MODE_NORMAL
2023-07-27 01:36:36,871 [INFO] Argument:319 - Argument : DMAxvalue: DMA1
2023-07-27 01:36:36,871 [INFO] Argument:329 - Argument : DMAxvalue: DMA1
2023-07-27 01:36:36,871 [INFO] Argument:319 - Argument : Channelvalue: LL_DMA_CHANNEL_3
2023-07-27 01:36:36,871 [INFO] Argument:329 - Argument : Channelvalue: LL_DMA_CHANNEL_3
2023-07-27 01:36:36,871 [INFO] Argument:319 - Argument : PeriphOrM2MSrcIncModevalue: LL_DMA_PERIPH_NOINCREMENT
2023-07-27 01:36:36,871 [INFO] Argument:329 - Argument : PeriphOrM2MSrcIncModevalue: LL_DMA_PERIPH_NOINCREMENT
2023-07-27 01:36:36,871 [INFO] Argument:319 - Argument : DMAxvalue: DMA1
2023-07-27 01:36:36,871 [INFO] Argument:329 - Argument : DMAxvalue: DMA1
2023-07-27 01:36:36,871 [INFO] Argument:319 - Argument : Channelvalue: LL_DMA_CHANNEL_3
2023-07-27 01:36:36,872 [INFO] Argument:329 - Argument : Channelvalue: LL_DMA_CHANNEL_3
2023-07-27 01:36:36,872 [INFO] Argument:319 - Argument : MemoryOrM2MDstIncModevalue: LL_DMA_MEMORY_INCREMENT
2023-07-27 01:36:36,872 [INFO] Argument:329 - Argument : MemoryOrM2MDstIncModevalue: LL_DMA_MEMORY_INCREMENT
2023-07-27 01:36:36,872 [INFO] Argument:319 - Argument : DMAxvalue: DMA1
2023-07-27 01:36:36,872 [INFO] Argument:329 - Argument : DMAxvalue: DMA1
2023-07-27 01:36:36,872 [INFO] Argument:319 - Argument : Channelvalue: LL_DMA_CHANNEL_3
2023-07-27 01:36:36,872 [INFO] Argument:329 - Argument : Channelvalue: LL_DMA_CHANNEL_3
2023-07-27 01:36:36,873 [INFO] Argument:319 - Argument : PeriphOrM2MSrcDataSizevalue: LL_DMA_PDATAALIGN_HALFWORD
2023-07-27 01:36:36,873 [INFO] Argument:329 - Argument : PeriphOrM2MSrcDataSizevalue: LL_DMA_PDATAALIGN_HALFWORD
2023-07-27 01:36:36,873 [INFO] Argument:319 - Argument : DMAxvalue: DMA1
2023-07-27 01:36:36,873 [INFO] Argument:329 - Argument : DMAxvalue: DMA1
2023-07-27 01:36:36,873 [INFO] Argument:319 - Argument : Channelvalue: LL_DMA_CHANNEL_3
2023-07-27 01:36:36,873 [INFO] Argument:329 - Argument : Channelvalue: LL_DMA_CHANNEL_3
2023-07-27 01:36:36,873 [INFO] Argument:319 - Argument : MemoryOrM2MDstDataSizevalue: LL_DMA_MDATAALIGN_HALFWORD
2023-07-27 01:36:36,873 [INFO] Argument:329 - Argument : MemoryOrM2MDstDataSizevalue: LL_DMA_MDATAALIGN_HALFWORD
2023-07-27 01:36:37,144 [INFO] CodeEngine:255 - oldGeneratedFile, C:\Users\inflamer\STM32CubeIDE\aquapark\application\MXTmpFiles\license.tmp_save
2023-07-27 01:36:37,273 [INFO] CodeEngine:279 - Generated code: C:\Users\inflamer\STM32CubeIDE\aquapark\application\MXTmpFiles\license.tmp
2023-07-27 01:36:37,488 [INFO] CodeEngine:255 - oldGeneratedFile, C:\Users\inflamer\STM32CubeIDE\aquapark\application\MXTmpFiles\gpio.tmp_save
2023-07-27 01:36:37,774 [INFO] CodeEngine:279 - Generated code: C:\Users\inflamer\STM32CubeIDE\aquapark\application\MXTmpFiles\gpio.tmp
2023-07-27 01:36:37,901 [INFO] CodeEngine:255 - oldGeneratedFile, C:\Users\inflamer\STM32CubeIDE\aquapark\application\MXTmpFiles\usb_vars.tmp_save
2023-07-27 01:36:38,021 [INFO] CodeEngine:279 - Generated code: C:\Users\inflamer\STM32CubeIDE\aquapark\application\MXTmpFiles\usb_vars.tmp
2023-07-27 01:36:38,030 [INFO] CodeEngine:255 - oldGeneratedFile, C:\Users\inflamer\STM32CubeIDE\aquapark\application\MXTmpFiles\usb_inc.tmp_save
2023-07-27 01:36:38,143 [INFO] CodeEngine:279 - Generated code: C:\Users\inflamer\STM32CubeIDE\aquapark\application\MXTmpFiles\usb_inc.tmp
2023-07-27 01:36:38,151 [INFO] CodeEngine:255 - oldGeneratedFile, C:\Users\inflamer\STM32CubeIDE\aquapark\application\MXTmpFiles\usb_HalInit.tmp_save
2023-07-27 01:36:38,277 [INFO] CodeEngine:279 - Generated code: C:\Users\inflamer\STM32CubeIDE\aquapark\application\MXTmpFiles\usb_HalInit.tmp
2023-07-27 01:36:38,286 [INFO] CodeEngine:255 - oldGeneratedFile, C:\Users\inflamer\STM32CubeIDE\aquapark\application\MXTmpFiles\usb_Msp.tmp_save
2023-07-27 01:36:38,424 [INFO] CodeEngine:279 - Generated code: C:\Users\inflamer\STM32CubeIDE\aquapark\application\MXTmpFiles\usb_Msp.tmp
2023-07-27 01:36:38,730 [INFO] Middleware:1439 - No code input for Bsp Dependency
2023-07-27 01:36:38,773 [INFO] CodeEngine:255 - oldGeneratedFile, C:\Users\inflamer\STM32CubeIDE\aquapark\application\MXTmpFiles\dma.tmp_save
2023-07-27 01:36:38,896 [INFO] CodeEngine:279 - Generated code: C:\Users\inflamer\STM32CubeIDE\aquapark\application\MXTmpFiles\dma.tmp
2023-07-27 01:36:38,905 [INFO] CodeEngine:255 - oldGeneratedFile, C:\Users\inflamer\STM32CubeIDE\aquapark\application\MXTmpFiles\dma_GV.tmp_save
2023-07-27 01:36:39,019 [INFO] CodeEngine:279 - Generated code: C:\Users\inflamer\STM32CubeIDE\aquapark\application\MXTmpFiles\dma_GV.tmp
2023-07-27 01:36:39,036 [INFO] Middleware:1439 - No code input for Bsp Dependency
2023-07-27 01:36:39,059 [INFO] CodeEngine:255 - oldGeneratedFile, C:\Users\inflamer\STM32CubeIDE\aquapark\application\USB_DEVICE\App\usb_device.c_save
2023-07-27 01:36:39,192 [INFO] CodeEngine:279 - Generated code: C:\Users\inflamer\STM32CubeIDE\aquapark\application\USB_DEVICE\App\usb_device.c
2023-07-27 01:36:39,205 [INFO] CodeEngine:255 - oldGeneratedFile, C:\Users\inflamer\STM32CubeIDE\aquapark\application\USB_DEVICE\App\usb_device.h_save
2023-07-27 01:36:39,327 [INFO] CodeEngine:279 - Generated code: C:\Users\inflamer\STM32CubeIDE\aquapark\application\USB_DEVICE\App\usb_device.h
2023-07-27 01:36:39,340 [INFO] CodeEngine:255 - oldGeneratedFile, C:\Users\inflamer\STM32CubeIDE\aquapark\application\USB_DEVICE\Target\usbd_conf.h_save
2023-07-27 01:36:39,466 [INFO] CodeEngine:279 - Generated code: C:\Users\inflamer\STM32CubeIDE\aquapark\application\USB_DEVICE\Target\usbd_conf.h
2023-07-27 01:36:39,481 [INFO] CodeEngine:255 - oldGeneratedFile, C:\Users\inflamer\STM32CubeIDE\aquapark\application\USB_DEVICE\Target\usbd_conf.c_save
2023-07-27 01:36:39,640 [INFO] CodeEngine:279 - Generated code: C:\Users\inflamer\STM32CubeIDE\aquapark\application\USB_DEVICE\Target\usbd_conf.c
2023-07-27 01:36:39,656 [INFO] CodeEngine:255 - oldGeneratedFile, C:\Users\inflamer\STM32CubeIDE\aquapark\application\USB_DEVICE\App\usbd_desc.h_save
2023-07-27 01:36:39,776 [INFO] CodeEngine:279 - Generated code: C:\Users\inflamer\STM32CubeIDE\aquapark\application\USB_DEVICE\App\usbd_desc.h
2023-07-27 01:36:39,790 [INFO] CodeEngine:255 - oldGeneratedFile, C:\Users\inflamer\STM32CubeIDE\aquapark\application\USB_DEVICE\App\usbd_desc.c_save
2023-07-27 01:36:39,925 [INFO] CodeEngine:279 - Generated code: C:\Users\inflamer\STM32CubeIDE\aquapark\application\USB_DEVICE\App\usbd_desc.c
2023-07-27 01:36:39,937 [INFO] CodeEngine:255 - oldGeneratedFile, C:\Users\inflamer\STM32CubeIDE\aquapark\application\USB_DEVICE\App\usbd_storage_if.h_save
2023-07-27 01:36:40,054 [INFO] CodeEngine:279 - Generated code: C:\Users\inflamer\STM32CubeIDE\aquapark\application\USB_DEVICE\App\usbd_storage_if.h
2023-07-27 01:36:40,067 [INFO] CodeEngine:255 - oldGeneratedFile, C:\Users\inflamer\STM32CubeIDE\aquapark\application\USB_DEVICE\App\usbd_storage_if.c_save
2023-07-27 01:36:40,191 [INFO] CodeEngine:279 - Generated code: C:\Users\inflamer\STM32CubeIDE\aquapark\application\USB_DEVICE\App\usbd_storage_if.c
2023-07-27 01:36:40,218 [INFO] CodeEngine:255 - oldGeneratedFile, C:\Users\inflamer\STM32CubeIDE\aquapark\application\Core\Src\stm32f1xx_it.c_save
2023-07-27 01:36:40,430 [INFO] CodeEngine:279 - Generated code: C:\Users\inflamer\STM32CubeIDE\aquapark\application\Core\Src\stm32f1xx_it.c
2023-07-27 01:36:40,443 [INFO] CodeEngine:255 - oldGeneratedFile, C:\Users\inflamer\STM32CubeIDE\aquapark\application\Core\Inc\stm32f1xx_it.h_save
2023-07-27 01:36:40,576 [INFO] CodeEngine:279 - Generated code: C:\Users\inflamer\STM32CubeIDE\aquapark\application\Core\Inc\stm32f1xx_it.h
2023-07-27 01:36:40,609 [INFO] CodeEngine:255 - oldGeneratedFile, C:\Users\inflamer\STM32CubeIDE\aquapark\application\Core\Src\stm32f1xx_hal_msp.c_save
2023-07-27 01:36:40,794 [INFO] CodeEngine:279 - Generated code: C:\Users\inflamer\STM32CubeIDE\aquapark\application\Core\Src\stm32f1xx_hal_msp.c
2023-07-27 01:36:40,803 [INFO] CodeEngine:255 - oldGeneratedFile, C:\Users\inflamer\STM32CubeIDE\aquapark\application\MXTmpFiles\system.tmp_save
2023-07-27 01:36:40,920 [INFO] CodeEngine:279 - Generated code: C:\Users\inflamer\STM32CubeIDE\aquapark\application\MXTmpFiles\system.tmp
2023-07-27 01:36:40,931 [INFO] CodeEngine:255 - oldGeneratedFile, C:\Users\inflamer\STM32CubeIDE\aquapark\application\Core\Inc\stm32_assert.h_save
2023-07-27 01:36:41,099 [INFO] CodeEngine:279 - Generated code: C:\Users\inflamer\STM32CubeIDE\aquapark\application\Core\Inc\stm32_assert.h
2023-07-27 01:36:41,123 [INFO] CodeEngine:311 - oldGeneratedFile, C:\Users\inflamer\STM32CubeIDE\aquapark\application\Core\Inc\stm32f1xx_hal_conf.h_save
2023-07-27 01:36:41,258 [INFO] CodeEngine:335 - Generated code: C:\Users\inflamer\STM32CubeIDE\aquapark\application\Core\Inc\stm32f1xx_hal_conf.h
2023-07-27 01:36:41,284 [WARN] IPConfigManager:2937 - Warning: the RefConfig RCC_ClockConfig is not available in your config.xml file
2023-07-27 01:36:41,285 [WARN] IPConfigManager:2937 - Warning: the RefConfig RCC_MCOConfig is not available in your config.xml file
2023-07-27 01:36:41,285 [WARN] IPConfigManager:2937 - Warning: the RefConfig RCC_interrupt_Time_SYSTICK_Config is not available in your config.xml file
2023-07-27 01:36:41,285 [WARN] IPConfigManager:2937 - Warning: the RefConfig RCC_SYSTICK_CONFIG is not available in your config.xml file
2023-07-27 01:36:41,300 [WARN] IPConfigManager:3431 - IP not found : TIM
2023-07-27 01:36:41,302 [WARN] CodeGenerator:3760 - IP not found : null
2023-07-27 01:36:41,322 [INFO] CodeEngine:255 - oldGeneratedFile, C:\Users\inflamer\STM32CubeIDE\aquapark\application\Core\Inc\main.h_save
2023-07-27 01:36:41,450 [INFO] CodeEngine:279 - Generated code: C:\Users\inflamer\STM32CubeIDE\aquapark\application\Core\Inc\main.h
2023-07-27 01:36:41,464 [INFO] CodeEngine:255 - oldGeneratedFile, C:\Users\inflamer\STM32CubeIDE\aquapark\application\Core\Src\main.c_save
2023-07-27 01:36:41,665 [INFO] CodeEngine:279 - Generated code: C:\Users\inflamer\STM32CubeIDE\aquapark\application\Core\Src\main.c
2023-07-27 01:36:42,697 [INFO] ProjectBuilder:3064 - Time for Copy HAL[1] : 375mS.
2023-07-27 01:36:42,713 [INFO] ProjectBuilder:4404 - Project Generator version: 4.1.0
2023-07-27 01:36:43,118 [INFO] ConfigFileManager:1457 - The Die is : DIE414
2023-07-27 01:36:46,784 [INFO] ProjectBuilder:4626 - Time for Generating toolchain IDE Files: 4070mS.
2023-07-27 01:36:46,785 [INFO] ProjectBuilder:2935 - Time for Copy CMSIS : 1mS.
2023-07-27 01:36:46,800 [INFO] ProjectBuilder:2935 - Time for Copy CMSIS : 0mS.
2023-07-27 01:36:59,443 [INFO] UtilMem:75 - End SaveConfig() Used Memory: 419772544 Bytes (1045430272)
2023-07-27 01:37:03,822 [INFO] UtilMem:75 - End SaveConfig() Used Memory: 441513056 Bytes (1045430272)
2023-07-27 01:37:08,481 [INFO] UtilMem:75 - End SaveConfig() Used Memory: 528706656 Bytes (1045430272)
2023-07-27 01:37:09,084 [INFO] BlockDiagram:2759 - set Specific Code input for plugin: SPI
2023-07-27 01:37:09,084 [INFO] BlockDiagram:2759 - set Specific Code input for plugin: NVIC
2023-07-27 01:37:09,085 [INFO] BlockDiagram:2759 - set Specific Code input for plugin: DMA
2023-07-27 01:37:09,085 [INFO] BlockDiagram:2759 - set Specific Code input for plugin: TIM1_8F1
2023-07-27 01:37:09,085 [INFO] BlockDiagram:2759 - set Specific Code input for plugin: USB_DEVICE
2023-07-27 01:37:09,085 [INFO] BlockDiagram:2759 - set Specific Code input for plugin: USB
2023-07-27 01:37:09,085 [INFO] BlockDiagram:2759 - set Specific Code input for plugin: SYS
2023-07-27 01:37:09,085 [INFO] BlockDiagram:2759 - set Specific Code input for plugin: GPIO
2023-07-27 01:37:09,085 [INFO] BlockDiagram:2759 - set Specific Code input for plugin: RCC
2023-07-27 01:37:09,087 [INFO] CodeGenerator:799 - code generatio: config db path: C:\ST\STM32CubeIDE_1.12.1\STM32CubeIDE\plugins\com.st.stm32cube.common.mx_6.9.0.202307051724\\db\
2023-07-27 01:37:09,102 [INFO] Argument:319 - Argument : DMAxvalue: DMA1
2023-07-27 01:37:09,103 [INFO] Argument:329 - Argument : DMAxvalue: DMA1
2023-07-27 01:37:09,103 [INFO] Argument:319 - Argument : Channelvalue: LL_DMA_CHANNEL_3
2023-07-27 01:37:09,103 [INFO] Argument:329 - Argument : Channelvalue: LL_DMA_CHANNEL_3
2023-07-27 01:37:09,103 [INFO] Argument:319 - Argument : Directionvalue: LL_DMA_DIRECTION_MEMORY_TO_PERIPH
2023-07-27 01:37:09,103 [INFO] Argument:329 - Argument : Directionvalue: LL_DMA_DIRECTION_MEMORY_TO_PERIPH
2023-07-27 01:37:09,103 [INFO] Argument:319 - Argument : DMAxvalue: DMA1
2023-07-27 01:37:09,103 [INFO] Argument:329 - Argument : DMAxvalue: DMA1
2023-07-27 01:37:09,103 [INFO] Argument:319 - Argument : Channelvalue: LL_DMA_CHANNEL_3
2023-07-27 01:37:09,103 [INFO] Argument:329 - Argument : Channelvalue: LL_DMA_CHANNEL_3
2023-07-27 01:37:09,104 [INFO] Argument:319 - Argument : Priorityvalue: LL_DMA_PRIORITY_LOW
2023-07-27 01:37:09,104 [INFO] Argument:329 - Argument : Priorityvalue: LL_DMA_PRIORITY_LOW
2023-07-27 01:37:09,104 [INFO] Argument:319 - Argument : DMAxvalue: DMA1
2023-07-27 01:37:09,104 [INFO] Argument:329 - Argument : DMAxvalue: DMA1
2023-07-27 01:37:09,104 [INFO] Argument:319 - Argument : Channelvalue: LL_DMA_CHANNEL_3
2023-07-27 01:37:09,104 [INFO] Argument:329 - Argument : Channelvalue: LL_DMA_CHANNEL_3
2023-07-27 01:37:09,104 [INFO] Argument:319 - Argument : Modevalue: LL_DMA_MODE_NORMAL
2023-07-27 01:37:09,104 [INFO] Argument:329 - Argument : Modevalue: LL_DMA_MODE_NORMAL
2023-07-27 01:37:09,104 [INFO] Argument:319 - Argument : DMAxvalue: DMA1
2023-07-27 01:37:09,104 [INFO] Argument:329 - Argument : DMAxvalue: DMA1
2023-07-27 01:37:09,104 [INFO] Argument:319 - Argument : Channelvalue: LL_DMA_CHANNEL_3
2023-07-27 01:37:09,105 [INFO] Argument:329 - Argument : Channelvalue: LL_DMA_CHANNEL_3
2023-07-27 01:37:09,105 [INFO] Argument:319 - Argument : PeriphOrM2MSrcIncModevalue: LL_DMA_PERIPH_NOINCREMENT
2023-07-27 01:37:09,105 [INFO] Argument:329 - Argument : PeriphOrM2MSrcIncModevalue: LL_DMA_PERIPH_NOINCREMENT
2023-07-27 01:37:09,105 [INFO] Argument:319 - Argument : DMAxvalue: DMA1
2023-07-27 01:37:09,105 [INFO] Argument:329 - Argument : DMAxvalue: DMA1
2023-07-27 01:37:09,105 [INFO] Argument:319 - Argument : Channelvalue: LL_DMA_CHANNEL_3
2023-07-27 01:37:09,105 [INFO] Argument:329 - Argument : Channelvalue: LL_DMA_CHANNEL_3
2023-07-27 01:37:09,105 [INFO] Argument:319 - Argument : MemoryOrM2MDstIncModevalue: LL_DMA_MEMORY_INCREMENT
2023-07-27 01:37:09,105 [INFO] Argument:329 - Argument : MemoryOrM2MDstIncModevalue: LL_DMA_MEMORY_INCREMENT
2023-07-27 01:37:09,105 [INFO] Argument:319 - Argument : DMAxvalue: DMA1
2023-07-27 01:37:09,106 [INFO] Argument:329 - Argument : DMAxvalue: DMA1
2023-07-27 01:37:09,106 [INFO] Argument:319 - Argument : Channelvalue: LL_DMA_CHANNEL_3
2023-07-27 01:37:09,106 [INFO] Argument:329 - Argument : Channelvalue: LL_DMA_CHANNEL_3
2023-07-27 01:37:09,106 [INFO] Argument:319 - Argument : PeriphOrM2MSrcDataSizevalue: LL_DMA_PDATAALIGN_HALFWORD
2023-07-27 01:37:09,106 [INFO] Argument:329 - Argument : PeriphOrM2MSrcDataSizevalue: LL_DMA_PDATAALIGN_HALFWORD
2023-07-27 01:37:09,106 [INFO] Argument:319 - Argument : DMAxvalue: DMA1
2023-07-27 01:37:09,106 [INFO] Argument:329 - Argument : DMAxvalue: DMA1
2023-07-27 01:37:09,106 [INFO] Argument:319 - Argument : Channelvalue: LL_DMA_CHANNEL_3
2023-07-27 01:37:09,106 [INFO] Argument:329 - Argument : Channelvalue: LL_DMA_CHANNEL_3
2023-07-27 01:37:09,106 [INFO] Argument:319 - Argument : MemoryOrM2MDstDataSizevalue: LL_DMA_MDATAALIGN_HALFWORD
2023-07-27 01:37:09,106 [INFO] Argument:329 - Argument : MemoryOrM2MDstDataSizevalue: LL_DMA_MDATAALIGN_HALFWORD
2023-07-27 01:37:09,390 [INFO] CodeEngine:255 - oldGeneratedFile, C:\Users\inflamer\STM32CubeIDE\aquapark\application\MXTmpFiles\license.tmp_save
2023-07-27 01:37:09,518 [INFO] CodeEngine:279 - Generated code: C:\Users\inflamer\STM32CubeIDE\aquapark\application\MXTmpFiles\license.tmp
2023-07-27 01:37:09,646 [INFO] CodeEngine:255 - oldGeneratedFile, C:\Users\inflamer\STM32CubeIDE\aquapark\application\MXTmpFiles\gpio.tmp_save
2023-07-27 01:37:09,774 [INFO] CodeEngine:279 - Generated code: C:\Users\inflamer\STM32CubeIDE\aquapark\application\MXTmpFiles\gpio.tmp
2023-07-27 01:37:09,889 [INFO] CodeEngine:255 - oldGeneratedFile, C:\Users\inflamer\STM32CubeIDE\aquapark\application\MXTmpFiles\usb_vars.tmp_save
2023-07-27 01:37:10,005 [INFO] CodeEngine:279 - Generated code: C:\Users\inflamer\STM32CubeIDE\aquapark\application\MXTmpFiles\usb_vars.tmp
2023-07-27 01:37:10,013 [INFO] CodeEngine:255 - oldGeneratedFile, C:\Users\inflamer\STM32CubeIDE\aquapark\application\MXTmpFiles\usb_inc.tmp_save
2023-07-27 01:37:10,127 [INFO] CodeEngine:279 - Generated code: C:\Users\inflamer\STM32CubeIDE\aquapark\application\MXTmpFiles\usb_inc.tmp
2023-07-27 01:37:10,134 [INFO] CodeEngine:255 - oldGeneratedFile, C:\Users\inflamer\STM32CubeIDE\aquapark\application\MXTmpFiles\usb_HalInit.tmp_save
2023-07-27 01:37:10,261 [INFO] CodeEngine:279 - Generated code: C:\Users\inflamer\STM32CubeIDE\aquapark\application\MXTmpFiles\usb_HalInit.tmp
2023-07-27 01:37:10,269 [INFO] CodeEngine:255 - oldGeneratedFile, C:\Users\inflamer\STM32CubeIDE\aquapark\application\MXTmpFiles\usb_Msp.tmp_save
2023-07-27 01:37:10,407 [INFO] CodeEngine:279 - Generated code: C:\Users\inflamer\STM32CubeIDE\aquapark\application\MXTmpFiles\usb_Msp.tmp
2023-07-27 01:37:10,894 [INFO] Middleware:1439 - No code input for Bsp Dependency
2023-07-27 01:37:10,950 [INFO] CodeEngine:255 - oldGeneratedFile, C:\Users\inflamer\STM32CubeIDE\aquapark\application\MXTmpFiles\dma.tmp_save
2023-07-27 01:37:11,075 [INFO] CodeEngine:279 - Generated code: C:\Users\inflamer\STM32CubeIDE\aquapark\application\MXTmpFiles\dma.tmp
2023-07-27 01:37:11,084 [INFO] CodeEngine:255 - oldGeneratedFile, C:\Users\inflamer\STM32CubeIDE\aquapark\application\MXTmpFiles\dma_GV.tmp_save
2023-07-27 01:37:11,198 [INFO] CodeEngine:279 - Generated code: C:\Users\inflamer\STM32CubeIDE\aquapark\application\MXTmpFiles\dma_GV.tmp
2023-07-27 01:37:11,218 [INFO] Middleware:1439 - No code input for Bsp Dependency
2023-07-27 01:37:11,243 [INFO] CodeEngine:255 - oldGeneratedFile, C:\Users\inflamer\STM32CubeIDE\aquapark\application\USB_DEVICE\App\usb_device.c_save
2023-07-27 01:37:11,383 [INFO] CodeEngine:279 - Generated code: C:\Users\inflamer\STM32CubeIDE\aquapark\application\USB_DEVICE\App\usb_device.c
2023-07-27 01:37:11,396 [INFO] CodeEngine:255 - oldGeneratedFile, C:\Users\inflamer\STM32CubeIDE\aquapark\application\USB_DEVICE\App\usb_device.h_save
2023-07-27 01:37:11,528 [INFO] CodeEngine:279 - Generated code: C:\Users\inflamer\STM32CubeIDE\aquapark\application\USB_DEVICE\App\usb_device.h
2023-07-27 01:37:11,541 [INFO] CodeEngine:255 - oldGeneratedFile, C:\Users\inflamer\STM32CubeIDE\aquapark\application\USB_DEVICE\Target\usbd_conf.h_save
2023-07-27 01:37:11,701 [INFO] CodeEngine:279 - Generated code: C:\Users\inflamer\STM32CubeIDE\aquapark\application\USB_DEVICE\Target\usbd_conf.h
2023-07-27 01:37:11,730 [INFO] CodeEngine:255 - oldGeneratedFile, C:\Users\inflamer\STM32CubeIDE\aquapark\application\USB_DEVICE\Target\usbd_conf.c_save
2023-07-27 01:37:11,949 [INFO] CodeEngine:279 - Generated code: C:\Users\inflamer\STM32CubeIDE\aquapark\application\USB_DEVICE\Target\usbd_conf.c
2023-07-27 01:37:11,963 [INFO] CodeEngine:255 - oldGeneratedFile, C:\Users\inflamer\STM32CubeIDE\aquapark\application\USB_DEVICE\App\usbd_desc.h_save
2023-07-27 01:37:12,085 [INFO] CodeEngine:279 - Generated code: C:\Users\inflamer\STM32CubeIDE\aquapark\application\USB_DEVICE\App\usbd_desc.h
2023-07-27 01:37:12,098 [INFO] CodeEngine:255 - oldGeneratedFile, C:\Users\inflamer\STM32CubeIDE\aquapark\application\USB_DEVICE\App\usbd_desc.c_save
2023-07-27 01:37:12,231 [INFO] CodeEngine:279 - Generated code: C:\Users\inflamer\STM32CubeIDE\aquapark\application\USB_DEVICE\App\usbd_desc.c
2023-07-27 01:37:12,243 [INFO] CodeEngine:255 - oldGeneratedFile, C:\Users\inflamer\STM32CubeIDE\aquapark\application\USB_DEVICE\App\usbd_storage_if.h_save
2023-07-27 01:37:12,359 [INFO] CodeEngine:279 - Generated code: C:\Users\inflamer\STM32CubeIDE\aquapark\application\USB_DEVICE\App\usbd_storage_if.h
2023-07-27 01:37:12,372 [INFO] CodeEngine:255 - oldGeneratedFile, C:\Users\inflamer\STM32CubeIDE\aquapark\application\USB_DEVICE\App\usbd_storage_if.c_save
2023-07-27 01:37:12,496 [INFO] CodeEngine:279 - Generated code: C:\Users\inflamer\STM32CubeIDE\aquapark\application\USB_DEVICE\App\usbd_storage_if.c
2023-07-27 01:37:12,524 [INFO] CodeEngine:255 - oldGeneratedFile, C:\Users\inflamer\STM32CubeIDE\aquapark\application\Core\Src\stm32f1xx_it.c_save
2023-07-27 01:37:12,679 [INFO] CodeEngine:279 - Generated code: C:\Users\inflamer\STM32CubeIDE\aquapark\application\Core\Src\stm32f1xx_it.c
2023-07-27 01:37:12,693 [INFO] CodeEngine:255 - oldGeneratedFile, C:\Users\inflamer\STM32CubeIDE\aquapark\application\Core\Inc\stm32f1xx_it.h_save
2023-07-27 01:37:12,820 [INFO] CodeEngine:279 - Generated code: C:\Users\inflamer\STM32CubeIDE\aquapark\application\Core\Inc\stm32f1xx_it.h
2023-07-27 01:37:12,854 [INFO] CodeEngine:255 - oldGeneratedFile, C:\Users\inflamer\STM32CubeIDE\aquapark\application\Core\Src\stm32f1xx_hal_msp.c_save
2023-07-27 01:37:13,020 [INFO] CodeEngine:279 - Generated code: C:\Users\inflamer\STM32CubeIDE\aquapark\application\Core\Src\stm32f1xx_hal_msp.c
2023-07-27 01:37:13,030 [INFO] CodeEngine:255 - oldGeneratedFile, C:\Users\inflamer\STM32CubeIDE\aquapark\application\MXTmpFiles\system.tmp_save
2023-07-27 01:37:13,145 [INFO] CodeEngine:279 - Generated code: C:\Users\inflamer\STM32CubeIDE\aquapark\application\MXTmpFiles\system.tmp
2023-07-27 01:37:13,156 [INFO] CodeEngine:255 - oldGeneratedFile, C:\Users\inflamer\STM32CubeIDE\aquapark\application\Core\Inc\stm32_assert.h_save
2023-07-27 01:37:13,276 [INFO] CodeEngine:279 - Generated code: C:\Users\inflamer\STM32CubeIDE\aquapark\application\Core\Inc\stm32_assert.h
2023-07-27 01:37:13,299 [INFO] CodeEngine:311 - oldGeneratedFile, C:\Users\inflamer\STM32CubeIDE\aquapark\application\Core\Inc\stm32f1xx_hal_conf.h_save
2023-07-27 01:37:13,432 [INFO] CodeEngine:335 - Generated code: C:\Users\inflamer\STM32CubeIDE\aquapark\application\Core\Inc\stm32f1xx_hal_conf.h
2023-07-27 01:37:13,458 [WARN] IPConfigManager:2937 - Warning: the RefConfig RCC_ClockConfig is not available in your config.xml file
2023-07-27 01:37:13,458 [WARN] IPConfigManager:2937 - Warning: the RefConfig RCC_MCOConfig is not available in your config.xml file
2023-07-27 01:37:13,458 [WARN] IPConfigManager:2937 - Warning: the RefConfig RCC_interrupt_Time_SYSTICK_Config is not available in your config.xml file
2023-07-27 01:37:13,458 [WARN] IPConfigManager:2937 - Warning: the RefConfig RCC_SYSTICK_CONFIG is not available in your config.xml file
2023-07-27 01:37:13,473 [WARN] IPConfigManager:3431 - IP not found : TIM
2023-07-27 01:37:13,475 [WARN] CodeGenerator:3760 - IP not found : null
2023-07-27 01:37:13,493 [INFO] CodeEngine:255 - oldGeneratedFile, C:\Users\inflamer\STM32CubeIDE\aquapark\application\Core\Inc\main.h_save
2023-07-27 01:37:13,618 [INFO] CodeEngine:279 - Generated code: C:\Users\inflamer\STM32CubeIDE\aquapark\application\Core\Inc\main.h
2023-07-27 01:37:13,632 [INFO] CodeEngine:255 - oldGeneratedFile, C:\Users\inflamer\STM32CubeIDE\aquapark\application\Core\Src\main.c_save
2023-07-27 01:37:13,829 [INFO] CodeEngine:279 - Generated code: C:\Users\inflamer\STM32CubeIDE\aquapark\application\Core\Src\main.c
2023-07-27 01:37:15,071 [INFO] ProjectBuilder:3064 - Time for Copy HAL[1] : 446mS.
2023-07-27 01:37:15,087 [INFO] ProjectBuilder:4404 - Project Generator version: 4.1.0
2023-07-27 01:37:15,465 [INFO] ConfigFileManager:1457 - The Die is : DIE414
2023-07-27 01:37:18,900 [INFO] ProjectBuilder:4626 - Time for Generating toolchain IDE Files: 3813mS.
2023-07-27 01:37:18,902 [INFO] ProjectBuilder:2935 - Time for Copy CMSIS : 1mS.
2023-07-27 01:37:18,915 [INFO] ProjectBuilder:2935 - Time for Copy CMSIS : 0mS.
2023-07-27 01:48:50,886 [INFO] NvicIntPanel:101 - NVIC parent = com.st.microxplorer.plugins.ip.nvic.MultiNvicIntPanel[,0,0,0x0,invalid,layout=javax.swing.BoxLayout,alignmentX=0.0,alignmentY=0.0,border=,flags=9,maximumSize=,minimumSize=,preferredSize=]
2023-07-27 01:48:54,695 [INFO] UtilMem:75 - End SaveConfig() Used Memory: 397955520 Bytes (1038090240)
2023-07-27 01:48:57,088 [INFO] UtilMem:75 - End SaveConfig() Used Memory: 280899072 Bytes (1038090240)
2023-07-27 01:48:59,894 [INFO] UtilMem:75 - End SaveConfig() Used Memory: 363736576 Bytes (1038090240)
2023-07-27 01:49:00,418 [INFO] BlockDiagram:2759 - set Specific Code input for plugin: SPI
2023-07-27 01:49:00,418 [INFO] BlockDiagram:2759 - set Specific Code input for plugin: NVIC
2023-07-27 01:49:00,418 [INFO] BlockDiagram:2759 - set Specific Code input for plugin: DMA
2023-07-27 01:49:00,418 [INFO] BlockDiagram:2759 - set Specific Code input for plugin: TIM1_8F1
2023-07-27 01:49:00,419 [INFO] BlockDiagram:2759 - set Specific Code input for plugin: USB_DEVICE
2023-07-27 01:49:00,419 [INFO] BlockDiagram:2759 - set Specific Code input for plugin: USB
2023-07-27 01:49:00,419 [INFO] BlockDiagram:2759 - set Specific Code input for plugin: SYS
2023-07-27 01:49:00,419 [INFO] BlockDiagram:2759 - set Specific Code input for plugin: GPIO
2023-07-27 01:49:00,419 [INFO] BlockDiagram:2759 - set Specific Code input for plugin: RCC
2023-07-27 01:49:00,421 [INFO] CodeGenerator:799 - code generatio: config db path: C:\ST\STM32CubeIDE_1.12.1\STM32CubeIDE\plugins\com.st.stm32cube.common.mx_6.9.0.202307051724\\db\
2023-07-27 01:49:00,435 [INFO] Argument:319 - Argument : DMAxvalue: DMA1
2023-07-27 01:49:00,435 [INFO] Argument:329 - Argument : DMAxvalue: DMA1
2023-07-27 01:49:00,435 [INFO] Argument:319 - Argument : Channelvalue: LL_DMA_CHANNEL_3
2023-07-27 01:49:00,436 [INFO] Argument:329 - Argument : Channelvalue: LL_DMA_CHANNEL_3
2023-07-27 01:49:00,436 [INFO] Argument:319 - Argument : Directionvalue: LL_DMA_DIRECTION_MEMORY_TO_PERIPH
2023-07-27 01:49:00,436 [INFO] Argument:329 - Argument : Directionvalue: LL_DMA_DIRECTION_MEMORY_TO_PERIPH
2023-07-27 01:49:00,436 [INFO] Argument:319 - Argument : DMAxvalue: DMA1
2023-07-27 01:49:00,436 [INFO] Argument:329 - Argument : DMAxvalue: DMA1
2023-07-27 01:49:00,436 [INFO] Argument:319 - Argument : Channelvalue: LL_DMA_CHANNEL_3
2023-07-27 01:49:00,436 [INFO] Argument:329 - Argument : Channelvalue: LL_DMA_CHANNEL_3
2023-07-27 01:49:00,436 [INFO] Argument:319 - Argument : Priorityvalue: LL_DMA_PRIORITY_LOW
2023-07-27 01:49:00,436 [INFO] Argument:329 - Argument : Priorityvalue: LL_DMA_PRIORITY_LOW
2023-07-27 01:49:00,436 [INFO] Argument:319 - Argument : DMAxvalue: DMA1
2023-07-27 01:49:00,436 [INFO] Argument:329 - Argument : DMAxvalue: DMA1
2023-07-27 01:49:00,437 [INFO] Argument:319 - Argument : Channelvalue: LL_DMA_CHANNEL_3
2023-07-27 01:49:00,437 [INFO] Argument:329 - Argument : Channelvalue: LL_DMA_CHANNEL_3
2023-07-27 01:49:00,437 [INFO] Argument:319 - Argument : Modevalue: LL_DMA_MODE_NORMAL
2023-07-27 01:49:00,437 [INFO] Argument:329 - Argument : Modevalue: LL_DMA_MODE_NORMAL
2023-07-27 01:49:00,437 [INFO] Argument:319 - Argument : DMAxvalue: DMA1
2023-07-27 01:49:00,437 [INFO] Argument:329 - Argument : DMAxvalue: DMA1
2023-07-27 01:49:00,437 [INFO] Argument:319 - Argument : Channelvalue: LL_DMA_CHANNEL_3
2023-07-27 01:49:00,437 [INFO] Argument:329 - Argument : Channelvalue: LL_DMA_CHANNEL_3
2023-07-27 01:49:00,437 [INFO] Argument:319 - Argument : PeriphOrM2MSrcIncModevalue: LL_DMA_PERIPH_NOINCREMENT
2023-07-27 01:49:00,437 [INFO] Argument:329 - Argument : PeriphOrM2MSrcIncModevalue: LL_DMA_PERIPH_NOINCREMENT
2023-07-27 01:49:00,437 [INFO] Argument:319 - Argument : DMAxvalue: DMA1
2023-07-27 01:49:00,437 [INFO] Argument:329 - Argument : DMAxvalue: DMA1
2023-07-27 01:49:00,438 [INFO] Argument:319 - Argument : Channelvalue: LL_DMA_CHANNEL_3
2023-07-27 01:49:00,438 [INFO] Argument:329 - Argument : Channelvalue: LL_DMA_CHANNEL_3
2023-07-27 01:49:00,438 [INFO] Argument:319 - Argument : MemoryOrM2MDstIncModevalue: LL_DMA_MEMORY_INCREMENT
2023-07-27 01:49:00,438 [INFO] Argument:329 - Argument : MemoryOrM2MDstIncModevalue: LL_DMA_MEMORY_INCREMENT
2023-07-27 01:49:00,438 [INFO] Argument:319 - Argument : DMAxvalue: DMA1
2023-07-27 01:49:00,438 [INFO] Argument:329 - Argument : DMAxvalue: DMA1
2023-07-27 01:49:00,438 [INFO] Argument:319 - Argument : Channelvalue: LL_DMA_CHANNEL_3
2023-07-27 01:49:00,438 [INFO] Argument:329 - Argument : Channelvalue: LL_DMA_CHANNEL_3
2023-07-27 01:49:00,438 [INFO] Argument:319 - Argument : PeriphOrM2MSrcDataSizevalue: LL_DMA_PDATAALIGN_HALFWORD
2023-07-27 01:49:00,438 [INFO] Argument:329 - Argument : PeriphOrM2MSrcDataSizevalue: LL_DMA_PDATAALIGN_HALFWORD
2023-07-27 01:49:00,439 [INFO] Argument:319 - Argument : DMAxvalue: DMA1
2023-07-27 01:49:00,439 [INFO] Argument:329 - Argument : DMAxvalue: DMA1
2023-07-27 01:49:00,439 [INFO] Argument:319 - Argument : Channelvalue: LL_DMA_CHANNEL_3
2023-07-27 01:49:00,439 [INFO] Argument:329 - Argument : Channelvalue: LL_DMA_CHANNEL_3
2023-07-27 01:49:00,439 [INFO] Argument:319 - Argument : MemoryOrM2MDstDataSizevalue: LL_DMA_MDATAALIGN_HALFWORD
2023-07-27 01:49:00,439 [INFO] Argument:329 - Argument : MemoryOrM2MDstDataSizevalue: LL_DMA_MDATAALIGN_HALFWORD
2023-07-27 01:49:00,706 [INFO] CodeEngine:255 - oldGeneratedFile, C:\Users\inflamer\STM32CubeIDE\aquapark\application\MXTmpFiles\license.tmp_save
2023-07-27 01:49:00,826 [INFO] CodeEngine:279 - Generated code: C:\Users\inflamer\STM32CubeIDE\aquapark\application\MXTmpFiles\license.tmp
2023-07-27 01:49:01,007 [INFO] CodeEngine:255 - oldGeneratedFile, C:\Users\inflamer\STM32CubeIDE\aquapark\application\MXTmpFiles\gpio.tmp_save
2023-07-27 01:49:01,139 [INFO] CodeEngine:279 - Generated code: C:\Users\inflamer\STM32CubeIDE\aquapark\application\MXTmpFiles\gpio.tmp
2023-07-27 01:49:01,250 [INFO] CodeEngine:255 - oldGeneratedFile, C:\Users\inflamer\STM32CubeIDE\aquapark\application\MXTmpFiles\usb_vars.tmp_save
2023-07-27 01:49:01,362 [INFO] CodeEngine:279 - Generated code: C:\Users\inflamer\STM32CubeIDE\aquapark\application\MXTmpFiles\usb_vars.tmp
2023-07-27 01:49:01,370 [INFO] CodeEngine:255 - oldGeneratedFile, C:\Users\inflamer\STM32CubeIDE\aquapark\application\MXTmpFiles\usb_inc.tmp_save
2023-07-27 01:49:01,483 [INFO] CodeEngine:279 - Generated code: C:\Users\inflamer\STM32CubeIDE\aquapark\application\MXTmpFiles\usb_inc.tmp
2023-07-27 01:49:01,491 [INFO] CodeEngine:255 - oldGeneratedFile, C:\Users\inflamer\STM32CubeIDE\aquapark\application\MXTmpFiles\usb_HalInit.tmp_save
2023-07-27 01:49:01,620 [INFO] CodeEngine:279 - Generated code: C:\Users\inflamer\STM32CubeIDE\aquapark\application\MXTmpFiles\usb_HalInit.tmp
2023-07-27 01:49:01,628 [INFO] CodeEngine:255 - oldGeneratedFile, C:\Users\inflamer\STM32CubeIDE\aquapark\application\MXTmpFiles\usb_Msp.tmp_save
2023-07-27 01:49:01,768 [INFO] CodeEngine:279 - Generated code: C:\Users\inflamer\STM32CubeIDE\aquapark\application\MXTmpFiles\usb_Msp.tmp
2023-07-27 01:49:02,053 [INFO] Middleware:1439 - No code input for Bsp Dependency
2023-07-27 01:49:02,093 [INFO] CodeEngine:255 - oldGeneratedFile, C:\Users\inflamer\STM32CubeIDE\aquapark\application\MXTmpFiles\dma.tmp_save
2023-07-27 01:49:02,209 [INFO] CodeEngine:279 - Generated code: C:\Users\inflamer\STM32CubeIDE\aquapark\application\MXTmpFiles\dma.tmp
2023-07-27 01:49:02,222 [INFO] CodeEngine:255 - oldGeneratedFile, C:\Users\inflamer\STM32CubeIDE\aquapark\application\MXTmpFiles\dma_GV.tmp_save
2023-07-27 01:49:02,333 [INFO] CodeEngine:279 - Generated code: C:\Users\inflamer\STM32CubeIDE\aquapark\application\MXTmpFiles\dma_GV.tmp
2023-07-27 01:49:02,349 [INFO] Middleware:1439 - No code input for Bsp Dependency
2023-07-27 01:49:02,368 [INFO] CodeEngine:255 - oldGeneratedFile, C:\Users\inflamer\STM32CubeIDE\aquapark\application\USB_DEVICE\App\usb_device.c_save
2023-07-27 01:49:02,500 [INFO] CodeEngine:279 - Generated code: C:\Users\inflamer\STM32CubeIDE\aquapark\application\USB_DEVICE\App\usb_device.c
2023-07-27 01:49:02,511 [INFO] CodeEngine:255 - oldGeneratedFile, C:\Users\inflamer\STM32CubeIDE\aquapark\application\USB_DEVICE\App\usb_device.h_save
2023-07-27 01:49:02,629 [INFO] CodeEngine:279 - Generated code: C:\Users\inflamer\STM32CubeIDE\aquapark\application\USB_DEVICE\App\usb_device.h
2023-07-27 01:49:02,640 [INFO] CodeEngine:255 - oldGeneratedFile, C:\Users\inflamer\STM32CubeIDE\aquapark\application\USB_DEVICE\Target\usbd_conf.h_save
2023-07-27 01:49:02,758 [INFO] CodeEngine:279 - Generated code: C:\Users\inflamer\STM32CubeIDE\aquapark\application\USB_DEVICE\Target\usbd_conf.h
2023-07-27 01:49:02,772 [INFO] CodeEngine:255 - oldGeneratedFile, C:\Users\inflamer\STM32CubeIDE\aquapark\application\USB_DEVICE\Target\usbd_conf.c_save
2023-07-27 01:49:02,912 [INFO] CodeEngine:279 - Generated code: C:\Users\inflamer\STM32CubeIDE\aquapark\application\USB_DEVICE\Target\usbd_conf.c
2023-07-27 01:49:02,926 [INFO] CodeEngine:255 - oldGeneratedFile, C:\Users\inflamer\STM32CubeIDE\aquapark\application\USB_DEVICE\App\usbd_desc.h_save
2023-07-27 01:49:03,044 [INFO] CodeEngine:279 - Generated code: C:\Users\inflamer\STM32CubeIDE\aquapark\application\USB_DEVICE\App\usbd_desc.h
2023-07-27 01:49:03,057 [INFO] CodeEngine:255 - oldGeneratedFile, C:\Users\inflamer\STM32CubeIDE\aquapark\application\USB_DEVICE\App\usbd_desc.c_save
2023-07-27 01:49:03,191 [INFO] CodeEngine:279 - Generated code: C:\Users\inflamer\STM32CubeIDE\aquapark\application\USB_DEVICE\App\usbd_desc.c
2023-07-27 01:49:03,204 [INFO] CodeEngine:255 - oldGeneratedFile, C:\Users\inflamer\STM32CubeIDE\aquapark\application\USB_DEVICE\App\usbd_storage_if.h_save
2023-07-27 01:49:03,324 [INFO] CodeEngine:279 - Generated code: C:\Users\inflamer\STM32CubeIDE\aquapark\application\USB_DEVICE\App\usbd_storage_if.h
2023-07-27 01:49:03,336 [INFO] CodeEngine:255 - oldGeneratedFile, C:\Users\inflamer\STM32CubeIDE\aquapark\application\USB_DEVICE\App\usbd_storage_if.c_save
2023-07-27 01:49:03,459 [INFO] CodeEngine:279 - Generated code: C:\Users\inflamer\STM32CubeIDE\aquapark\application\USB_DEVICE\App\usbd_storage_if.c
2023-07-27 01:49:03,486 [INFO] CodeEngine:255 - oldGeneratedFile, C:\Users\inflamer\STM32CubeIDE\aquapark\application\Core\Src\stm32f1xx_it.c_save
2023-07-27 01:49:03,638 [INFO] CodeEngine:279 - Generated code: C:\Users\inflamer\STM32CubeIDE\aquapark\application\Core\Src\stm32f1xx_it.c
2023-07-27 01:49:03,650 [INFO] CodeEngine:255 - oldGeneratedFile, C:\Users\inflamer\STM32CubeIDE\aquapark\application\Core\Inc\stm32f1xx_it.h_save
2023-07-27 01:49:03,766 [INFO] CodeEngine:279 - Generated code: C:\Users\inflamer\STM32CubeIDE\aquapark\application\Core\Inc\stm32f1xx_it.h
2023-07-27 01:49:03,793 [INFO] CodeEngine:255 - oldGeneratedFile, C:\Users\inflamer\STM32CubeIDE\aquapark\application\Core\Src\stm32f1xx_hal_msp.c_save
2023-07-27 01:49:03,951 [INFO] CodeEngine:279 - Generated code: C:\Users\inflamer\STM32CubeIDE\aquapark\application\Core\Src\stm32f1xx_hal_msp.c
2023-07-27 01:49:03,960 [INFO] CodeEngine:255 - oldGeneratedFile, C:\Users\inflamer\STM32CubeIDE\aquapark\application\MXTmpFiles\system.tmp_save
2023-07-27 01:49:04,101 [INFO] CodeEngine:279 - Generated code: C:\Users\inflamer\STM32CubeIDE\aquapark\application\MXTmpFiles\system.tmp
2023-07-27 01:49:04,111 [INFO] CodeEngine:255 - oldGeneratedFile, C:\Users\inflamer\STM32CubeIDE\aquapark\application\Core\Inc\stm32_assert.h_save
2023-07-27 01:49:04,228 [INFO] CodeEngine:279 - Generated code: C:\Users\inflamer\STM32CubeIDE\aquapark\application\Core\Inc\stm32_assert.h
2023-07-27 01:49:04,263 [INFO] CodeEngine:311 - oldGeneratedFile, C:\Users\inflamer\STM32CubeIDE\aquapark\application\Core\Inc\stm32f1xx_hal_conf.h_save
2023-07-27 01:49:04,391 [INFO] CodeEngine:335 - Generated code: C:\Users\inflamer\STM32CubeIDE\aquapark\application\Core\Inc\stm32f1xx_hal_conf.h
2023-07-27 01:49:04,414 [WARN] IPConfigManager:2937 - Warning: the RefConfig RCC_ClockConfig is not available in your config.xml file
2023-07-27 01:49:04,415 [WARN] IPConfigManager:2937 - Warning: the RefConfig RCC_MCOConfig is not available in your config.xml file
2023-07-27 01:49:04,415 [WARN] IPConfigManager:2937 - Warning: the RefConfig RCC_interrupt_Time_SYSTICK_Config is not available in your config.xml file
2023-07-27 01:49:04,415 [WARN] IPConfigManager:2937 - Warning: the RefConfig RCC_SYSTICK_CONFIG is not available in your config.xml file
2023-07-27 01:49:04,427 [WARN] IPConfigManager:3431 - IP not found : TIM
2023-07-27 01:49:04,429 [WARN] CodeGenerator:3760 - IP not found : null
2023-07-27 01:49:04,447 [INFO] CodeEngine:255 - oldGeneratedFile, C:\Users\inflamer\STM32CubeIDE\aquapark\application\Core\Inc\main.h_save
2023-07-27 01:49:04,671 [INFO] CodeEngine:279 - Generated code: C:\Users\inflamer\STM32CubeIDE\aquapark\application\Core\Inc\main.h
2023-07-27 01:49:04,685 [INFO] CodeEngine:255 - oldGeneratedFile, C:\Users\inflamer\STM32CubeIDE\aquapark\application\Core\Src\main.c_save
2023-07-27 01:49:04,943 [INFO] CodeEngine:279 - Generated code: C:\Users\inflamer\STM32CubeIDE\aquapark\application\Core\Src\main.c
2023-07-27 01:49:06,186 [INFO] ProjectBuilder:3064 - Time for Copy HAL[1] : 457mS.
2023-07-27 01:49:06,202 [INFO] ProjectBuilder:4404 - Project Generator version: 4.1.0
2023-07-27 01:49:06,592 [INFO] ConfigFileManager:1457 - The Die is : DIE414
2023-07-27 01:49:09,915 [INFO] ProjectBuilder:4626 - Time for Generating toolchain IDE Files: 3714mS.
2023-07-27 01:49:09,917 [INFO] ProjectBuilder:2935 - Time for Copy CMSIS : 0mS.
2023-07-27 01:49:09,929 [INFO] ProjectBuilder:2935 - Time for Copy CMSIS : 0mS.
2023-07-27 01:54:52,968 [ERROR] LogOutputStream:75 - [STDERR_REDIRECT] 
