2023-07-24 00:00:16,101 [INFO] NvicIntPanel:101 - NVIC parent = com.st.microxplorer.plugins.ip.nvic.MultiNvicIntPanel[,0,0,0x0,invalid,layout=javax.swing.BoxLayout,alignmentX=0.0,alignmentY=0.0,border=,flags=9,maximumSize=,minimumSize=,preferredSize=]
2023-07-24 00:00:19,719 [INFO] UtilMem:75 - End SaveConfig() Used Memory: 896481800 Bytes (1037041664)
2023-07-24 00:00:22,309 [INFO] UtilMem:75 - End SaveConfig() Used Memory: 332471560 Bytes (1037041664)
2023-07-24 00:00:25,163 [INFO] UtilMem:75 - End SaveConfig() Used Memory: 409017608 Bytes (1037041664)
2023-07-24 00:00:25,548 [INFO] BlockDiagram:2759 - set Specific Code input for plugin: SPI
2023-07-24 00:00:25,548 [INFO] BlockDiagram:2759 - set Specific Code input for plugin: NVIC
2023-07-24 00:00:25,549 [INFO] BlockDiagram:2759 - set Specific Code input for plugin: DMA
2023-07-24 00:00:25,549 [INFO] BlockDiagram:2759 - set Specific Code input for plugin: TIM1_8F1
2023-07-24 00:00:25,549 [INFO] BlockDiagram:2759 - set Specific Code input for plugin: SYS
2023-07-24 00:00:25,549 [INFO] BlockDiagram:2759 - set Specific Code input for plugin: GPIO
2023-07-24 00:00:25,549 [INFO] BlockDiagram:2759 - set Specific Code input for plugin: RCC
2023-07-24 00:00:25,551 [INFO] CodeGenerator:799 - code generatio: config db path: C:\ST\STM32CubeIDE_1.12.1\STM32CubeIDE\plugins\com.st.stm32cube.common.mx_6.9.0.202307051724\\db\
2023-07-24 00:00:25,561 [INFO] Argument:319 - Argument : hdmavalue: null
2023-07-24 00:00:25,561 [INFO] Argument:321 - 	 sub Args: 
2023-07-24 00:00:25,561 [INFO] Argument:319 - Argument : Instancevalue: DMA1_Channel3
2023-07-24 00:00:25,561 [INFO] Argument:329 - Argument : Instancevalue: DMA1_Channel3
2023-07-24 00:00:25,561 [INFO] Argument:319 - Argument : Initvalue: null
2023-07-24 00:00:25,561 [INFO] Argument:321 - 	 sub Args: 
2023-07-24 00:00:25,562 [INFO] Argument:319 - Argument : Directionvalue: DMA_MEMORY_TO_PERIPH
2023-07-24 00:00:25,562 [INFO] Argument:329 - Argument : Directionvalue: DMA_MEMORY_TO_PERIPH
2023-07-24 00:00:25,562 [INFO] Argument:319 - Argument : PeriphIncvalue: DMA_PINC_DISABLE
2023-07-24 00:00:25,562 [INFO] Argument:329 - Argument : PeriphIncvalue: DMA_PINC_DISABLE
2023-07-24 00:00:25,562 [INFO] Argument:319 - Argument : MemIncvalue: DMA_MINC_ENABLE
2023-07-24 00:00:25,562 [INFO] Argument:329 - Argument : MemIncvalue: DMA_MINC_ENABLE
2023-07-24 00:00:25,562 [INFO] Argument:319 - Argument : PeriphDataAlignmentvalue: DMA_PDATAALIGN_HALFWORD
2023-07-24 00:00:25,562 [INFO] Argument:329 - Argument : PeriphDataAlignmentvalue: DMA_PDATAALIGN_HALFWORD
2023-07-24 00:00:25,562 [INFO] Argument:319 - Argument : MemDataAlignmentvalue: DMA_MDATAALIGN_HALFWORD
2023-07-24 00:00:25,562 [INFO] Argument:329 - Argument : MemDataAlignmentvalue: DMA_MDATAALIGN_HALFWORD
2023-07-24 00:00:25,562 [INFO] Argument:319 - Argument : Modevalue: DMA_NORMAL
2023-07-24 00:00:25,562 [INFO] Argument:329 - Argument : Modevalue: DMA_NORMAL
2023-07-24 00:00:25,562 [INFO] Argument:319 - Argument : Priorityvalue: DMA_PRIORITY_LOW
2023-07-24 00:00:25,562 [INFO] Argument:329 - Argument : Priorityvalue: DMA_PRIORITY_LOW
2023-07-24 00:00:25,562 [INFO] Argument:319 - Argument : Lockvalue: null
2023-07-24 00:00:25,563 [INFO] Argument:329 - Argument : Lockvalue: null
2023-07-24 00:00:25,563 [INFO] Argument:319 - Argument : Statevalue: null
2023-07-24 00:00:25,563 [INFO] Argument:329 - Argument : Statevalue: null
2023-07-24 00:00:25,563 [INFO] Argument:319 - Argument : Parentvalue: null
2023-07-24 00:00:25,563 [INFO] Argument:329 - Argument : Parentvalue: null
2023-07-24 00:00:25,563 [INFO] Argument:319 - Argument : XferCpltCallbackvalue: null
2023-07-24 00:00:25,563 [INFO] Argument:329 - Argument : XferCpltCallbackvalue: null
2023-07-24 00:00:25,563 [INFO] Argument:319 - Argument : XferHalfCpltCallbackvalue: null
2023-07-24 00:00:25,563 [INFO] Argument:329 - Argument : XferHalfCpltCallbackvalue: null
2023-07-24 00:00:25,563 [INFO] Argument:319 - Argument : XferErrorCallbackvalue: null
2023-07-24 00:00:25,563 [INFO] Argument:329 - Argument : XferErrorCallbackvalue: null
2023-07-24 00:00:25,563 [INFO] Argument:319 - Argument : ErrorCodevalue: null
2023-07-24 00:00:25,563 [INFO] Argument:329 - Argument : ErrorCodevalue: null
2023-07-24 00:00:25,852 [INFO] CodeEngine:255 - oldGeneratedFile, C:\Users\inflamer\STM32CubeIDE\aquapark\application\MXTmpFiles\license.tmp_save
2023-07-24 00:00:26,020 [INFO] CodeEngine:279 - Generated code: C:\Users\inflamer\STM32CubeIDE\aquapark\application\MXTmpFiles\license.tmp
2023-07-24 00:00:26,109 [INFO] CodeEngine:255 - oldGeneratedFile, C:\Users\inflamer\STM32CubeIDE\aquapark\application\MXTmpFiles\gpio.tmp_save
2023-07-24 00:00:26,250 [INFO] CodeEngine:279 - Generated code: C:\Users\inflamer\STM32CubeIDE\aquapark\application\MXTmpFiles\gpio.tmp
2023-07-24 00:00:26,664 [INFO] CodeEngine:255 - oldGeneratedFile, C:\Users\inflamer\STM32CubeIDE\aquapark\application\MXTmpFiles\dma.tmp_save
2023-07-24 00:00:26,787 [INFO] CodeEngine:279 - Generated code: C:\Users\inflamer\STM32CubeIDE\aquapark\application\MXTmpFiles\dma.tmp
2023-07-24 00:00:26,795 [INFO] CodeEngine:255 - oldGeneratedFile, C:\Users\inflamer\STM32CubeIDE\aquapark\application\MXTmpFiles\dma_GV.tmp_save
2023-07-24 00:00:26,909 [INFO] CodeEngine:279 - Generated code: C:\Users\inflamer\STM32CubeIDE\aquapark\application\MXTmpFiles\dma_GV.tmp
2023-07-24 00:00:26,942 [INFO] CodeEngine:255 - oldGeneratedFile, C:\Users\inflamer\STM32CubeIDE\aquapark\application\Core\Src\stm32f1xx_it.c_save
2023-07-24 00:00:27,450 [INFO] CodeEngine:279 - Generated code: C:\Users\inflamer\STM32CubeIDE\aquapark\application\Core\Src\stm32f1xx_it.c
2023-07-24 00:00:27,468 [INFO] CodeEngine:255 - oldGeneratedFile, C:\Users\inflamer\STM32CubeIDE\aquapark\application\Core\Inc\stm32f1xx_it.h_save
2023-07-24 00:00:27,596 [INFO] CodeEngine:279 - Generated code: C:\Users\inflamer\STM32CubeIDE\aquapark\application\Core\Inc\stm32f1xx_it.h
2023-07-24 00:00:27,622 [INFO] CodeEngine:255 - oldGeneratedFile, C:\Users\inflamer\STM32CubeIDE\aquapark\application\MXTmpFiles\system.tmp_save
2023-07-24 00:00:27,761 [INFO] CodeEngine:279 - Generated code: C:\Users\inflamer\STM32CubeIDE\aquapark\application\MXTmpFiles\system.tmp
2023-07-24 00:00:27,779 [INFO] CodeEngine:255 - oldGeneratedFile, C:\Users\inflamer\STM32CubeIDE\aquapark\application\Core\Inc\stm32_assert.h_save
2023-07-24 00:00:27,901 [INFO] CodeEngine:279 - Generated code: C:\Users\inflamer\STM32CubeIDE\aquapark\application\Core\Inc\stm32_assert.h
2023-07-24 00:00:27,915 [WARN] IPConfigManager:2937 - Warning: the RefConfig RCC_ClockConfig is not available in your config.xml file
2023-07-24 00:00:27,915 [WARN] IPConfigManager:2937 - Warning: the RefConfig RCC_MCOConfig is not available in your config.xml file
2023-07-24 00:00:27,915 [WARN] IPConfigManager:2937 - Warning: the RefConfig RCC_interrupt_Time_SYSTICK_Config is not available in your config.xml file
2023-07-24 00:00:27,915 [WARN] IPConfigManager:2937 - Warning: the RefConfig RCC_SYSTICK_CONFIG is not available in your config.xml file
2023-07-24 00:00:27,924 [WARN] IPConfigManager:3431 - IP not found : TIM
2023-07-24 00:00:27,925 [WARN] CodeGenerator:3760 - IP not found : null
2023-07-24 00:00:27,951 [INFO] CodeEngine:255 - oldGeneratedFile, C:\Users\inflamer\STM32CubeIDE\aquapark\application\Core\Inc\main.h_save
2023-07-24 00:00:28,127 [INFO] CodeEngine:279 - Generated code: C:\Users\inflamer\STM32CubeIDE\aquapark\application\Core\Inc\main.h
2023-07-24 00:00:28,153 [INFO] CodeEngine:255 - oldGeneratedFile, C:\Users\inflamer\STM32CubeIDE\aquapark\application\Core\Src\main.c_save
2023-07-24 00:00:28,370 [INFO] CodeEngine:279 - Generated code: C:\Users\inflamer\STM32CubeIDE\aquapark\application\Core\Src\main.c
2023-07-24 00:00:29,818 [INFO] ProjectBuilder:3064 - Time for Copy HAL[1] : 654mS.
2023-07-24 00:00:29,825 [INFO] ProjectBuilder:4404 - Project Generator version: 4.1.0
2023-07-24 00:00:30,232 [INFO] ConfigFileManager:1457 - The Die is : DIE414
2023-07-24 00:00:30,240 [INFO] ApiDbMcu:507 - Load IP Config File for FATFS
2023-07-24 00:00:30,250 [INFO] ApiDbMcu:507 - Load IP Config File for FREERTOS
2023-07-24 00:00:30,259 [INFO] ApiDbMcu:507 - Load IP Config File for USB_DEVICE
2023-07-24 00:00:33,669 [INFO] ProjectBuilder:4626 - Time for Generating toolchain IDE Files: 3844mS.
2023-07-24 00:00:33,670 [INFO] ProjectBuilder:2935 - Time for Copy CMSIS : 1mS.
2023-07-24 00:00:33,677 [INFO] ProjectBuilder:2935 - Time for Copy CMSIS : 1mS.
2023-07-24 00:14:09,354 [INFO] NvicIntPanel:101 - NVIC parent = com.st.microxplorer.plugins.ip.nvic.MultiNvicIntPanel[,0,0,833x164,layout=javax.swing.BoxLayout,alignmentX=0.0,alignmentY=0.0,border=,flags=9,maximumSize=,minimumSize=,preferredSize=]
2023-07-24 00:14:12,205 [INFO] NvicIntPanel:101 - NVIC parent = com.st.microxplorer.plugins.ip.nvic.MultiNvicIntPanel[,0,0,0x0,invalid,layout=javax.swing.BoxLayout,alignmentX=0.0,alignmentY=0.0,border=,flags=9,maximumSize=,minimumSize=,preferredSize=]
2023-07-24 00:15:00,635 [INFO] UtilMem:75 - End SaveConfig() Used Memory: 572320016 Bytes (1073741824)
2023-07-24 00:15:03,289 [INFO] UtilMem:75 - End SaveConfig() Used Memory: 594672448 Bytes (1073741824)
2023-07-24 00:15:08,114 [INFO] UtilMem:75 - End SaveConfig() Used Memory: 670502176 Bytes (1073741824)
2023-07-24 00:15:08,579 [INFO] BlockDiagram:2759 - set Specific Code input for plugin: SPI
2023-07-24 00:15:08,579 [INFO] BlockDiagram:2759 - set Specific Code input for plugin: NVIC
2023-07-24 00:15:08,580 [INFO] BlockDiagram:2759 - set Specific Code input for plugin: DMA
2023-07-24 00:15:08,580 [INFO] BlockDiagram:2759 - set Specific Code input for plugin: TIM1_8F1
2023-07-24 00:15:08,580 [INFO] BlockDiagram:2759 - set Specific Code input for plugin: SYS
2023-07-24 00:15:08,580 [INFO] BlockDiagram:2759 - set Specific Code input for plugin: GPIO
2023-07-24 00:15:08,580 [INFO] BlockDiagram:2759 - set Specific Code input for plugin: RCC
2023-07-24 00:15:08,585 [INFO] CodeGenerator:799 - code generatio: config db path: C:\ST\STM32CubeIDE_1.12.1\STM32CubeIDE\plugins\com.st.stm32cube.common.mx_6.9.0.202307051724\\db\
2023-07-24 00:15:08,596 [INFO] Argument:319 - Argument : DMAxvalue: DMA1
2023-07-24 00:15:08,597 [INFO] Argument:329 - Argument : DMAxvalue: DMA1
2023-07-24 00:15:08,597 [INFO] Argument:319 - Argument : Channelvalue: LL_DMA_CHANNEL_3
2023-07-24 00:15:08,597 [INFO] Argument:329 - Argument : Channelvalue: LL_DMA_CHANNEL_3
2023-07-24 00:15:08,597 [INFO] Argument:319 - Argument : Directionvalue: LL_DMA_DIRECTION_MEMORY_TO_PERIPH
2023-07-24 00:15:08,597 [INFO] Argument:329 - Argument : Directionvalue: LL_DMA_DIRECTION_MEMORY_TO_PERIPH
2023-07-24 00:15:08,597 [INFO] Argument:319 - Argument : DMAxvalue: DMA1
2023-07-24 00:15:08,597 [INFO] Argument:329 - Argument : DMAxvalue: DMA1
2023-07-24 00:15:08,597 [INFO] Argument:319 - Argument : Channelvalue: LL_DMA_CHANNEL_3
2023-07-24 00:15:08,597 [INFO] Argument:329 - Argument : Channelvalue: LL_DMA_CHANNEL_3
2023-07-24 00:15:08,597 [INFO] Argument:319 - Argument : Priorityvalue: LL_DMA_PRIORITY_LOW
2023-07-24 00:15:08,597 [INFO] Argument:329 - Argument : Priorityvalue: LL_DMA_PRIORITY_LOW
2023-07-24 00:15:08,597 [INFO] Argument:319 - Argument : DMAxvalue: DMA1
2023-07-24 00:15:08,597 [INFO] Argument:329 - Argument : DMAxvalue: DMA1
2023-07-24 00:15:08,597 [INFO] Argument:319 - Argument : Channelvalue: LL_DMA_CHANNEL_3
2023-07-24 00:15:08,597 [INFO] Argument:329 - Argument : Channelvalue: LL_DMA_CHANNEL_3
2023-07-24 00:15:08,598 [INFO] Argument:319 - Argument : Modevalue: LL_DMA_MODE_NORMAL
2023-07-24 00:15:08,598 [INFO] Argument:329 - Argument : Modevalue: LL_DMA_MODE_NORMAL
2023-07-24 00:15:08,598 [INFO] Argument:319 - Argument : DMAxvalue: DMA1
2023-07-24 00:15:08,598 [INFO] Argument:329 - Argument : DMAxvalue: DMA1
2023-07-24 00:15:08,598 [INFO] Argument:319 - Argument : Channelvalue: LL_DMA_CHANNEL_3
2023-07-24 00:15:08,598 [INFO] Argument:329 - Argument : Channelvalue: LL_DMA_CHANNEL_3
2023-07-24 00:15:08,598 [INFO] Argument:319 - Argument : PeriphOrM2MSrcIncModevalue: LL_DMA_PERIPH_NOINCREMENT
2023-07-24 00:15:08,598 [INFO] Argument:329 - Argument : PeriphOrM2MSrcIncModevalue: LL_DMA_PERIPH_NOINCREMENT
2023-07-24 00:15:08,598 [INFO] Argument:319 - Argument : DMAxvalue: DMA1
2023-07-24 00:15:08,598 [INFO] Argument:329 - Argument : DMAxvalue: DMA1
2023-07-24 00:15:08,598 [INFO] Argument:319 - Argument : Channelvalue: LL_DMA_CHANNEL_3
2023-07-24 00:15:08,598 [INFO] Argument:329 - Argument : Channelvalue: LL_DMA_CHANNEL_3
2023-07-24 00:15:08,599 [INFO] Argument:319 - Argument : MemoryOrM2MDstIncModevalue: LL_DMA_MEMORY_INCREMENT
2023-07-24 00:15:08,599 [INFO] Argument:329 - Argument : MemoryOrM2MDstIncModevalue: LL_DMA_MEMORY_INCREMENT
2023-07-24 00:15:08,599 [INFO] Argument:319 - Argument : DMAxvalue: DMA1
2023-07-24 00:15:08,599 [INFO] Argument:329 - Argument : DMAxvalue: DMA1
2023-07-24 00:15:08,599 [INFO] Argument:319 - Argument : Channelvalue: LL_DMA_CHANNEL_3
2023-07-24 00:15:08,599 [INFO] Argument:329 - Argument : Channelvalue: LL_DMA_CHANNEL_3
2023-07-24 00:15:08,599 [INFO] Argument:319 - Argument : PeriphOrM2MSrcDataSizevalue: LL_DMA_PDATAALIGN_HALFWORD
2023-07-24 00:15:08,599 [INFO] Argument:329 - Argument : PeriphOrM2MSrcDataSizevalue: LL_DMA_PDATAALIGN_HALFWORD
2023-07-24 00:15:08,599 [INFO] Argument:319 - Argument : DMAxvalue: DMA1
2023-07-24 00:15:08,599 [INFO] Argument:329 - Argument : DMAxvalue: DMA1
2023-07-24 00:15:08,599 [INFO] Argument:319 - Argument : Channelvalue: LL_DMA_CHANNEL_3
2023-07-24 00:15:08,599 [INFO] Argument:329 - Argument : Channelvalue: LL_DMA_CHANNEL_3
2023-07-24 00:15:08,599 [INFO] Argument:319 - Argument : MemoryOrM2MDstDataSizevalue: LL_DMA_MDATAALIGN_HALFWORD
2023-07-24 00:15:08,599 [INFO] Argument:329 - Argument : MemoryOrM2MDstDataSizevalue: LL_DMA_MDATAALIGN_HALFWORD
2023-07-24 00:15:08,882 [INFO] CodeEngine:255 - oldGeneratedFile, C:\Users\inflamer\STM32CubeIDE\aquapark\application\MXTmpFiles\license.tmp_save
2023-07-24 00:15:09,020 [INFO] CodeEngine:279 - Generated code: C:\Users\inflamer\STM32CubeIDE\aquapark\application\MXTmpFiles\license.tmp
2023-07-24 00:15:09,113 [INFO] CodeEngine:255 - oldGeneratedFile, C:\Users\inflamer\STM32CubeIDE\aquapark\application\MXTmpFiles\gpio.tmp_save
2023-07-24 00:15:09,373 [INFO] CodeEngine:279 - Generated code: C:\Users\inflamer\STM32CubeIDE\aquapark\application\MXTmpFiles\gpio.tmp
2023-07-24 00:15:09,753 [INFO] CodeEngine:255 - oldGeneratedFile, C:\Users\inflamer\STM32CubeIDE\aquapark\application\MXTmpFiles\dma.tmp_save
2023-07-24 00:15:09,902 [INFO] CodeEngine:279 - Generated code: C:\Users\inflamer\STM32CubeIDE\aquapark\application\MXTmpFiles\dma.tmp
2023-07-24 00:15:09,913 [INFO] CodeEngine:255 - oldGeneratedFile, C:\Users\inflamer\STM32CubeIDE\aquapark\application\MXTmpFiles\dma_GV.tmp_save
2023-07-24 00:15:10,038 [INFO] CodeEngine:279 - Generated code: C:\Users\inflamer\STM32CubeIDE\aquapark\application\MXTmpFiles\dma_GV.tmp
2023-07-24 00:15:10,070 [INFO] CodeEngine:255 - oldGeneratedFile, C:\Users\inflamer\STM32CubeIDE\aquapark\application\Core\Src\stm32f1xx_it.c_save
2023-07-24 00:15:10,393 [INFO] CodeEngine:279 - Generated code: C:\Users\inflamer\STM32CubeIDE\aquapark\application\Core\Src\stm32f1xx_it.c
2023-07-24 00:15:10,412 [INFO] CodeEngine:255 - oldGeneratedFile, C:\Users\inflamer\STM32CubeIDE\aquapark\application\Core\Inc\stm32f1xx_it.h_save
2023-07-24 00:15:10,547 [INFO] CodeEngine:279 - Generated code: C:\Users\inflamer\STM32CubeIDE\aquapark\application\Core\Inc\stm32f1xx_it.h
2023-07-24 00:15:10,570 [INFO] CodeEngine:255 - oldGeneratedFile, C:\Users\inflamer\STM32CubeIDE\aquapark\application\MXTmpFiles\system.tmp_save
2023-07-24 00:15:10,708 [INFO] CodeEngine:279 - Generated code: C:\Users\inflamer\STM32CubeIDE\aquapark\application\MXTmpFiles\system.tmp
2023-07-24 00:15:10,719 [INFO] CodeEngine:255 - oldGeneratedFile, C:\Users\inflamer\STM32CubeIDE\aquapark\application\Core\Inc\stm32_assert.h_save
2023-07-24 00:15:10,844 [INFO] CodeEngine:279 - Generated code: C:\Users\inflamer\STM32CubeIDE\aquapark\application\Core\Inc\stm32_assert.h
2023-07-24 00:15:10,859 [WARN] IPConfigManager:2937 - Warning: the RefConfig RCC_ClockConfig is not available in your config.xml file
2023-07-24 00:15:10,859 [WARN] IPConfigManager:2937 - Warning: the RefConfig RCC_MCOConfig is not available in your config.xml file
2023-07-24 00:15:10,859 [WARN] IPConfigManager:2937 - Warning: the RefConfig RCC_interrupt_Time_SYSTICK_Config is not available in your config.xml file
2023-07-24 00:15:10,859 [WARN] IPConfigManager:2937 - Warning: the RefConfig RCC_SYSTICK_CONFIG is not available in your config.xml file
2023-07-24 00:15:10,868 [WARN] IPConfigManager:3431 - IP not found : TIM
2023-07-24 00:15:10,870 [WARN] CodeGenerator:3760 - IP not found : null
2023-07-24 00:15:10,887 [INFO] CodeEngine:255 - oldGeneratedFile, C:\Users\inflamer\STM32CubeIDE\aquapark\application\Core\Inc\main.h_save
2023-07-24 00:15:11,181 [INFO] CodeEngine:279 - Generated code: C:\Users\inflamer\STM32CubeIDE\aquapark\application\Core\Inc\main.h
2023-07-24 00:15:11,198 [INFO] CodeEngine:255 - oldGeneratedFile, C:\Users\inflamer\STM32CubeIDE\aquapark\application\Core\Src\main.c_save
2023-07-24 00:15:11,523 [INFO] CodeEngine:279 - Generated code: C:\Users\inflamer\STM32CubeIDE\aquapark\application\Core\Src\main.c
2023-07-24 00:15:12,585 [INFO] ProjectBuilder:3064 - Time for Copy HAL[1] : 274mS.
2023-07-24 00:15:12,593 [INFO] ProjectBuilder:4404 - Project Generator version: 4.1.0
2023-07-24 00:15:13,003 [INFO] ConfigFileManager:1457 - The Die is : DIE414
2023-07-24 00:15:16,012 [INFO] ProjectBuilder:4626 - Time for Generating toolchain IDE Files: 3419mS.
2023-07-24 00:15:16,013 [INFO] ProjectBuilder:2935 - Time for Copy CMSIS : 1mS.
2023-07-24 00:15:16,026 [INFO] ProjectBuilder:2935 - Time for Copy CMSIS : 0mS.
2023-07-24 00:22:51,626 [INFO] NvicIntPanel:101 - NVIC parent = com.st.microxplorer.plugins.ip.nvic.MultiNvicIntPanel[,0,0,833x164,layout=javax.swing.BoxLayout,alignmentX=0.0,alignmentY=0.0,border=,flags=9,maximumSize=,minimumSize=,preferredSize=]
2023-07-24 00:24:27,720 [INFO] UtilMem:75 - End SaveConfig() Used Memory: 871138528 Bytes (1073741824)
2023-07-24 00:24:30,337 [INFO] UtilMem:75 - End SaveConfig() Used Memory: 893682960 Bytes (1073741824)
2023-07-24 00:24:33,029 [INFO] UtilMem:75 - End SaveConfig() Used Memory: 370452728 Bytes (1073741824)
2023-07-24 00:24:33,491 [INFO] BlockDiagram:2759 - set Specific Code input for plugin: SPI
2023-07-24 00:24:33,492 [INFO] BlockDiagram:2759 - set Specific Code input for plugin: NVIC
2023-07-24 00:24:33,492 [INFO] BlockDiagram:2759 - set Specific Code input for plugin: DMA
2023-07-24 00:24:33,492 [INFO] BlockDiagram:2759 - set Specific Code input for plugin: TIM1_8F1
2023-07-24 00:24:33,492 [INFO] BlockDiagram:2759 - set Specific Code input for plugin: SYS
2023-07-24 00:24:33,493 [INFO] BlockDiagram:2759 - set Specific Code input for plugin: GPIO
2023-07-24 00:24:33,493 [INFO] BlockDiagram:2759 - set Specific Code input for plugin: RCC
2023-07-24 00:24:33,495 [INFO] CodeGenerator:799 - code generatio: config db path: C:\ST\STM32CubeIDE_1.12.1\STM32CubeIDE\plugins\com.st.stm32cube.common.mx_6.9.0.202307051724\\db\
2023-07-24 00:24:33,506 [INFO] Argument:319 - Argument : DMAxvalue: DMA1
2023-07-24 00:24:33,506 [INFO] Argument:329 - Argument : DMAxvalue: DMA1
2023-07-24 00:24:33,507 [INFO] Argument:319 - Argument : Channelvalue: LL_DMA_CHANNEL_3
2023-07-24 00:24:33,507 [INFO] Argument:329 - Argument : Channelvalue: LL_DMA_CHANNEL_3
2023-07-24 00:24:33,507 [INFO] Argument:319 - Argument : Directionvalue: LL_DMA_DIRECTION_MEMORY_TO_PERIPH
2023-07-24 00:24:33,507 [INFO] Argument:329 - Argument : Directionvalue: LL_DMA_DIRECTION_MEMORY_TO_PERIPH
2023-07-24 00:24:33,507 [INFO] Argument:319 - Argument : DMAxvalue: DMA1
2023-07-24 00:24:33,507 [INFO] Argument:329 - Argument : DMAxvalue: DMA1
2023-07-24 00:24:33,507 [INFO] Argument:319 - Argument : Channelvalue: LL_DMA_CHANNEL_3
2023-07-24 00:24:33,507 [INFO] Argument:329 - Argument : Channelvalue: LL_DMA_CHANNEL_3
2023-07-24 00:24:33,507 [INFO] Argument:319 - Argument : Priorityvalue: LL_DMA_PRIORITY_LOW
2023-07-24 00:24:33,507 [INFO] Argument:329 - Argument : Priorityvalue: LL_DMA_PRIORITY_LOW
2023-07-24 00:24:33,507 [INFO] Argument:319 - Argument : DMAxvalue: DMA1
2023-07-24 00:24:33,507 [INFO] Argument:329 - Argument : DMAxvalue: DMA1
2023-07-24 00:24:33,507 [INFO] Argument:319 - Argument : Channelvalue: LL_DMA_CHANNEL_3
2023-07-24 00:24:33,507 [INFO] Argument:329 - Argument : Channelvalue: LL_DMA_CHANNEL_3
2023-07-24 00:24:33,508 [INFO] Argument:319 - Argument : Modevalue: LL_DMA_MODE_NORMAL
2023-07-24 00:24:33,508 [INFO] Argument:329 - Argument : Modevalue: LL_DMA_MODE_NORMAL
2023-07-24 00:24:33,508 [INFO] Argument:319 - Argument : DMAxvalue: DMA1
2023-07-24 00:24:33,508 [INFO] Argument:329 - Argument : DMAxvalue: DMA1
2023-07-24 00:24:33,508 [INFO] Argument:319 - Argument : Channelvalue: LL_DMA_CHANNEL_3
2023-07-24 00:24:33,508 [INFO] Argument:329 - Argument : Channelvalue: LL_DMA_CHANNEL_3
2023-07-24 00:24:33,508 [INFO] Argument:319 - Argument : PeriphOrM2MSrcIncModevalue: LL_DMA_PERIPH_NOINCREMENT
2023-07-24 00:24:33,508 [INFO] Argument:329 - Argument : PeriphOrM2MSrcIncModevalue: LL_DMA_PERIPH_NOINCREMENT
2023-07-24 00:24:33,508 [INFO] Argument:319 - Argument : DMAxvalue: DMA1
2023-07-24 00:24:33,508 [INFO] Argument:329 - Argument : DMAxvalue: DMA1
2023-07-24 00:24:33,508 [INFO] Argument:319 - Argument : Channelvalue: LL_DMA_CHANNEL_3
2023-07-24 00:24:33,508 [INFO] Argument:329 - Argument : Channelvalue: LL_DMA_CHANNEL_3
2023-07-24 00:24:33,509 [INFO] Argument:319 - Argument : MemoryOrM2MDstIncModevalue: LL_DMA_MEMORY_INCREMENT
2023-07-24 00:24:33,509 [INFO] Argument:329 - Argument : MemoryOrM2MDstIncModevalue: LL_DMA_MEMORY_INCREMENT
2023-07-24 00:24:33,509 [INFO] Argument:319 - Argument : DMAxvalue: DMA1
2023-07-24 00:24:33,509 [INFO] Argument:329 - Argument : DMAxvalue: DMA1
2023-07-24 00:24:33,509 [INFO] Argument:319 - Argument : Channelvalue: LL_DMA_CHANNEL_3
2023-07-24 00:24:33,509 [INFO] Argument:329 - Argument : Channelvalue: LL_DMA_CHANNEL_3
2023-07-24 00:24:33,509 [INFO] Argument:319 - Argument : PeriphOrM2MSrcDataSizevalue: LL_DMA_PDATAALIGN_HALFWORD
2023-07-24 00:24:33,509 [INFO] Argument:329 - Argument : PeriphOrM2MSrcDataSizevalue: LL_DMA_PDATAALIGN_HALFWORD
2023-07-24 00:24:33,509 [INFO] Argument:319 - Argument : DMAxvalue: DMA1
2023-07-24 00:24:33,509 [INFO] Argument:329 - Argument : DMAxvalue: DMA1
2023-07-24 00:24:33,510 [INFO] Argument:319 - Argument : Channelvalue: LL_DMA_CHANNEL_3
2023-07-24 00:24:33,510 [INFO] Argument:329 - Argument : Channelvalue: LL_DMA_CHANNEL_3
2023-07-24 00:24:33,510 [INFO] Argument:319 - Argument : MemoryOrM2MDstDataSizevalue: LL_DMA_MDATAALIGN_HALFWORD
2023-07-24 00:24:33,510 [INFO] Argument:329 - Argument : MemoryOrM2MDstDataSizevalue: LL_DMA_MDATAALIGN_HALFWORD
2023-07-24 00:24:33,775 [INFO] CodeEngine:255 - oldGeneratedFile, C:\Users\inflamer\STM32CubeIDE\aquapark\application\MXTmpFiles\license.tmp_save
2023-07-24 00:24:33,903 [INFO] CodeEngine:279 - Generated code: C:\Users\inflamer\STM32CubeIDE\aquapark\application\MXTmpFiles\license.tmp
2023-07-24 00:24:33,989 [INFO] CodeEngine:255 - oldGeneratedFile, C:\Users\inflamer\STM32CubeIDE\aquapark\application\MXTmpFiles\gpio.tmp_save
2023-07-24 00:24:34,166 [INFO] CodeEngine:279 - Generated code: C:\Users\inflamer\STM32CubeIDE\aquapark\application\MXTmpFiles\gpio.tmp
2023-07-24 00:24:34,500 [INFO] CodeEngine:255 - oldGeneratedFile, C:\Users\inflamer\STM32CubeIDE\aquapark\application\MXTmpFiles\dma.tmp_save
2023-07-24 00:24:34,625 [INFO] CodeEngine:279 - Generated code: C:\Users\inflamer\STM32CubeIDE\aquapark\application\MXTmpFiles\dma.tmp
2023-07-24 00:24:34,633 [INFO] CodeEngine:255 - oldGeneratedFile, C:\Users\inflamer\STM32CubeIDE\aquapark\application\MXTmpFiles\dma_GV.tmp_save
2023-07-24 00:24:34,752 [INFO] CodeEngine:279 - Generated code: C:\Users\inflamer\STM32CubeIDE\aquapark\application\MXTmpFiles\dma_GV.tmp
2023-07-24 00:24:34,782 [INFO] CodeEngine:255 - oldGeneratedFile, C:\Users\inflamer\STM32CubeIDE\aquapark\application\Core\Src\stm32f1xx_it.c_save
2023-07-24 00:24:34,948 [INFO] CodeEngine:279 - Generated code: C:\Users\inflamer\STM32CubeIDE\aquapark\application\Core\Src\stm32f1xx_it.c
2023-07-24 00:24:34,963 [INFO] CodeEngine:255 - oldGeneratedFile, C:\Users\inflamer\STM32CubeIDE\aquapark\application\Core\Inc\stm32f1xx_it.h_save
2023-07-24 00:24:35,092 [INFO] CodeEngine:279 - Generated code: C:\Users\inflamer\STM32CubeIDE\aquapark\application\Core\Inc\stm32f1xx_it.h
2023-07-24 00:24:35,115 [INFO] CodeEngine:255 - oldGeneratedFile, C:\Users\inflamer\STM32CubeIDE\aquapark\application\MXTmpFiles\system.tmp_save
2023-07-24 00:24:35,230 [INFO] CodeEngine:279 - Generated code: C:\Users\inflamer\STM32CubeIDE\aquapark\application\MXTmpFiles\system.tmp
2023-07-24 00:24:35,242 [INFO] CodeEngine:255 - oldGeneratedFile, C:\Users\inflamer\STM32CubeIDE\aquapark\application\Core\Inc\stm32_assert.h_save
2023-07-24 00:24:35,363 [INFO] CodeEngine:279 - Generated code: C:\Users\inflamer\STM32CubeIDE\aquapark\application\Core\Inc\stm32_assert.h
2023-07-24 00:24:35,378 [WARN] IPConfigManager:2937 - Warning: the RefConfig RCC_ClockConfig is not available in your config.xml file
2023-07-24 00:24:35,378 [WARN] IPConfigManager:2937 - Warning: the RefConfig RCC_MCOConfig is not available in your config.xml file
2023-07-24 00:24:35,378 [WARN] IPConfigManager:2937 - Warning: the RefConfig RCC_interrupt_Time_SYSTICK_Config is not available in your config.xml file
2023-07-24 00:24:35,378 [WARN] IPConfigManager:2937 - Warning: the RefConfig RCC_SYSTICK_CONFIG is not available in your config.xml file
2023-07-24 00:24:35,387 [WARN] IPConfigManager:3431 - IP not found : TIM
2023-07-24 00:24:35,388 [WARN] CodeGenerator:3760 - IP not found : null
2023-07-24 00:24:35,406 [INFO] CodeEngine:255 - oldGeneratedFile, C:\Users\inflamer\STM32CubeIDE\aquapark\application\Core\Inc\main.h_save
2023-07-24 00:24:35,537 [INFO] CodeEngine:279 - Generated code: C:\Users\inflamer\STM32CubeIDE\aquapark\application\Core\Inc\main.h
2023-07-24 00:24:35,553 [INFO] CodeEngine:255 - oldGeneratedFile, C:\Users\inflamer\STM32CubeIDE\aquapark\application\Core\Src\main.c_save
2023-07-24 00:24:35,756 [INFO] CodeEngine:279 - Generated code: C:\Users\inflamer\STM32CubeIDE\aquapark\application\Core\Src\main.c
2023-07-24 00:24:37,061 [INFO] ProjectBuilder:3064 - Time for Copy HAL[1] : 263mS.
2023-07-24 00:24:37,067 [INFO] ProjectBuilder:4404 - Project Generator version: 4.1.0
2023-07-24 00:24:37,510 [INFO] ConfigFileManager:1457 - The Die is : DIE414
2023-07-24 00:24:40,489 [INFO] ProjectBuilder:4626 - Time for Generating toolchain IDE Files: 3421mS.
2023-07-24 00:24:40,490 [INFO] ProjectBuilder:2935 - Time for Copy CMSIS : 1mS.
2023-07-24 00:24:40,497 [INFO] ProjectBuilder:2935 - Time for Copy CMSIS : 0mS.
