2023-07-19 00:19:46,086 [INFO] MainUpdater:2868 - connection check result : 10
2023-07-19 00:19:46,106 [INFO] MainUpdater:2868 - connection check result : 10
2023-07-19 00:19:46,127 [INFO] MicroXplorer:468 - Change Database Path : 
2023-07-19 00:19:46,127 [INFO] MicroXplorer:498 - Change Database Version : DB.6.0.90
2023-07-19 00:19:46,190 [WARN] ThirdParty:871 - waiting for thirdparty lock release [close project]
2023-07-19 00:19:46,190 [INFO] ThirdParty:873 - entering critical section [close project]
2023-07-19 00:19:46,191 [INFO] ThirdParty:883 - exiting critical section [close project]
2023-07-19 00:19:46,193 [INFO] PinOutPanel:1499 - setPackage(No Configuration,No Configuration)
2023-07-19 00:19:46,209 [INFO] UtilMem:75 - Begin LoadConfig() Used Memory: 856927768 Bytes (1039138816)
2023-07-19 00:19:46,210 [INFO] MicroXplorer:468 - Change Database Path : 
2023-07-19 00:19:46,211 [INFO] MicroXplorer:498 - Change Database Version : DB.6.0.90
2023-07-19 00:19:46,211 [INFO] OpenFileManager:308 - Change cursor
2023-07-19 00:19:46,294 [INFO] RulesReader:64 - Compatibility file has been processed (293 Rules)
2023-07-19 00:19:46,302 [INFO] Mcu:1946 - Initializing MCU STM32F103R(C-D-E)Tx STM32F103RCTx STM32F103RCT6
2023-07-19 00:19:48,406 [INFO] Context:659 - Trying to add GPIOservice into a context  which must be forbidden
2023-07-19 00:19:49,097 [INFO] RtosManager:555 - Registered RTOS mode: class=CMSIS, group=RTOS, mode=CMSIS_V1, owner=FREERTOS
2023-07-19 00:19:49,098 [INFO] RtosManager:555 - Registered RTOS mode: class=CMSIS, group=RTOS2, mode=CMSIS_V2, owner=FREERTOS
2023-07-19 00:19:49,098 [INFO] RtosManager:555 - Registered RTOS mode: class=RTOS, group=Core, mode=CMSIS_V1, owner=FREERTOS
2023-07-19 00:19:49,101 [INFO] RtosManager:555 - Registered RTOS mode: class=RTOS, group=Core, mode=CMSIS_V2, owner=FREERTOS
2023-07-19 00:19:49,101 [WARN] ModelIntegratedComponent:184 - Missing modes for component STMicroelectronics:FreeRTOS:0.0.1:STMicroelectronics:RTOS:FreeRTOS:Core:::10.2.0:
2023-07-19 00:19:49,144 [WARN] ModelIntegratedComponent:63 - No mode defined for component null
2023-07-19 00:19:49,144 [WARN] ModelIntegratedComponent:63 - No mode defined for component null
2023-07-19 00:19:49,145 [WARN] ModelIntegratedComponent:63 - No mode defined for component null
2023-07-19 00:19:49,145 [WARN] ModelIntegratedComponent:63 - No mode defined for component null
2023-07-19 00:19:49,145 [WARN] ModelIntegratedComponent:63 - No mode defined for component null
2023-07-19 00:19:49,145 [WARN] ModelIntegratedComponent:63 - No mode defined for component null
2023-07-19 00:19:49,145 [WARN] ModelIntegratedComponent:63 - No mode defined for component null
2023-07-19 00:19:49,145 [WARN] ModelIntegratedComponent:63 - No mode defined for component null
2023-07-19 00:19:49,145 [WARN] ModelIntegratedComponent:63 - No mode defined for component null
2023-07-19 00:19:49,145 [WARN] ModelIntegratedComponent:63 - No mode defined for component null
2023-07-19 00:19:49,145 [WARN] ModelIntegratedComponent:63 - No mode defined for component null
2023-07-19 00:19:49,145 [WARN] ModelIntegratedComponent:63 - No mode defined for component null
2023-07-19 00:19:49,145 [WARN] ModelIntegratedComponent:63 - No mode defined for component null
2023-07-19 00:19:49,145 [WARN] ModelIntegratedComponent:63 - No mode defined for component null
2023-07-19 00:19:49,146 [WARN] ModelIntegratedComponent:63 - No mode defined for component null
2023-07-19 00:19:49,146 [WARN] ModelIntegratedComponent:63 - No mode defined for component null
2023-07-19 00:19:49,146 [WARN] ModelIntegratedComponent:63 - No mode defined for component null
2023-07-19 00:19:49,146 [WARN] ModelIntegratedComponent:63 - No mode defined for component null
2023-07-19 00:19:49,146 [WARN] ModelIntegratedComponent:63 - No mode defined for component null
2023-07-19 00:19:49,146 [WARN] ModelIntegratedComponent:63 - No mode defined for component null
2023-07-19 00:19:49,146 [WARN] ModelIntegratedComponent:63 - No mode defined for component null
2023-07-19 00:19:49,146 [WARN] ModelIntegratedComponent:63 - No mode defined for component null
2023-07-19 00:19:49,146 [WARN] ModelIntegratedComponent:63 - No mode defined for component null
2023-07-19 00:19:49,146 [WARN] ModelIntegratedComponent:63 - No mode defined for component null
2023-07-19 00:19:49,147 [WARN] ModelIntegratedComponent:63 - No mode defined for component null
2023-07-19 00:19:49,147 [WARN] ModelIntegratedComponent:63 - No mode defined for component null
2023-07-19 00:19:49,147 [WARN] ModelIntegratedComponent:63 - No mode defined for component null
2023-07-19 00:19:49,147 [WARN] ModelIntegratedComponent:63 - No mode defined for component null
2023-07-19 00:19:49,147 [WARN] ModelIntegratedComponent:63 - No mode defined for component null
2023-07-19 00:19:49,147 [WARN] ModelIntegratedComponent:63 - No mode defined for component null
2023-07-19 00:19:49,147 [WARN] ModelIntegratedComponent:63 - No mode defined for component null
2023-07-19 00:19:49,147 [WARN] ModelIntegratedComponent:63 - No mode defined for component null
2023-07-19 00:19:49,147 [WARN] ModelIntegratedComponent:63 - No mode defined for component null
2023-07-19 00:19:49,178 [INFO] ThirdPartyModel:298 - Start build external matchings
2023-07-19 00:19:50,050 [INFO] ThirdPartyModel:316 - End build external matchings
2023-07-19 00:19:50,062 [INFO] ImportTextPane:194 - (OptionalMessage_ERROR) IP (RCC) : Parameter (ADCFreqValue) has invalid value (36000000)
2023-07-19 00:19:50,062 [INFO] ImportTextPane:194 - (OptionalMessage_ERROR) IP (RCC) : Invalid parameter (FamilyName)
2023-07-19 00:19:50,062 [INFO] ImportTextPane:194 - (OptionalMessage_ERROR) IP (RCC) : Parameter (MCOFreq_Value) has invalid value (72000000)
2023-07-19 00:19:50,434 [INFO] UtilMem:75 - End LoadConfig() Used Memory: 329456008 Bytes (1039138816)
2023-07-19 00:19:50,495 [WARN] ThirdParty:833 - waiting for thirdparty lock release [change project]
2023-07-19 00:19:50,495 [INFO] ThirdParty:835 - entering critical section [change project]
2023-07-19 00:19:50,495 [INFO] ThirdParty:1030 - CMSIS Pack Vendor :STMicroelectronics X-CUBE-ISPU 1.1.0
2023-07-19 00:19:50,495 [INFO] ThirdParty:1030 - CMSIS Pack Vendor :STMicroelectronics USBPD 4.1
2023-07-19 00:19:50,496 [INFO] ThirdParty:1030 - CMSIS Pack Vendor :STMicroelectronics X-CUBE-GNSS1 6.0.0
2023-07-19 00:19:50,496 [INFO] ThirdParty:1030 - CMSIS Pack Vendor :STMicroelectronics USB_HOST 2.0.0
2023-07-19 00:19:50,496 [INFO] ThirdParty:1030 - CMSIS Pack Vendor :STMicroelectronics X-CUBE-AZRTOS-F4 1.1.0
2023-07-19 00:19:50,496 [INFO] ThirdParty:1030 - CMSIS Pack Vendor :STMicroelectronics LIBJPEG 8.0.0
2023-07-19 00:19:50,496 [INFO] ThirdParty:1030 - CMSIS Pack Vendor :STMicroelectronics X-CUBE-SMBUS 2.1.0
2023-07-19 00:19:50,496 [INFO] ThirdParty:1030 - CMSIS Pack Vendor :wolfSSL I-CUBE-wolfSSL 5.6.0
2023-07-19 00:19:50,496 [INFO] ThirdParty:1030 - CMSIS Pack Vendor :STMicroelectronics USB_DEVICE 3.0.0
2023-07-19 00:19:50,496 [INFO] ThirdParty:1030 - CMSIS Pack Vendor :STMicroelectronics X-CUBE-FREERTOS 1.0.1
2023-07-19 00:19:50,496 [INFO] ThirdParty:1030 - CMSIS Pack Vendor :STMicroelectronics X-CUBE-AZRTOS-F7 1.1.0
2023-07-19 00:19:50,496 [INFO] ThirdParty:1030 - CMSIS Pack Vendor :STMicroelectronics X-CUBE-TOUCHGFX 4.21.4
2023-07-19 00:19:50,496 [INFO] ThirdParty:1030 - CMSIS Pack Vendor :STMicroelectronics USB_DEVICE 2.0.0
2023-07-19 00:19:50,496 [INFO] ThirdParty:1030 - CMSIS Pack Vendor :STMicroelectronics X-CUBE-MEMS1 9.6.0
2023-07-19 00:19:50,496 [INFO] ThirdParty:1030 - CMSIS Pack Vendor :STMicroelectronics FP-SNS-MOTENV1 4.3.2
2023-07-19 00:19:50,496 [INFO] ThirdParty:1030 - CMSIS Pack Vendor :STMicroelectronics FP-SNS-MOTENV1 4.3.1
2023-07-19 00:19:50,497 [INFO] ThirdParty:1030 - CMSIS Pack Vendor :STMicroelectronics FP-SNS-FLIGHT1 5.0.1
2023-07-19 00:19:50,497 [INFO] ThirdParty:1030 - CMSIS Pack Vendor :STMicroelectronics X-CUBE-ALGOBUILD 1.3.0
2023-07-19 00:19:50,497 [INFO] ThirdParty:1030 - CMSIS Pack Vendor :STMicroelectronics X-CUBE-BLE1 6.2.4
2023-07-19 00:19:50,497 [INFO] ThirdParty:1030 - CMSIS Pack Vendor :STMicroelectronics X-CUBE-AZRTOS-L5 1.1.0
2023-07-19 00:19:50,497 [INFO] ThirdParty:1030 - CMSIS Pack Vendor :STMicroelectronics FreeRTOS 0.0.1
2023-07-19 00:19:50,497 [INFO] ThirdParty:1030 - CMSIS Pack Vendor :STMicroelectronics X-CUBE-AZRTOS-G0 1.1.0
2023-07-19 00:19:50,497 [INFO] ThirdParty:1030 - CMSIS Pack Vendor :emotas I-CUBE-CANOPEN 1.1.3
2023-07-19 00:19:50,497 [INFO] ThirdParty:1030 - CMSIS Pack Vendor :STMicroelectronics X-CUBE-BLEMGR 2.0.0
2023-07-19 00:19:50,497 [INFO] ThirdParty:1030 - CMSIS Pack Vendor :STMicroelectronics X-CUBE-AI 8.0.1
2023-07-19 00:19:50,497 [INFO] ThirdParty:1030 - CMSIS Pack Vendor :STMicroelectronics X-CUBE-NFC4 3.0.0
2023-07-19 00:19:50,497 [INFO] ThirdParty:1030 - CMSIS Pack Vendor :STMicroelectronics X-CUBE-SUBG2 5.0.0
2023-07-19 00:19:50,497 [INFO] ThirdParty:1030 - CMSIS Pack Vendor :STMicroelectronics STM32_WPAN 1.0.0
2023-07-19 00:19:50,497 [INFO] ThirdParty:1030 - CMSIS Pack Vendor :STMicroelectronics lwIP 2.0.3
2023-07-19 00:19:50,497 [INFO] ThirdParty:1030 - CMSIS Pack Vendor :STMicroelectronics USB_HOST 1.0.0
2023-07-19 00:19:50,498 [INFO] ThirdParty:1030 - CMSIS Pack Vendor :STMicroelectronics X-CUBE-TOF1 3.3.1
2023-07-19 00:19:50,498 [INFO] ThirdParty:1030 - CMSIS Pack Vendor :STMicroelectronics X-CUBE-AZRTOS-G4 2.0.0
2023-07-19 00:19:50,498 [INFO] ThirdParty:1030 - CMSIS Pack Vendor :STMicroelectronics PDM2PCM 3.1.0
2023-07-19 00:19:50,498 [INFO] ThirdParty:1030 - CMSIS Pack Vendor :STMicroelectronics X-CUBE-AZRTOS-H7 3.1.0
2023-07-19 00:19:50,498 [INFO] ThirdParty:1030 - CMSIS Pack Vendor :STMicroelectronics X-CUBE-TOF1 3.3.0
2023-07-19 00:19:50,498 [INFO] ThirdParty:1030 - CMSIS Pack Vendor :STMicroelectronics PDM2PCM 3.3.0
2023-07-19 00:19:50,498 [INFO] ThirdParty:1030 - CMSIS Pack Vendor :STMicroelectronics X-CUBE-DISPLAY 3.0.0
2023-07-19 00:19:50,498 [INFO] ThirdParty:1030 - CMSIS Pack Vendor :STMicroelectronics FP-ATR-SIGFOX1 3.2.0
2023-07-19 00:19:50,498 [INFO] ThirdParty:1030 - CMSIS Pack Vendor :STMicroelectronics HAL Drivers 0.0.0
2023-07-19 00:19:50,498 [INFO] ThirdParty:1030 - CMSIS Pack Vendor :STMicroelectronics MBEDTLS 2.16.2
2023-07-19 00:19:50,498 [INFO] ThirdParty:1030 - CMSIS Pack Vendor :STMicroelectronics X-CUBE-TOUCHGFX 4.22.0
2023-07-19 00:19:50,498 [INFO] ThirdParty:1030 - CMSIS Pack Vendor :STMicroelectronics X-CUBE-NFC7 1.0.1
2023-07-19 00:19:50,498 [INFO] ThirdParty:1030 - CMSIS Pack Vendor :STMicroelectronics MBEDTLS 2.14.1
2023-07-19 00:19:50,498 [INFO] ThirdParty:1030 - CMSIS Pack Vendor :STMicroelectronics X-CUBE-EEPRMA1 4.1.0
2023-07-19 00:19:50,499 [INFO] ThirdParty:1030 - CMSIS Pack Vendor :portGmbH I-Cube-SoM-uGOAL 1.1.0
2023-07-19 00:19:50,499 [INFO] ThirdParty:1030 - CMSIS Pack Vendor :STMicroelectronics X-CUBE-ALS 1.0.1
2023-07-19 00:19:50,499 [INFO] ThirdParty:1030 - CMSIS Pack Vendor :STMicroelectronics ThreadX 1.0.0
2023-07-19 00:19:50,499 [INFO] ThirdParty:1030 - CMSIS Pack Vendor :STMicroelectronics X-CUBE-AZRTOS-WB 1.1.0
2023-07-19 00:19:50,499 [INFO] ThirdParty:1030 - CMSIS Pack Vendor :STMicroelectronics X-CUBE-AZRTOS-WL 2.0.0
2023-07-19 00:19:50,499 [INFO] ThirdParty:1030 - CMSIS Pack Vendor :SEGGER I-CUBE-embOS 1.3.1
2023-07-19 00:19:50,499 [INFO] ThirdParty:1030 - CMSIS Pack Vendor :STMicroelectronics USB_DEVICE 1.0.0
2023-07-19 00:19:50,499 [INFO] ThirdParty:1030 - CMSIS Pack Vendor :STMicroelectronics X-CUBE-AZRTOS-L4 2.0.0
2023-07-19 00:19:50,499 [INFO] ThirdParty:1030 - CMSIS Pack Vendor :STMicroelectronics ThreadX 0.0.2
2023-07-19 00:19:50,499 [INFO] ThirdParty:1030 - CMSIS Pack Vendor :WES I-CUBE-Cesium 1.3.0
2023-07-19 00:19:50,499 [INFO] ThirdParty:1030 - CMSIS Pack Vendor :STMicroelectronics FP-ATR-ASTRA1 2.0.0
2023-07-19 00:19:50,499 [INFO] ThirdParty:1030 - CMSIS Pack Vendor :STMicroelectronics lwIP 2.1.2
2023-07-19 00:19:50,500 [INFO] ThirdParty:1030 - CMSIS Pack Vendor :STMicroelectronics X-CUBE-SFXS2LP1 4.0.0
2023-07-19 00:19:50,500 [INFO] ThirdParty:1030 - CMSIS Pack Vendor :STMicroelectronics X-CUBE-BLE2 3.3.0
2023-07-19 00:19:50,500 [INFO] ThirdParty:1030 - CMSIS Pack Vendor :STMicroelectronics PDM2PCM 3.2.0
2023-07-19 00:19:50,500 [INFO] ThirdParty:841 - exiting critical section [change project]
2023-07-19 00:19:50,827 [INFO] PinOutPanel:1499 - setPackage(No Configuration,No Configuration)
2023-07-19 00:19:50,828 [INFO] PinOutPanel:1499 - setPackage(STM32F103RCTx,LQFP64)
2023-07-19 00:19:51,295 [INFO] UtilMem:75 - Before build in PCC Used Memory: 316800312 Bytes (1039138816)
2023-07-19 00:19:51,849 [INFO] UtilMem:75 - After build in PCC Used Memory: 359265592 Bytes (1039138816)
2023-07-19 00:19:51,937 [INFO] ApiDbMcu:507 - Load IP Config File for USB_DEVICE
2023-07-19 00:19:51,976 [INFO] IPUIPlugin:80 - create IPUIPlugin
2023-07-19 00:19:51,976 [INFO] IPUIPlugin:80 - create IPUIPlugin
2023-07-19 00:19:51,976 [INFO] IPUIPlugin:80 - create IPUIPlugin
2023-07-19 00:19:51,976 [INFO] IPUIPlugin:80 - create IPUIPlugin
2023-07-19 00:19:51,977 [INFO] IPUIPlugin:80 - create IPUIPlugin
2023-07-19 00:19:51,977 [INFO] IPUIPlugin:80 - create IPUIPlugin
2023-07-19 00:19:51,977 [INFO] IPUIPlugin:80 - create IPUIPlugin
2023-07-19 00:19:51,977 [INFO] IPUIPlugin:80 - create IPUIPlugin
2023-07-19 00:19:51,977 [INFO] IPUIPlugin:80 - create IPUIPlugin
2023-07-19 00:19:51,978 [INFO] IPUIPlugin:80 - create IPUIPlugin
2023-07-19 00:19:51,978 [INFO] IPUIPlugin:80 - create IPUIPlugin
2023-07-19 00:19:51,978 [INFO] IPUIPlugin:80 - create IPUIPlugin
2023-07-19 00:19:51,978 [INFO] IPUIPlugin:80 - create IPUIPlugin
2023-07-19 00:19:51,978 [INFO] IPUIPlugin:80 - create IPUIPlugin
2023-07-19 00:19:51,979 [INFO] IPUIPlugin:80 - create IPUIPlugin
2023-07-19 00:19:51,979 [INFO] IPUIPlugin:80 - create IPUIPlugin
2023-07-19 00:19:51,979 [INFO] IPUIPlugin:80 - create IPUIPlugin
2023-07-19 00:19:51,980 [INFO] IPUIPlugin:80 - create IPUIPlugin
2023-07-19 00:19:51,980 [INFO] IPUIPlugin:80 - create IPUIPlugin
2023-07-19 00:19:51,980 [INFO] IPUIPlugin:80 - create IPUIPlugin
2023-07-19 00:19:51,981 [INFO] IPUIPlugin:80 - create IPUIPlugin
2023-07-19 00:19:51,981 [INFO] IPUIPlugin:80 - create IPUIPlugin
2023-07-19 00:19:51,981 [INFO] IPUIPlugin:80 - create IPUIPlugin
2023-07-19 00:19:51,982 [INFO] IPUIPlugin:80 - create IPUIPlugin
2023-07-19 00:19:51,982 [INFO] IPUIPlugin:80 - create IPUIPlugin
2023-07-19 00:19:51,983 [INFO] IPUIPlugin:80 - create IPUIPlugin
2023-07-19 00:19:51,984 [INFO] IPUIPlugin:80 - create IPUIPlugin
2023-07-19 00:19:51,984 [INFO] IPUIPlugin:80 - create IPUIPlugin
2023-07-19 00:19:51,985 [INFO] IPUIPlugin:80 - create IPUIPlugin
2023-07-19 00:19:51,985 [INFO] IPUIPlugin:80 - create IPUIPlugin
2023-07-19 00:19:51,991 [INFO] IPUIPlugin:80 - create IPUIPlugin
2023-07-19 00:19:51,992 [INFO] IPUIPlugin:80 - create IPUIPlugin
2023-07-19 00:19:51,993 [INFO] IPUIPlugin:80 - create IPUIPlugin
2023-07-19 00:19:51,993 [INFO] IPUIPlugin:80 - create IPUIPlugin
2023-07-19 00:19:51,994 [INFO] IPUIPlugin:80 - create IPUIPlugin
2023-07-19 00:19:51,994 [INFO] IPUIPlugin:80 - create IPUIPlugin
2023-07-19 00:19:51,995 [INFO] IPUIPlugin:80 - create IPUIPlugin
2023-07-19 00:19:51,995 [INFO] IPUIPlugin:80 - create IPUIPlugin
2023-07-19 00:19:51,996 [INFO] IPUIPlugin:80 - create IPUIPlugin
2023-07-19 00:19:52,124 [INFO] CADModel:165 - CPN selected for project levelSTM32F103RCT6
2023-07-19 00:19:52,124 [INFO] CADModel:114 - Register for checkConnection events
2023-07-19 00:19:52,196 [INFO] OpenFileManager:328 - Restore cursor
2023-07-19 00:20:24,048 [INFO] UtilMem:75 - End SaveConfig() Used Memory: 632480328 Bytes (1039138816)
2023-07-19 00:20:26,860 [INFO] UtilMem:75 - End SaveConfig() Used Memory: 654731728 Bytes (1039138816)
2023-07-19 00:20:29,959 [INFO] UtilMem:75 - End SaveConfig() Used Memory: 734655800 Bytes (1039138816)
2023-07-19 00:20:30,322 [INFO] BlockDiagram:2759 - set Specific Code input for plugin: NVIC
2023-07-19 00:20:30,322 [INFO] BlockDiagram:2759 - set Specific Code input for plugin: USB_DEVICE
2023-07-19 00:20:30,322 [INFO] BlockDiagram:2759 - set Specific Code input for plugin: USB
2023-07-19 00:20:30,322 [INFO] BlockDiagram:2759 - set Specific Code input for plugin: SYS
2023-07-19 00:20:30,323 [INFO] BlockDiagram:2759 - set Specific Code input for plugin: GPIO
2023-07-19 00:20:30,323 [INFO] BlockDiagram:2759 - set Specific Code input for plugin: RCC
2023-07-19 00:20:30,324 [INFO] CodeGenerator:799 - code generatio: config db path: C:\ST\STM32CubeIDE_1.12.1\STM32CubeIDE\plugins\com.st.stm32cube.common.mx_6.9.0.202307051724\\db\
2023-07-19 00:20:30,593 [INFO] CodeEngine:255 - oldGeneratedFile, C:\Users\inflamer\STM32CubeIDE\aquapark\bootloader\MXTmpFiles\license.tmp_save
2023-07-19 00:20:30,973 [INFO] CodeEngine:279 - Generated code: C:\Users\inflamer\STM32CubeIDE\aquapark\bootloader\MXTmpFiles\license.tmp
2023-07-19 00:20:31,053 [INFO] CodeEngine:255 - oldGeneratedFile, C:\Users\inflamer\STM32CubeIDE\aquapark\bootloader\MXTmpFiles\gpio.tmp_save
2023-07-19 00:20:31,186 [INFO] CodeEngine:279 - Generated code: C:\Users\inflamer\STM32CubeIDE\aquapark\bootloader\MXTmpFiles\gpio.tmp
2023-07-19 00:20:31,309 [INFO] CodeEngine:255 - oldGeneratedFile, C:\Users\inflamer\STM32CubeIDE\aquapark\bootloader\MXTmpFiles\usb_vars.tmp_save
2023-07-19 00:20:31,442 [INFO] CodeEngine:279 - Generated code: C:\Users\inflamer\STM32CubeIDE\aquapark\bootloader\MXTmpFiles\usb_vars.tmp
2023-07-19 00:20:31,450 [INFO] CodeEngine:255 - oldGeneratedFile, C:\Users\inflamer\STM32CubeIDE\aquapark\bootloader\MXTmpFiles\usb_inc.tmp_save
2023-07-19 00:20:31,562 [INFO] CodeEngine:279 - Generated code: C:\Users\inflamer\STM32CubeIDE\aquapark\bootloader\MXTmpFiles\usb_inc.tmp
2023-07-19 00:20:31,570 [INFO] CodeEngine:255 - oldGeneratedFile, C:\Users\inflamer\STM32CubeIDE\aquapark\bootloader\MXTmpFiles\usb_HalInit.tmp_save
2023-07-19 00:20:31,707 [INFO] CodeEngine:279 - Generated code: C:\Users\inflamer\STM32CubeIDE\aquapark\bootloader\MXTmpFiles\usb_HalInit.tmp
2023-07-19 00:20:31,714 [INFO] CodeEngine:255 - oldGeneratedFile, C:\Users\inflamer\STM32CubeIDE\aquapark\bootloader\MXTmpFiles\usb_Msp.tmp_save
2023-07-19 00:20:31,854 [INFO] CodeEngine:279 - Generated code: C:\Users\inflamer\STM32CubeIDE\aquapark\bootloader\MXTmpFiles\usb_Msp.tmp
2023-07-19 00:20:31,966 [INFO] Middleware:1439 - No code input for Bsp Dependency
2023-07-19 00:20:31,975 [INFO] Middleware:1439 - No code input for Bsp Dependency
2023-07-19 00:20:31,995 [INFO] CodeEngine:255 - oldGeneratedFile, C:\Users\inflamer\STM32CubeIDE\aquapark\bootloader\USB_DEVICE\App\usb_device.c_save
2023-07-19 00:20:32,126 [INFO] CodeEngine:279 - Generated code: C:\Users\inflamer\STM32CubeIDE\aquapark\bootloader\USB_DEVICE\App\usb_device.c
2023-07-19 00:20:32,137 [INFO] CodeEngine:255 - oldGeneratedFile, C:\Users\inflamer\STM32CubeIDE\aquapark\bootloader\USB_DEVICE\App\usb_device.h_save
2023-07-19 00:20:32,259 [INFO] CodeEngine:279 - Generated code: C:\Users\inflamer\STM32CubeIDE\aquapark\bootloader\USB_DEVICE\App\usb_device.h
2023-07-19 00:20:32,270 [INFO] CodeEngine:255 - oldGeneratedFile, C:\Users\inflamer\STM32CubeIDE\aquapark\bootloader\USB_DEVICE\Target\usbd_conf.h_save
2023-07-19 00:20:32,395 [INFO] CodeEngine:279 - Generated code: C:\Users\inflamer\STM32CubeIDE\aquapark\bootloader\USB_DEVICE\Target\usbd_conf.h
2023-07-19 00:20:32,411 [INFO] CodeEngine:255 - oldGeneratedFile, C:\Users\inflamer\STM32CubeIDE\aquapark\bootloader\USB_DEVICE\Target\usbd_conf.c_save
2023-07-19 00:20:32,571 [INFO] CodeEngine:279 - Generated code: C:\Users\inflamer\STM32CubeIDE\aquapark\bootloader\USB_DEVICE\Target\usbd_conf.c
2023-07-19 00:20:32,586 [INFO] CodeEngine:255 - oldGeneratedFile, C:\Users\inflamer\STM32CubeIDE\aquapark\bootloader\USB_DEVICE\App\usbd_desc.h_save
2023-07-19 00:20:32,706 [INFO] CodeEngine:279 - Generated code: C:\Users\inflamer\STM32CubeIDE\aquapark\bootloader\USB_DEVICE\App\usbd_desc.h
2023-07-19 00:20:32,719 [INFO] CodeEngine:255 - oldGeneratedFile, C:\Users\inflamer\STM32CubeIDE\aquapark\bootloader\USB_DEVICE\App\usbd_desc.c_save
2023-07-19 00:20:32,854 [INFO] CodeEngine:279 - Generated code: C:\Users\inflamer\STM32CubeIDE\aquapark\bootloader\USB_DEVICE\App\usbd_desc.c
2023-07-19 00:20:32,867 [INFO] CodeEngine:255 - oldGeneratedFile, C:\Users\inflamer\STM32CubeIDE\aquapark\bootloader\USB_DEVICE\App\usbd_dfu_if.h_save
2023-07-19 00:20:32,989 [INFO] CodeEngine:279 - Generated code: C:\Users\inflamer\STM32CubeIDE\aquapark\bootloader\USB_DEVICE\App\usbd_dfu_if.h
2023-07-19 00:20:33,003 [INFO] CodeEngine:255 - oldGeneratedFile, C:\Users\inflamer\STM32CubeIDE\aquapark\bootloader\USB_DEVICE\App\usbd_dfu_if.c_save
2023-07-19 00:20:33,128 [INFO] CodeEngine:279 - Generated code: C:\Users\inflamer\STM32CubeIDE\aquapark\bootloader\USB_DEVICE\App\usbd_dfu_if.c
2023-07-19 00:20:33,153 [INFO] CodeEngine:255 - oldGeneratedFile, C:\Users\inflamer\STM32CubeIDE\aquapark\bootloader\Core\Src\stm32f1xx_it.c_save
2023-07-19 00:20:33,438 [INFO] CodeEngine:279 - Generated code: C:\Users\inflamer\STM32CubeIDE\aquapark\bootloader\Core\Src\stm32f1xx_it.c
2023-07-19 00:20:33,450 [INFO] CodeEngine:255 - oldGeneratedFile, C:\Users\inflamer\STM32CubeIDE\aquapark\bootloader\Core\Inc\stm32f1xx_it.h_save
2023-07-19 00:20:33,568 [INFO] CodeEngine:279 - Generated code: C:\Users\inflamer\STM32CubeIDE\aquapark\bootloader\Core\Inc\stm32f1xx_it.h
2023-07-19 00:20:33,596 [INFO] CodeEngine:255 - oldGeneratedFile, C:\Users\inflamer\STM32CubeIDE\aquapark\bootloader\Core\Src\stm32f1xx_hal_msp.c_save
2023-07-19 00:20:33,754 [INFO] CodeEngine:279 - Generated code: C:\Users\inflamer\STM32CubeIDE\aquapark\bootloader\Core\Src\stm32f1xx_hal_msp.c
2023-07-19 00:20:33,763 [INFO] CodeEngine:255 - oldGeneratedFile, C:\Users\inflamer\STM32CubeIDE\aquapark\bootloader\MXTmpFiles\system.tmp_save
2023-07-19 00:20:33,873 [INFO] CodeEngine:279 - Generated code: C:\Users\inflamer\STM32CubeIDE\aquapark\bootloader\MXTmpFiles\system.tmp
2023-07-19 00:20:33,884 [INFO] CodeEngine:255 - oldGeneratedFile, C:\Users\inflamer\STM32CubeIDE\aquapark\bootloader\Core\Inc\stm32_assert.h_save
2023-07-19 00:20:34,001 [INFO] CodeEngine:279 - Generated code: C:\Users\inflamer\STM32CubeIDE\aquapark\bootloader\Core\Inc\stm32_assert.h
2023-07-19 00:20:34,024 [INFO] CodeEngine:311 - oldGeneratedFile, C:\Users\inflamer\STM32CubeIDE\aquapark\bootloader\Core\Inc\stm32f1xx_hal_conf.h_save
2023-07-19 00:20:34,157 [INFO] CodeEngine:335 - Generated code: C:\Users\inflamer\STM32CubeIDE\aquapark\bootloader\Core\Inc\stm32f1xx_hal_conf.h
2023-07-19 00:20:34,196 [WARN] IPConfigManager:2937 - Warning: the RefConfig RCC_ClockConfig is not available in your config.xml file
2023-07-19 00:20:34,196 [WARN] IPConfigManager:2937 - Warning: the RefConfig RCC_MCOConfig is not available in your config.xml file
2023-07-19 00:20:34,196 [WARN] IPConfigManager:2937 - Warning: the RefConfig RCC_interrupt_Time_SYSTICK_Config is not available in your config.xml file
2023-07-19 00:20:34,196 [WARN] IPConfigManager:2937 - Warning: the RefConfig RCC_SYSTICK_CONFIG is not available in your config.xml file
2023-07-19 00:20:34,240 [INFO] CodeEngine:255 - oldGeneratedFile, C:\Users\inflamer\STM32CubeIDE\aquapark\bootloader\Core\Inc\main.h_save
2023-07-19 00:20:34,400 [INFO] CodeEngine:279 - Generated code: C:\Users\inflamer\STM32CubeIDE\aquapark\bootloader\Core\Inc\main.h
2023-07-19 00:20:34,416 [INFO] CodeEngine:255 - oldGeneratedFile, C:\Users\inflamer\STM32CubeIDE\aquapark\bootloader\Core\Src\main.c_save
2023-07-19 00:20:34,590 [INFO] CodeEngine:279 - Generated code: C:\Users\inflamer\STM32CubeIDE\aquapark\bootloader\Core\Src\main.c
2023-07-19 00:20:35,832 [INFO] ProjectBuilder:3064 - Time for Copy HAL[1] : 389mS.
2023-07-19 00:20:35,847 [INFO] ProjectBuilder:4404 - Project Generator version: 4.1.0
2023-07-19 00:20:36,229 [INFO] ConfigFileManager:1457 - The Die is : DIE414
2023-07-19 00:20:36,249 [INFO] ApiDbMcu:507 - Load IP Config File for FATFS
2023-07-19 00:20:36,338 [INFO] ApiDbMcu:507 - Load IP Config File for FREERTOS
2023-07-19 00:20:40,570 [INFO] ProjectBuilder:4626 - Time for Generating toolchain IDE Files: 4723mS.
2023-07-19 00:20:40,572 [INFO] ProjectBuilder:2935 - Time for Copy CMSIS : 2mS.
2023-07-19 00:20:40,588 [INFO] ProjectBuilder:2935 - Time for Copy CMSIS : 1mS.
2023-07-19 00:23:41,809 [INFO] NvicIntPanel:101 - NVIC parent = com.st.microxplorer.plugins.ip.nvic.MultiNvicIntPanel[,0,0,0x0,invalid,layout=javax.swing.BoxLayout,alignmentX=0.0,alignmentY=0.0,border=,flags=9,maximumSize=,minimumSize=,preferredSize=]
2023-07-19 00:23:58,373 [INFO] Gpio:273 - dependency for GPIO [RCC, SYS]
2023-07-19 00:24:02,154 [INFO] UtilMem:75 - End SaveConfig() Used Memory: 750777056 Bytes (1072693248)
2023-07-19 00:24:05,463 [INFO] UtilMem:75 - End SaveConfig() Used Memory: 773845728 Bytes (1072693248)
2023-07-19 00:24:08,328 [INFO] UtilMem:75 - End SaveConfig() Used Memory: 324753144 Bytes (1072693248)
2023-07-19 00:24:08,767 [INFO] BlockDiagram:2759 - set Specific Code input for plugin: NVIC
2023-07-19 00:24:08,767 [INFO] BlockDiagram:2759 - set Specific Code input for plugin: SYS
2023-07-19 00:24:08,767 [INFO] BlockDiagram:2759 - set Specific Code input for plugin: GPIO
2023-07-19 00:24:08,767 [INFO] BlockDiagram:2759 - set Specific Code input for plugin: RCC
2023-07-19 00:24:08,769 [INFO] CodeGenerator:799 - code generatio: config db path: C:\ST\STM32CubeIDE_1.12.1\STM32CubeIDE\plugins\com.st.stm32cube.common.mx_6.9.0.202307051724\\db\
2023-07-19 00:24:09,039 [INFO] CodeEngine:255 - oldGeneratedFile, C:\Users\inflamer\STM32CubeIDE\aquapark\bootloader\MXTmpFiles\license.tmp_save
2023-07-19 00:24:09,164 [INFO] CodeEngine:279 - Generated code: C:\Users\inflamer\STM32CubeIDE\aquapark\bootloader\MXTmpFiles\license.tmp
2023-07-19 00:24:09,292 [INFO] CodeEngine:255 - oldGeneratedFile, C:\Users\inflamer\STM32CubeIDE\aquapark\bootloader\MXTmpFiles\gpio.tmp_save
2023-07-19 00:24:09,435 [INFO] CodeEngine:279 - Generated code: C:\Users\inflamer\STM32CubeIDE\aquapark\bootloader\MXTmpFiles\gpio.tmp
2023-07-19 00:24:09,481 [INFO] CodeEngine:255 - oldGeneratedFile, C:\Users\inflamer\STM32CubeIDE\aquapark\bootloader\Core\Src\stm32f1xx_it.c_save
2023-07-19 00:24:09,648 [INFO] CodeEngine:279 - Generated code: C:\Users\inflamer\STM32CubeIDE\aquapark\bootloader\Core\Src\stm32f1xx_it.c
2023-07-19 00:24:09,662 [INFO] CodeEngine:255 - oldGeneratedFile, C:\Users\inflamer\STM32CubeIDE\aquapark\bootloader\Core\Inc\stm32f1xx_it.h_save
2023-07-19 00:24:09,787 [INFO] CodeEngine:279 - Generated code: C:\Users\inflamer\STM32CubeIDE\aquapark\bootloader\Core\Inc\stm32f1xx_it.h
2023-07-19 00:24:09,809 [INFO] CodeEngine:255 - oldGeneratedFile, C:\Users\inflamer\STM32CubeIDE\aquapark\bootloader\MXTmpFiles\system.tmp_save
2023-07-19 00:24:09,921 [INFO] CodeEngine:279 - Generated code: C:\Users\inflamer\STM32CubeIDE\aquapark\bootloader\MXTmpFiles\system.tmp
2023-07-19 00:24:09,931 [INFO] CodeEngine:255 - oldGeneratedFile, C:\Users\inflamer\STM32CubeIDE\aquapark\bootloader\Core\Inc\stm32_assert.h_save
2023-07-19 00:24:10,066 [INFO] CodeEngine:279 - Generated code: C:\Users\inflamer\STM32CubeIDE\aquapark\bootloader\Core\Inc\stm32_assert.h
2023-07-19 00:24:10,087 [WARN] IPConfigManager:2937 - Warning: the RefConfig RCC_ClockConfig is not available in your config.xml file
2023-07-19 00:24:10,087 [WARN] IPConfigManager:2937 - Warning: the RefConfig RCC_MCOConfig is not available in your config.xml file
2023-07-19 00:24:10,087 [WARN] IPConfigManager:2937 - Warning: the RefConfig RCC_interrupt_Time_SYSTICK_Config is not available in your config.xml file
2023-07-19 00:24:10,087 [WARN] IPConfigManager:2937 - Warning: the RefConfig RCC_SYSTICK_CONFIG is not available in your config.xml file
2023-07-19 00:24:10,119 [INFO] CodeEngine:255 - oldGeneratedFile, C:\Users\inflamer\STM32CubeIDE\aquapark\bootloader\Core\Inc\main.h_save
2023-07-19 00:24:10,256 [INFO] CodeEngine:279 - Generated code: C:\Users\inflamer\STM32CubeIDE\aquapark\bootloader\Core\Inc\main.h
2023-07-19 00:24:10,272 [INFO] CodeEngine:255 - oldGeneratedFile, C:\Users\inflamer\STM32CubeIDE\aquapark\bootloader\Core\Src\main.c_save
2023-07-19 00:24:10,447 [INFO] CodeEngine:279 - Generated code: C:\Users\inflamer\STM32CubeIDE\aquapark\bootloader\Core\Src\main.c
2023-07-19 00:24:11,340 [INFO] ProjectBuilder:3064 - Time for Copy HAL[1] : 238mS.
2023-07-19 00:24:11,345 [INFO] ProjectBuilder:4404 - Project Generator version: 4.1.0
2023-07-19 00:24:11,732 [INFO] ConfigFileManager:1457 - The Die is : DIE414
2023-07-19 00:24:15,596 [INFO] ProjectBuilder:4626 - Time for Generating toolchain IDE Files: 4250mS.
2023-07-19 00:24:15,597 [INFO] ProjectBuilder:2935 - Time for Copy CMSIS : 1mS.
2023-07-19 00:24:15,604 [INFO] ProjectBuilder:2935 - Time for Copy CMSIS : 1mS.
