2023-07-21 00:00:35,689 [INFO] Activator:176 - 


2023-07-21 00:00:35,703 [INFO] Activator:177 - !SESSION log4j initialized
2023-07-21 00:00:47,882 [INFO] LogOutputStream:77 - [STDOUT_REDIRECT] 
2023-07-21 00:00:50,074 [INFO] ApplicationProperties:184 - Using Application install path: C:\ST\STM32CubeIDE_1.12.1\STM32CubeIDE\plugins\com.st.stm32cube.common.mx_6.9.0.202307051724
2023-07-21 00:00:50,119 [INFO] DbMcusXml:78 - Set database path to: C:\ST\STM32CubeIDE_1.12.1\STM32CubeIDE\plugins\com.st.stm32cube.common.mx_6.9.0.202307051724\\db\/mcu/
2023-07-21 00:00:50,120 [INFO] ApiDb:274 - Set plugin database path to: C:\ST\STM32CubeIDE_1.12.1\STM32CubeIDE\plugins\com.st.stm32cube.common.mx_6.9.0.202307051724\\db\/plugins/boardmanager/
2023-07-21 00:00:50,121 [WARN] ApiDb:259 - Overriding images path with different value:  => C:\ST\STM32CubeIDE_1.12.1\STM32CubeIDE\plugins\com.st.stm32cube.common.mx_6.9.0.202307051724\\db\/plugins/mcufinder/images/
2023-07-21 00:00:50,148 [INFO] ApiDb:250 - Set database path to: C:\Users\inflamer\.stmcufinder\plugins\mcufinder//mcu/
2023-07-21 00:00:50,151 [INFO] DbMcusAds:125 - Set database path to: C:\Users\inflamer\.stmcufinder\plugins\mcufinder//mcu/
2023-07-21 00:00:50,157 [INFO] CrossReferenceDbSqlite:203 - Set database path to: C:\Users\inflamer\.stmcufinder\plugins\mcufinder//mcu/cs/
2023-07-21 00:00:50,437 [INFO] RulesReader:64 - Compatibility file has been processed (293 Rules)
2023-07-21 00:00:50,638 [INFO] DbMcusXml:78 - Set database path to: C:\ST\STM32CubeIDE_1.12.1\STM32CubeIDE\plugins\com.st.stm32cube.common.mx_6.9.0.202307051724\\db\/mcu/
2023-07-21 00:00:50,639 [INFO] ApiDb:274 - Set plugin database path to: C:\ST\STM32CubeIDE_1.12.1\STM32CubeIDE\plugins\com.st.stm32cube.common.mx_6.9.0.202307051724\\db\/plugins/boardmanager/
2023-07-21 00:00:50,639 [INFO] ApiDb:261 - Set plugin images path to: C:\ST\STM32CubeIDE_1.12.1\STM32CubeIDE\plugins\com.st.stm32cube.common.mx_6.9.0.202307051724\\db\/plugins/mcufinder/images/
2023-07-21 00:00:50,640 [WARN] DbFile:41 - Overriding database path with different value: C:\Users\inflamer\.stmcufinder\plugins\mcufinder/ => C:\Users\inflamer\.stmcufinder\plugins\mcufinder
2023-07-21 00:00:50,640 [INFO] ApiDb:250 - Set database path to: C:\Users\inflamer\.stmcufinder\plugins\mcufinder//mcu/
2023-07-21 00:00:50,640 [WARN] DbFile:41 - Overriding database path with different value: C:\Users\inflamer\.stmcufinder\plugins\mcufinder/ => C:\Users\inflamer\.stmcufinder\plugins\mcufinder
2023-07-21 00:00:50,640 [INFO] DbMcusAds:125 - Set database path to: C:\Users\inflamer\.stmcufinder\plugins\mcufinder//mcu/
2023-07-21 00:00:50,640 [WARN] DbFile:41 - Overriding database path with different value: C:\Users\inflamer\.stmcufinder\plugins\mcufinder/ => C:\Users\inflamer\.stmcufinder\plugins\mcufinder
2023-07-21 00:00:50,640 [WARN] DbFile:41 - Overriding database path with different value: C:\Users\inflamer\.stmcufinder\plugins\mcufinder/ => C:\Users\inflamer\.stmcufinder\plugins\mcufinder
2023-07-21 00:00:50,641 [INFO] CrossReferenceDbSqlite:203 - Set database path to: C:\Users\inflamer\.stmcufinder\plugins\mcufinder//mcu/cs/
2023-07-21 00:00:50,837 [INFO] MainPanel:262 - HeapMemory: 268435456
2023-07-21 00:00:51,148 [INFO] DbMcusXml:78 - Set database path to: C:\ST\STM32CubeIDE_1.12.1\STM32CubeIDE\plugins\com.st.stm32cube.common.mx_6.9.0.202307051724\\db\/mcu/
2023-07-21 00:00:51,149 [INFO] ApiDb:274 - Set plugin database path to: C:\ST\STM32CubeIDE_1.12.1\STM32CubeIDE\plugins\com.st.stm32cube.common.mx_6.9.0.202307051724\\db\/plugins/boardmanager/
2023-07-21 00:00:51,149 [INFO] ApiDb:261 - Set plugin images path to: C:\ST\STM32CubeIDE_1.12.1\STM32CubeIDE\plugins\com.st.stm32cube.common.mx_6.9.0.202307051724\\db\/plugins/mcufinder/images/
2023-07-21 00:00:51,150 [WARN] DbFile:41 - Overriding database path with different value: C:\Users\inflamer\.stmcufinder\plugins\mcufinder/ => C:\Users\inflamer\.stmcufinder\plugins\mcufinder
2023-07-21 00:00:51,151 [INFO] ApiDb:250 - Set database path to: C:\Users\inflamer\.stmcufinder\plugins\mcufinder//mcu/
2023-07-21 00:00:51,152 [WARN] DbFile:41 - Overriding database path with different value: C:\Users\inflamer\.stmcufinder\plugins\mcufinder/ => C:\Users\inflamer\.stmcufinder\plugins\mcufinder
2023-07-21 00:00:51,152 [INFO] DbMcusAds:125 - Set database path to: C:\Users\inflamer\.stmcufinder\plugins\mcufinder//mcu/
2023-07-21 00:00:51,152 [WARN] DbFile:41 - Overriding database path with different value: C:\Users\inflamer\.stmcufinder\plugins\mcufinder/ => C:\Users\inflamer\.stmcufinder\plugins\mcufinder
2023-07-21 00:00:51,152 [WARN] DbFile:41 - Overriding database path with different value: C:\Users\inflamer\.stmcufinder\plugins\mcufinder/ => C:\Users\inflamer\.stmcufinder\plugins\mcufinder
2023-07-21 00:00:51,152 [INFO] CrossReferenceDbSqlite:203 - Set database path to: C:\Users\inflamer\.stmcufinder\plugins\mcufinder//mcu/cs/
2023-07-21 00:00:51,200 [INFO] ApplicationProperties:184 - Using Application install path: C:\ST\STM32CubeIDE_1.12.1\STM32CubeIDE\plugins\com.st.stm32cube.common.mx_6.9.0.202307051724
2023-07-21 00:00:51,204 [INFO] PluginManage:196 - Search for loadable plugins [exclusion list=, ]
2023-07-21 00:00:51,207 [INFO] PluginManage:310 - Check plugin analytics
2023-07-21 00:00:51,641 [INFO] AnalyticsPlugin:253 - Accepted Software Licenses: STM32CubeMX.6.8.1
2023-07-21 00:00:51,643 [INFO] AnalyticsPlugin:255 - Accepted CMSIS Pack Licenses: 
2023-07-21 00:00:51,644 [INFO] AnalyticsPlugin:257 - Accepted Firmware Licenses: FW.F4.1.27.0,FW.G0.1.6.0,FW.F7.1.17.0
2023-07-21 00:00:51,653 [INFO] PluginManage:359 - Loaded plugin analytics (category:tool,tabindex:-1)
2023-07-21 00:00:51,655 [INFO] PluginManage:310 - Check plugin cadmodel
2023-07-21 00:00:51,674 [INFO] CADModel:105 - Init CAD model plugin
2023-07-21 00:00:51,675 [INFO] PluginManage:359 - Loaded plugin cadmodel (category:power,tabindex:5)
2023-07-21 00:00:51,675 [INFO] PluginManage:310 - Check plugin clock
2023-07-21 00:00:51,709 [INFO] PluginManage:359 - Loaded plugin clock (category:base,tabindex:2)
2023-07-21 00:00:51,710 [INFO] PluginManage:310 - Check plugin ddr
2023-07-21 00:00:51,722 [INFO] PluginManage:359 - Loaded plugin ddr (category:tool,tabindex:6)
2023-07-21 00:00:51,722 [INFO] PluginManage:310 - Check plugin filemanager
2023-07-21 00:00:52,212 [INFO] PluginManage:359 - Loaded plugin filemanager (category:base,tabindex:10)
2023-07-21 00:00:52,213 [INFO] PluginManage:310 - Check plugin ipmanager
2023-07-21 00:00:52,241 [INFO] PluginManage:359 - Loaded plugin ipmanager (category:base,tabindex:5)
2023-07-21 00:00:52,242 [INFO] PluginManage:310 - Check plugin lpbam
2023-07-21 00:00:52,272 [INFO] PluginManage:359 - Loaded plugin lpbam (category:base,tabindex:0)
2023-07-21 00:00:52,274 [INFO] PluginManage:310 - Check plugin memorymap
2023-07-21 00:00:52,333 [INFO] PluginManage:359 - Loaded plugin memorymap (category:base,tabindex:4)
2023-07-21 00:00:52,334 [INFO] PluginManage:310 - Check plugin pinoutandconfiguration
2023-07-21 00:00:52,364 [INFO] PluginManage:359 - Loaded plugin pinoutandconfiguration (category:base,tabindex:1)
2023-07-21 00:00:52,365 [INFO] PluginManage:310 - Check plugin pinoutconfig
2023-07-21 00:00:52,678 [WARN] SupportedApi:132 - Cannot load RTOS API schema: s4s-elt-must-match.1: The content of 'definitions' must match (annotation?, (simpleType | complexType)?, (unique | key | keyref)*)). A problem was found starting at: attribute.
2023-07-21 00:00:53,066 [INFO] PluginManage:359 - Loaded plugin pinoutconfig (category:base,tabindex:0)
2023-07-21 00:00:53,066 [INFO] PluginManage:310 - Check plugin power
2023-07-21 00:00:53,099 [INFO] PluginManage:359 - Loaded plugin power (category:power,tabindex:4)
2023-07-21 00:00:53,100 [INFO] PluginManage:310 - Check plugin projectmanager
2023-07-21 00:00:53,141 [INFO] PluginManage:359 - Loaded plugin projectmanager (category:projectmanager,tabindex:3)
2023-07-21 00:00:53,142 [INFO] PluginManage:310 - Check plugin thirdparty
2023-07-21 00:00:53,580 [INFO] PluginManage:359 - Loaded plugin thirdparty (category:base,tabindex:-1)
2023-07-21 00:00:53,581 [INFO] PluginManage:310 - Check plugin tools
2023-07-21 00:00:53,581 [WARN] IntegrityCheckThread:84 - waiting for thirdparty lock release [integrity check]
2023-07-21 00:00:53,583 [INFO] IntegrityCheckThread:86 - entering critical section [integrity check]
2023-07-21 00:00:53,584 [INFO] ThirdPartyUpdaterWithRetryManager:70 - Updater plugin not ready yet. [1/15]
2023-07-21 00:00:53,589 [INFO] PluginManage:359 - Loaded plugin tools (category:base,tabindex:7)
2023-07-21 00:00:53,590 [INFO] PluginManage:310 - Check plugin tutovideos
2023-07-21 00:00:54,085 [INFO] PluginManage:359 - Loaded plugin tutovideos (category:base,tabindex:-1)
2023-07-21 00:00:54,085 [INFO] PluginManage:310 - Check plugin updater
2023-07-21 00:00:54,112 [INFO] PluginManage:359 - Loaded plugin updater (category:base,tabindex:12)
2023-07-21 00:00:54,112 [INFO] PluginManage:310 - Check plugin userauth
2023-07-21 00:00:54,126 [INFO] UserAuth:113 - Init User Auth plugin
2023-07-21 00:00:54,126 [INFO] PluginManage:359 - Loaded plugin userauth (category:base,tabindex:14)
2023-07-21 00:00:54,127 [INFO] PluginManage:283 - PluginManage : Loaded plugins [17]
2023-07-21 00:00:54,683 [INFO] PinOutPanel:1499 - setPackage(No Configuration,No Configuration)
2023-07-21 00:00:54,987 [INFO] CADModel:165 - CPN selected for project level
2023-07-21 00:00:54,987 [INFO] CADModel:114 - Register for checkConnection events
2023-07-21 00:00:55,035 [INFO] IPUIPlugin:80 - create IPUIPlugin
2023-07-21 00:00:55,036 [INFO] PluginManager:220 - loadIPPluginJar : add adc
2023-07-21 00:00:55,044 [INFO] IPUIPlugin:80 - create IPUIPlugin
2023-07-21 00:00:55,044 [INFO] PluginManager:220 - loadIPPluginJar : add aes
2023-07-21 00:00:55,053 [INFO] IPUIPlugin:80 - create IPUIPlugin
2023-07-21 00:00:55,053 [INFO] PluginManager:220 - loadIPPluginJar : add can
2023-07-21 00:00:55,058 [INFO] IPUIPlugin:80 - create IPUIPlugin
2023-07-21 00:00:55,059 [INFO] PluginManager:220 - loadIPPluginJar : add comp
2023-07-21 00:00:55,067 [INFO] IPUIPlugin:80 - create IPUIPlugin
2023-07-21 00:00:55,067 [INFO] PluginManager:220 - loadIPPluginJar : add cryp
2023-07-21 00:00:55,075 [INFO] IPUIPlugin:80 - create IPUIPlugin
2023-07-21 00:00:55,076 [INFO] PluginManager:220 - loadIPPluginJar : add dfsdm
2023-07-21 00:00:55,092 [INFO] IPUIPlugin:80 - create IPUIPlugin
2023-07-21 00:00:55,095 [INFO] PluginManager:220 - loadIPPluginJar : add dma
2023-07-21 00:00:55,103 [INFO] IPUIPlugin:80 - create IPUIPlugin
2023-07-21 00:00:55,103 [INFO] PluginManager:220 - loadIPPluginJar : add dma3
2023-07-21 00:00:55,108 [INFO] IPUIPlugin:80 - create IPUIPlugin
2023-07-21 00:00:55,109 [INFO] PluginManager:220 - loadIPPluginJar : add fatfs
2023-07-21 00:00:55,123 [INFO] IPUIPlugin:80 - create IPUIPlugin
2023-07-21 00:00:55,123 [INFO] PluginManager:220 - loadIPPluginJar : add fmc
2023-07-21 00:00:55,141 [INFO] IPUIPlugin:80 - create IPUIPlugin
2023-07-21 00:00:55,142 [INFO] PluginManager:220 - loadIPPluginJar : add freertos
2023-07-21 00:00:55,147 [INFO] IPUIPlugin:80 - create IPUIPlugin
2023-07-21 00:00:55,148 [INFO] PluginManager:220 - loadIPPluginJar : add genericplugin
2023-07-21 00:00:55,155 [INFO] IPUIPlugin:80 - create IPUIPlugin
2023-07-21 00:00:55,155 [INFO] PluginManager:220 - loadIPPluginJar : add gfxmmu
2023-07-21 00:00:55,169 [INFO] IPUIPlugin:80 - create IPUIPlugin
2023-07-21 00:00:55,170 [INFO] PluginManager:220 - loadIPPluginJar : add gic
2023-07-21 00:00:55,182 [INFO] IPUIPlugin:80 - create IPUIPlugin
2023-07-21 00:00:55,182 [INFO] PluginManager:220 - loadIPPluginJar : add gpio
2023-07-21 00:00:55,191 [INFO] IPUIPlugin:80 - create IPUIPlugin
2023-07-21 00:00:55,191 [INFO] PluginManager:220 - loadIPPluginJar : add gtzc
2023-07-21 00:00:55,199 [INFO] IPUIPlugin:80 - create IPUIPlugin
2023-07-21 00:00:55,199 [INFO] PluginManager:220 - loadIPPluginJar : add hash
2023-07-21 00:00:55,207 [INFO] IPUIPlugin:80 - create IPUIPlugin
2023-07-21 00:00:55,207 [INFO] PluginManager:220 - loadIPPluginJar : add i2c
2023-07-21 00:00:55,215 [INFO] IPUIPlugin:80 - create IPUIPlugin
2023-07-21 00:00:55,216 [INFO] PluginManager:220 - loadIPPluginJar : add i2s
2023-07-21 00:00:55,224 [INFO] IPUIPlugin:80 - create IPUIPlugin
2023-07-21 00:00:55,225 [INFO] PluginManager:220 - loadIPPluginJar : add i3c
2023-07-21 00:00:55,234 [INFO] IPUIPlugin:80 - create IPUIPlugin
2023-07-21 00:00:55,234 [INFO] PluginManager:220 - loadIPPluginJar : add ipddr
2023-07-21 00:00:55,253 [INFO] IPUIPlugin:80 - create IPUIPlugin
2023-07-21 00:00:55,254 [INFO] PluginManager:220 - loadIPPluginJar : add linkedlist
2023-07-21 00:00:55,263 [INFO] IPUIPlugin:80 - create IPUIPlugin
2023-07-21 00:00:55,263 [INFO] PluginManager:220 - loadIPPluginJar : add lorawan
2023-07-21 00:00:55,268 [INFO] IPUIPlugin:80 - create IPUIPlugin
2023-07-21 00:00:55,268 [INFO] PluginManager:220 - loadIPPluginJar : add ltdc
2023-07-21 00:00:55,285 [INFO] IPUIPlugin:80 - create IPUIPlugin
2023-07-21 00:00:55,285 [INFO] PluginManager:220 - loadIPPluginJar : add mdma
2023-07-21 00:00:55,296 [INFO] IPUIPlugin:80 - create IPUIPlugin
2023-07-21 00:00:55,296 [INFO] PluginManager:220 - loadIPPluginJar : add nvic
2023-07-21 00:00:55,306 [INFO] IPUIPlugin:80 - create IPUIPlugin
2023-07-21 00:00:55,306 [INFO] PluginManager:220 - loadIPPluginJar : add opamp
2023-07-21 00:00:55,316 [INFO] IPUIPlugin:80 - create IPUIPlugin
2023-07-21 00:00:55,317 [INFO] PluginManager:220 - loadIPPluginJar : add openamp
2023-07-21 00:00:55,328 [INFO] IPUIPlugin:80 - create IPUIPlugin
2023-07-21 00:00:55,328 [INFO] PluginManager:220 - loadIPPluginJar : add pdm2pcm
2023-07-21 00:00:55,347 [INFO] IPUIPlugin:80 - create IPUIPlugin
2023-07-21 00:00:55,354 [INFO] PluginManager:220 - loadIPPluginJar : add plateformsettings
2023-07-21 00:00:55,360 [INFO] IPUIPlugin:80 - create IPUIPlugin
2023-07-21 00:00:55,361 [INFO] PluginManager:220 - loadIPPluginJar : add quadspi
2023-07-21 00:00:55,374 [INFO] IPUIPlugin:80 - create IPUIPlugin
2023-07-21 00:00:55,374 [INFO] PluginManager:220 - loadIPPluginJar : add resmgrutility
2023-07-21 00:00:55,383 [INFO] IPUIPlugin:80 - create IPUIPlugin
2023-07-21 00:00:55,384 [INFO] PluginManager:220 - loadIPPluginJar : add sai
2023-07-21 00:00:55,393 [INFO] IPUIPlugin:80 - create IPUIPlugin
2023-07-21 00:00:55,393 [INFO] PluginManager:220 - loadIPPluginJar : add spi
2023-07-21 00:00:55,411 [INFO] IPUIPlugin:80 - create IPUIPlugin
2023-07-21 00:00:55,411 [INFO] PluginManager:220 - loadIPPluginJar : add stm32_wpan
2023-07-21 00:00:55,417 [INFO] IPUIPlugin:80 - create IPUIPlugin
2023-07-21 00:00:55,417 [INFO] PluginManager:220 - loadIPPluginJar : add tim
2023-07-21 00:00:55,426 [INFO] IPUIPlugin:80 - create IPUIPlugin
2023-07-21 00:00:55,427 [INFO] PluginManager:220 - loadIPPluginJar : add touchsensing
2023-07-21 00:00:55,432 [INFO] IPUIPlugin:80 - create IPUIPlugin
2023-07-21 00:00:55,433 [INFO] PluginManager:220 - loadIPPluginJar : add tracer_emb
2023-07-21 00:00:55,439 [INFO] IPUIPlugin:80 - create IPUIPlugin
2023-07-21 00:00:55,439 [INFO] PluginManager:220 - loadIPPluginJar : add ts
2023-07-21 00:00:55,445 [INFO] IPUIPlugin:80 - create IPUIPlugin
2023-07-21 00:00:55,445 [INFO] PluginManager:220 - loadIPPluginJar : add tsc
2023-07-21 00:00:55,451 [INFO] IPUIPlugin:80 - create IPUIPlugin
2023-07-21 00:00:55,451 [INFO] PluginManager:220 - loadIPPluginJar : add ucpd
2023-07-21 00:00:55,460 [INFO] IPUIPlugin:80 - create IPUIPlugin
2023-07-21 00:00:55,460 [INFO] PluginManager:220 - loadIPPluginJar : add usart
2023-07-21 00:00:55,468 [INFO] IPUIPlugin:80 - create IPUIPlugin
2023-07-21 00:00:55,469 [INFO] PluginManager:220 - loadIPPluginJar : add usbx
2023-07-21 00:00:55,664 [INFO] CADModel:165 - CPN selected for project level
2023-07-21 00:00:55,664 [INFO] CADModel:114 - Register for checkConnection events
2023-07-21 00:00:55,664 [FATAL] Updater:308 - Updater called before beeing initialized
2023-07-21 00:00:55,665 [ERROR] CADModel:125 - Updater not yet initialized, retry later 
2023-07-21 00:00:56,035 [INFO] CADModel:165 - CPN selected for project level
2023-07-21 00:00:56,035 [INFO] CADModel:114 - Register for checkConnection events
2023-07-21 00:00:56,036 [FATAL] Updater:308 - Updater called before beeing initialized
2023-07-21 00:00:56,036 [ERROR] CADModel:125 - Updater not yet initialized, retry later 
2023-07-21 00:00:56,044 [FATAL] Updater:308 - Updater called before beeing initialized
2023-07-21 00:00:56,336 [FATAL] Updater:308 - Updater called before beeing initialized
2023-07-21 00:00:56,350 [INFO] DbMcusAds:53 - JSON generation date=Tue Mar 07 10:50:55 EET 2023 (1678179055114)
2023-07-21 00:00:56,350 [FATAL] Updater:308 - Updater called before beeing initialized
2023-07-21 00:00:56,451 [WARN] DetailPanel:346 - Failed to get advertising image, set to default
2023-07-21 00:00:56,585 [INFO] ThirdPartyUpdaterWithRetryManager:70 - Updater plugin not ready yet. [2/15]
2023-07-21 00:00:56,718 [FATAL] Updater:308 - Updater called before beeing initialized
2023-07-21 00:00:56,728 [FATAL] Updater:308 - Updater called before beeing initialized
2023-07-21 00:00:56,728 [FATAL] Updater:308 - Updater called before beeing initialized
2023-07-21 00:00:56,728 [WARN] DetailPanel:346 - Failed to get advertising image, set to default
2023-07-21 00:00:56,731 [FATAL] Updater:308 - Updater called before beeing initialized
2023-07-21 00:00:56,877 [ERROR] Updater:1120 - MainUpdater not yet initialized. External WinMGr cannot be set.
2023-07-21 00:00:56,883 [INFO] Updater:1056 - Updater Version found : 6.9.0
2023-07-21 00:00:56,937 [INFO] ApplicationProperties:184 - Using Application install path: C:\ST\STM32CubeIDE_1.12.1\STM32CubeIDE\plugins\com.st.stm32cube.common.mx_6.9.0.202307051724
2023-07-21 00:00:57,892 [INFO] MainUpdater:2868 - connection check result : 10
2023-07-21 00:00:57,894 [INFO] MainUpdater:285 - Updater Check For Update Now.
2023-07-21 00:00:57,894 [INFO] MicroXplorer:498 - Change Database Version : DB.6.0.90
2023-07-21 00:00:57,910 [INFO] McuFinderGlobals:63 - Set McuFinder mode to 2 (CubeIDE integrated)
2023-07-21 00:00:57,911 [INFO] UserAuth:179 - activating auth plugin
2023-07-21 00:00:57,919 [INFO] UserAuth:393 - Internet connection configuration mode: 1
2023-07-21 00:00:57,978 [INFO] JxBrowserEngine:151 - Initiate JxBrowser Engine with user profile folder
2023-07-21 00:00:58,173 [INFO] CheckServerUpdateThread:120 - End of CheckServer Thread
2023-07-21 00:01:00,248 [WARN] PackLoader:240 - Cannot read IP mode file for STMicroelectronics.X-CUBE-SMBUS.2.1.0
2023-07-21 00:01:00,402 [WARN] PackLoader:240 - Cannot read IP mode file for STMicroelectronics.X-CUBE-AZRTOS-F7.1.1.0
2023-07-21 00:01:00,446 [WARN] PackLoader:240 - Cannot read IP mode file for STMicroelectronics.FP-SNS-MOTENV1.4.3.2
2023-07-21 00:01:00,469 [ERROR] RealEvaluatedCondition:428 - Found unsupported composite condition: CLASS='Data Exchange' GROUP='STM32_MetaDataManager'
2023-07-21 00:01:00,469 [ERROR] RealEvaluatedCondition:428 - Found unsupported composite condition: CLASS='Data Exchange' GROUP='STM32_MetaDataManager'
2023-07-21 00:01:00,472 [WARN] PackLoader:240 - Cannot read IP mode file for STMicroelectronics.FP-SNS-MOTENV1.4.3.1
2023-07-21 00:01:00,487 [WARN] PackLoader:240 - Cannot read IP mode file for STMicroelectronics.FP-SNS-FLIGHT1.5.0.1
2023-07-21 00:01:00,504 [WARN] PackLoader:240 - Cannot read IP mode file for STMicroelectronics.X-CUBE-BLE1.6.2.4
2023-07-21 00:01:00,522 [WARN] PackLoader:240 - Cannot read IP mode file for STMicroelectronics.X-CUBE-DISPLAY.3.0.0
2023-07-21 00:01:00,545 [WARN] PackLoader:240 - Cannot read IP mode file for STMicroelectronics.X-CUBE-TOUCHGFX.4.22.0
2023-07-21 00:01:00,611 [INFO] LogOutputStream:77 - [STDOUT_REDIRECT] 1 : Invalid condition id : UX_CORESTACK_Condition cause : null
2023-07-21 00:01:00,612 [INFO] LogOutputStream:77 - [STDOUT_REDIRECT] 1 : Invalid condition id : UX_CORESTACK_Condition cause : null
2023-07-21 00:01:00,617 [INFO] LogOutputStream:77 - [STDOUT_REDIRECT] 1 : Invalid condition id : UX_CORESTACK_Condition cause : null
2023-07-21 00:01:00,621 [INFO] LogOutputStream:77 - [STDOUT_REDIRECT] 1 : Invalid condition id : UX_CORESTACK_Condition cause : null
2023-07-21 00:01:00,625 [INFO] LogOutputStream:77 - [STDOUT_REDIRECT] 1 : Invalid condition id : UX_CORESTACK_Condition cause : null
2023-07-21 00:01:00,634 [WARN] PackLoader:240 - Cannot read IP mode file for STMicroelectronics.X-CUBE-AZRTOS-WL.2.0.0
2023-07-21 00:01:00,656 [WARN] PackLoader:240 - Cannot read IP mode file for WES.I-CUBE-Cesium.1.3.0
2023-07-21 00:01:00,667 [WARN] PackLoader:240 - Cannot read IP mode file for STMicroelectronics.X-CUBE-BLE2.3.3.0
2023-07-21 00:01:00,675 [WARN] PackLoader:240 - Cannot read IP mode file for STMicroelectronics.X-CUBE-TOUCHGFX.4.21.4
2023-07-21 00:01:00,691 [WARN] PackLoader:240 - Cannot read IP mode file for STMicroelectronics.X-CUBE-ALGOBUILD.1.3.0
2023-07-21 00:01:00,768 [WARN] PackLoader:240 - Cannot read IP mode file for STMicroelectronics.X-CUBE-AZRTOS-G0.1.1.0
2023-07-21 00:01:00,787 [WARN] PackLoader:240 - Cannot read IP mode file for STMicroelectronics.X-CUBE-NFC4.3.0.0
2023-07-21 00:01:00,801 [WARN] PackLoader:240 - Cannot read IP mode file for STMicroelectronics.FP-ATR-SIGFOX1.3.2.0
2023-07-21 00:01:00,890 [WARN] PackLoader:240 - Cannot read IP mode file for SEGGER.I-CUBE-embOS.1.3.1
2023-07-21 00:01:00,993 [WARN] PackLoader:240 - Cannot read IP mode file for STMicroelectronics.X-CUBE-GNSS1.6.0.0
2023-07-21 00:01:01,027 [WARN] PackLoader:240 - Cannot read IP mode file for STMicroelectronics.X-CUBE-AZRTOS-F4.1.1.0
2023-07-21 00:01:01,044 [WARN] PackLoader:240 - Cannot read IP mode file for wolfSSL.I-CUBE-wolfSSL.5.6.0
2023-07-21 00:01:01,166 [WARN] PackLoader:240 - Cannot read IP mode file for STMicroelectronics.X-CUBE-MEMS1.9.6.0
2023-07-21 00:01:01,757 [WARN] PackLoader:240 - Cannot read IP mode file for emotas.I-CUBE-CANOPEN.1.1.3
2023-07-21 00:01:01,795 [WARN] PackLoader:240 - Cannot read IP mode file for STMicroelectronics.X-CUBE-BLEMGR.2.0.0
2023-07-21 00:01:01,847 [WARN] ConditionMgr:438 - getConditionDescription Invalid condition id : UX DEVICE CLASS RTOS Condition cause : null
2023-07-21 00:01:01,848 [WARN] ConditionMgr:438 - getConditionDescription Invalid condition id : UX DEVICE CLASS RTOS Condition cause : null
2023-07-21 00:01:01,854 [WARN] PackLoader:240 - Cannot read IP mode file for STMicroelectronics.X-CUBE-AZRTOS-H7.3.1.0
2023-07-21 00:01:01,856 [WARN] ConditionMgr:1039 - genDependencies : Invalid condition id : UX DEVICE CLASS RTOS Condition cause : null
2023-07-21 00:01:01,857 [WARN] ConditionMgr:1039 - genDependencies : Invalid condition id : UX DEVICE CLASS RTOS Condition cause : null
2023-07-21 00:01:01,858 [WARN] ConditionMgr:1039 - genDependencies : Invalid condition id : UX DEVICE CLASS RTOS Condition cause : null
2023-07-21 00:01:01,859 [WARN] ConditionMgr:1039 - genDependencies : Invalid condition id : UX DEVICE CLASS RTOS Condition cause : null
2023-07-21 00:01:01,860 [WARN] ConditionMgr:1039 - genDependencies : Invalid condition id : UX DEVICE CLASS RTOS Condition cause : null
2023-07-21 00:01:01,874 [WARN] PackLoader:240 - Cannot read IP mode file for STMicroelectronics.X-CUBE-NFC7.1.0.1
2023-07-21 00:01:01,955 [WARN] PackLoader:240 - Cannot read IP mode file for STMicroelectronics.X-CUBE-EEPRMA1.4.1.0
2023-07-21 00:01:01,967 [INFO] WebApp:157 - Instantiating new browser for Auth
2023-07-21 00:01:02,019 [WARN] ConditionMgr:438 - getConditionDescription Invalid condition id : LAN8742 Phy interface Condition cause : null
2023-07-21 00:01:02,021 [WARN] PackLoader:240 - Cannot read IP mode file for STMicroelectronics.X-CUBE-AZRTOS-L4.2.0.0
2023-07-21 00:01:02,024 [WARN] ConditionMgr:1039 - genDependencies : Invalid condition id : LAN8742 Phy interface Condition cause : null
2023-07-21 00:01:02,025 [WARN] ConditionMgr:1039 - genDependencies : Invalid condition id : LAN8742 Phy interface Condition cause : null
2023-07-21 00:01:02,027 [WARN] ConditionMgr:1039 - genDependencies : Invalid condition id : LAN8742 Phy interface Condition cause : null
2023-07-21 00:01:02,049 [WARN] PackLoader:240 - Cannot read IP mode file for STMicroelectronics.X-CUBE-SFXS2LP1.4.0.0
2023-07-21 00:01:02,063 [WARN] PackLoader:240 - Cannot read IP mode file for STMicroelectronics.X-CUBE-ISPU.1.1.0
2023-07-21 00:01:02,076 [WARN] PackLoader:240 - Cannot read IP mode file for STMicroelectronics.X-CUBE-FREERTOS.1.0.1
2023-07-21 00:01:02,161 [WARN] PackLoader:240 - Cannot read IP mode file for STMicroelectronics.X-CUBE-AZRTOS-L5.1.1.0
2023-07-21 00:01:02,180 [WARN] PackLoader:240 - Cannot read IP mode file for STMicroelectronics.X-CUBE-AI.8.0.1
2023-07-21 00:01:02,209 [WARN] PackLoader:240 - Cannot read IP mode file for STMicroelectronics.X-CUBE-SUBG2.5.0.0
2023-07-21 00:01:02,277 [WARN] PackLoader:240 - Cannot read IP mode file for STMicroelectronics.X-CUBE-TOF1.3.3.1
2023-07-21 00:01:02,354 [WARN] PackLoader:240 - Cannot read IP mode file for STMicroelectronics.X-CUBE-AZRTOS-G4.2.0.0
2023-07-21 00:01:02,415 [WARN] PackLoader:240 - Cannot read IP mode file for STMicroelectronics.X-CUBE-TOF1.3.3.0
2023-07-21 00:01:02,452 [WARN] PackLoader:240 - Cannot read IP mode file for portGmbH.I-Cube-SoM-uGOAL.1.1.0
2023-07-21 00:01:02,463 [WARN] PackLoader:240 - Cannot read IP mode file for STMicroelectronics.X-CUBE-ALS.1.0.1
2023-07-21 00:01:02,496 [WARN] PackLoader:240 - Cannot read IP mode file for STMicroelectronics.X-CUBE-AZRTOS-WB.1.1.0
2023-07-21 00:01:02,540 [WARN] PackLoader:240 - Cannot read IP mode file for STMicroelectronics.FP-ATR-ASTRA1.2.0.0
2023-07-21 00:01:02,542 [INFO] ThirdParty:978 - Integrity check success = true
2023-07-21 00:01:02,543 [INFO] IntegrityCheckThread:100 - exiting critical section [integrity check]
2023-07-21 00:01:02,543 [INFO] IntegrityCheckThread:103 - End integrity checks thread
2023-07-21 00:01:04,224 [INFO] WebApp:753 - Register for checkConnection events
2023-07-21 00:01:04,224 [INFO] WebApp:390 - Apply proxy settings
2023-07-21 00:01:04,225 [INFO] WebApp:475 - Chromium requires no authentication
2023-07-21 00:01:04,242 [INFO] WebApp:418 - Direct internet connection detected
2023-07-21 00:01:04,649 [INFO] WebApp:188 - Starting web application
2023-07-21 00:01:04,650 [INFO] WebApp:520 - Web application path used C:\ST\STM32CubeIDE_1.12.1\STM32CubeIDE\plugins\com.st.stm32cube.common.mx_6.9.0.202307051724\db\plugins\mcufinder\reactClient1\index.html
2023-07-21 00:01:26,396 [ERROR] LogOutputStream:75 - [STDERR_REDIRECT] SLF4J: Failed to load class "org.slf4j.impl.StaticLoggerBinder".
2023-07-21 00:01:26,397 [ERROR] LogOutputStream:75 - [STDERR_REDIRECT] SLF4J: Defaulting to no-operation (NOP) logger implementation
2023-07-21 00:01:26,402 [ERROR] LogOutputStream:75 - [STDERR_REDIRECT] SLF4J: See http://www.slf4j.org/codes.html#StaticLoggerBinder for further details.
2023-07-21 01:04:22,841 [ERROR] LogOutputStream:75 - [STDERR_REDIRECT] 
2023-07-21 22:03:54,827 [INFO] Activator:176 - 


2023-07-21 22:03:54,827 [INFO] Activator:177 - !SESSION log4j initialized
2023-07-21 22:04:06,644 [INFO] LogOutputStream:77 - [STDOUT_REDIRECT] 
2023-07-21 22:04:13,451 [INFO] ApplicationProperties:184 - Using Application install path: C:\ST\STM32CubeIDE_1.12.1\STM32CubeIDE\plugins\com.st.stm32cube.common.mx_6.9.0.202307051724
2023-07-21 22:04:13,510 [INFO] DbMcusXml:78 - Set database path to: C:\ST\STM32CubeIDE_1.12.1\STM32CubeIDE\plugins\com.st.stm32cube.common.mx_6.9.0.202307051724\\db\/mcu/
2023-07-21 22:04:13,511 [INFO] ApiDb:274 - Set plugin database path to: C:\ST\STM32CubeIDE_1.12.1\STM32CubeIDE\plugins\com.st.stm32cube.common.mx_6.9.0.202307051724\\db\/plugins/boardmanager/
2023-07-21 22:04:13,512 [WARN] ApiDb:259 - Overriding images path with different value:  => C:\ST\STM32CubeIDE_1.12.1\STM32CubeIDE\plugins\com.st.stm32cube.common.mx_6.9.0.202307051724\\db\/plugins/mcufinder/images/
2023-07-21 22:04:13,552 [INFO] ApiDb:250 - Set database path to: C:\Users\inflamer\.stmcufinder\plugins\mcufinder//mcu/
2023-07-21 22:04:13,556 [INFO] DbMcusAds:125 - Set database path to: C:\Users\inflamer\.stmcufinder\plugins\mcufinder//mcu/
2023-07-21 22:04:13,564 [INFO] CrossReferenceDbSqlite:203 - Set database path to: C:\Users\inflamer\.stmcufinder\plugins\mcufinder//mcu/cs/
2023-07-21 22:04:14,142 [INFO] RulesReader:64 - Compatibility file has been processed (293 Rules)
2023-07-21 22:04:16,754 [INFO] DbMcusXml:78 - Set database path to: C:\ST\STM32CubeIDE_1.12.1\STM32CubeIDE\plugins\com.st.stm32cube.common.mx_6.9.0.202307051724\\db\/mcu/
2023-07-21 22:04:16,754 [INFO] ApiDb:274 - Set plugin database path to: C:\ST\STM32CubeIDE_1.12.1\STM32CubeIDE\plugins\com.st.stm32cube.common.mx_6.9.0.202307051724\\db\/plugins/boardmanager/
2023-07-21 22:04:16,755 [INFO] ApiDb:261 - Set plugin images path to: C:\ST\STM32CubeIDE_1.12.1\STM32CubeIDE\plugins\com.st.stm32cube.common.mx_6.9.0.202307051724\\db\/plugins/mcufinder/images/
2023-07-21 22:04:16,756 [WARN] DbFile:41 - Overriding database path with different value: C:\Users\inflamer\.stmcufinder\plugins\mcufinder/ => C:\Users\inflamer\.stmcufinder\plugins\mcufinder
2023-07-21 22:04:16,756 [INFO] ApiDb:250 - Set database path to: C:\Users\inflamer\.stmcufinder\plugins\mcufinder//mcu/
2023-07-21 22:04:16,756 [WARN] DbFile:41 - Overriding database path with different value: C:\Users\inflamer\.stmcufinder\plugins\mcufinder/ => C:\Users\inflamer\.stmcufinder\plugins\mcufinder
2023-07-21 22:04:16,757 [INFO] DbMcusAds:125 - Set database path to: C:\Users\inflamer\.stmcufinder\plugins\mcufinder//mcu/
2023-07-21 22:04:16,757 [WARN] DbFile:41 - Overriding database path with different value: C:\Users\inflamer\.stmcufinder\plugins\mcufinder/ => C:\Users\inflamer\.stmcufinder\plugins\mcufinder
2023-07-21 22:04:16,757 [WARN] DbFile:41 - Overriding database path with different value: C:\Users\inflamer\.stmcufinder\plugins\mcufinder/ => C:\Users\inflamer\.stmcufinder\plugins\mcufinder
2023-07-21 22:04:16,757 [INFO] CrossReferenceDbSqlite:203 - Set database path to: C:\Users\inflamer\.stmcufinder\plugins\mcufinder//mcu/cs/
2023-07-21 22:04:17,216 [INFO] MainPanel:262 - HeapMemory: 268435456
2023-07-21 22:04:17,784 [INFO] DbMcusXml:78 - Set database path to: C:\ST\STM32CubeIDE_1.12.1\STM32CubeIDE\plugins\com.st.stm32cube.common.mx_6.9.0.202307051724\\db\/mcu/
2023-07-21 22:04:17,784 [INFO] ApiDb:274 - Set plugin database path to: C:\ST\STM32CubeIDE_1.12.1\STM32CubeIDE\plugins\com.st.stm32cube.common.mx_6.9.0.202307051724\\db\/plugins/boardmanager/
2023-07-21 22:04:17,785 [INFO] ApiDb:261 - Set plugin images path to: C:\ST\STM32CubeIDE_1.12.1\STM32CubeIDE\plugins\com.st.stm32cube.common.mx_6.9.0.202307051724\\db\/plugins/mcufinder/images/
2023-07-21 22:04:17,786 [WARN] DbFile:41 - Overriding database path with different value: C:\Users\inflamer\.stmcufinder\plugins\mcufinder/ => C:\Users\inflamer\.stmcufinder\plugins\mcufinder
2023-07-21 22:04:17,787 [INFO] ApiDb:250 - Set database path to: C:\Users\inflamer\.stmcufinder\plugins\mcufinder//mcu/
2023-07-21 22:04:17,787 [WARN] DbFile:41 - Overriding database path with different value: C:\Users\inflamer\.stmcufinder\plugins\mcufinder/ => C:\Users\inflamer\.stmcufinder\plugins\mcufinder
2023-07-21 22:04:17,787 [INFO] DbMcusAds:125 - Set database path to: C:\Users\inflamer\.stmcufinder\plugins\mcufinder//mcu/
2023-07-21 22:04:17,788 [WARN] DbFile:41 - Overriding database path with different value: C:\Users\inflamer\.stmcufinder\plugins\mcufinder/ => C:\Users\inflamer\.stmcufinder\plugins\mcufinder
2023-07-21 22:04:17,788 [WARN] DbFile:41 - Overriding database path with different value: C:\Users\inflamer\.stmcufinder\plugins\mcufinder/ => C:\Users\inflamer\.stmcufinder\plugins\mcufinder
2023-07-21 22:04:17,790 [INFO] CrossReferenceDbSqlite:203 - Set database path to: C:\Users\inflamer\.stmcufinder\plugins\mcufinder//mcu/cs/
2023-07-21 22:04:18,504 [INFO] ApplicationProperties:184 - Using Application install path: C:\ST\STM32CubeIDE_1.12.1\STM32CubeIDE\plugins\com.st.stm32cube.common.mx_6.9.0.202307051724
2023-07-21 22:04:18,509 [INFO] PluginManage:196 - Search for loadable plugins [exclusion list=, ]
2023-07-21 22:04:18,514 [INFO] PluginManage:310 - Check plugin analytics
2023-07-21 22:04:19,250 [INFO] AnalyticsPlugin:253 - Accepted Software Licenses: STM32CubeMX.6.8.1
2023-07-21 22:04:19,251 [INFO] AnalyticsPlugin:255 - Accepted CMSIS Pack Licenses: 
2023-07-21 22:04:19,252 [INFO] AnalyticsPlugin:257 - Accepted Firmware Licenses: FW.F4.1.27.0,FW.G0.1.6.0,FW.F7.1.17.0
2023-07-21 22:04:19,260 [INFO] PluginManage:359 - Loaded plugin analytics (category:tool,tabindex:-1)
2023-07-21 22:04:19,261 [INFO] PluginManage:310 - Check plugin cadmodel
2023-07-21 22:04:19,292 [INFO] CADModel:105 - Init CAD model plugin
2023-07-21 22:04:19,292 [INFO] PluginManage:359 - Loaded plugin cadmodel (category:power,tabindex:5)
2023-07-21 22:04:19,293 [INFO] PluginManage:310 - Check plugin clock
2023-07-21 22:04:19,332 [INFO] PluginManage:359 - Loaded plugin clock (category:base,tabindex:2)
2023-07-21 22:04:19,332 [INFO] PluginManage:310 - Check plugin ddr
2023-07-21 22:04:19,340 [INFO] PluginManage:359 - Loaded plugin ddr (category:tool,tabindex:6)
2023-07-21 22:04:19,341 [INFO] PluginManage:310 - Check plugin filemanager
2023-07-21 22:04:19,930 [INFO] PluginManage:359 - Loaded plugin filemanager (category:base,tabindex:10)
2023-07-21 22:04:19,930 [INFO] PluginManage:310 - Check plugin ipmanager
2023-07-21 22:04:19,951 [INFO] PluginManage:359 - Loaded plugin ipmanager (category:base,tabindex:5)
2023-07-21 22:04:19,951 [INFO] PluginManage:310 - Check plugin lpbam
2023-07-21 22:04:19,974 [INFO] PluginManage:359 - Loaded plugin lpbam (category:base,tabindex:0)
2023-07-21 22:04:19,974 [INFO] PluginManage:310 - Check plugin memorymap
2023-07-21 22:04:20,006 [INFO] PluginManage:359 - Loaded plugin memorymap (category:base,tabindex:4)
2023-07-21 22:04:20,007 [INFO] PluginManage:310 - Check plugin pinoutandconfiguration
2023-07-21 22:04:20,026 [INFO] PluginManage:359 - Loaded plugin pinoutandconfiguration (category:base,tabindex:1)
2023-07-21 22:04:20,026 [INFO] PluginManage:310 - Check plugin pinoutconfig
2023-07-21 22:04:20,365 [WARN] SupportedApi:132 - Cannot load RTOS API schema: s4s-elt-must-match.1: The content of 'definitions' must match (annotation?, (simpleType | complexType)?, (unique | key | keyref)*)). A problem was found starting at: attribute.
2023-07-21 22:04:20,900 [INFO] PluginManage:359 - Loaded plugin pinoutconfig (category:base,tabindex:0)
2023-07-21 22:04:20,900 [INFO] PluginManage:310 - Check plugin power
2023-07-21 22:04:20,932 [INFO] PluginManage:359 - Loaded plugin power (category:power,tabindex:4)
2023-07-21 22:04:20,933 [INFO] PluginManage:310 - Check plugin projectmanager
2023-07-21 22:04:20,973 [INFO] PluginManage:359 - Loaded plugin projectmanager (category:projectmanager,tabindex:3)
2023-07-21 22:04:20,974 [INFO] PluginManage:310 - Check plugin thirdparty
2023-07-21 22:04:21,499 [INFO] PluginManage:359 - Loaded plugin thirdparty (category:base,tabindex:-1)
2023-07-21 22:04:21,499 [INFO] PluginManage:310 - Check plugin tools
2023-07-21 22:04:21,509 [INFO] PluginManage:359 - Loaded plugin tools (category:base,tabindex:7)
2023-07-21 22:04:21,510 [INFO] PluginManage:310 - Check plugin tutovideos
2023-07-21 22:04:21,510 [WARN] IntegrityCheckThread:84 - waiting for thirdparty lock release [integrity check]
2023-07-21 22:04:21,511 [INFO] IntegrityCheckThread:86 - entering critical section [integrity check]
2023-07-21 22:04:21,515 [INFO] ThirdPartyUpdaterWithRetryManager:70 - Updater plugin not ready yet. [1/15]
2023-07-21 22:04:21,996 [INFO] PluginManage:359 - Loaded plugin tutovideos (category:base,tabindex:-1)
2023-07-21 22:04:21,997 [INFO] PluginManage:310 - Check plugin updater
2023-07-21 22:04:22,023 [INFO] PluginManage:359 - Loaded plugin updater (category:base,tabindex:12)
2023-07-21 22:04:22,024 [INFO] PluginManage:310 - Check plugin userauth
2023-07-21 22:04:22,036 [INFO] UserAuth:113 - Init User Auth plugin
2023-07-21 22:04:22,037 [INFO] PluginManage:359 - Loaded plugin userauth (category:base,tabindex:14)
2023-07-21 22:04:22,038 [INFO] PluginManage:283 - PluginManage : Loaded plugins [17]
2023-07-21 22:04:22,597 [INFO] PinOutPanel:1499 - setPackage(No Configuration,No Configuration)
2023-07-21 22:04:22,854 [INFO] CADModel:165 - CPN selected for project level
2023-07-21 22:04:22,854 [INFO] CADModel:114 - Register for checkConnection events
2023-07-21 22:04:22,905 [INFO] IPUIPlugin:80 - create IPUIPlugin
2023-07-21 22:04:22,905 [INFO] PluginManager:220 - loadIPPluginJar : add adc
2023-07-21 22:04:22,913 [INFO] IPUIPlugin:80 - create IPUIPlugin
2023-07-21 22:04:22,913 [INFO] PluginManager:220 - loadIPPluginJar : add aes
2023-07-21 22:04:22,928 [INFO] IPUIPlugin:80 - create IPUIPlugin
2023-07-21 22:04:22,929 [INFO] PluginManager:220 - loadIPPluginJar : add can
2023-07-21 22:04:22,936 [INFO] IPUIPlugin:80 - create IPUIPlugin
2023-07-21 22:04:22,937 [INFO] PluginManager:220 - loadIPPluginJar : add comp
2023-07-21 22:04:22,945 [INFO] IPUIPlugin:80 - create IPUIPlugin
2023-07-21 22:04:22,946 [INFO] PluginManager:220 - loadIPPluginJar : add cryp
2023-07-21 22:04:22,958 [INFO] IPUIPlugin:80 - create IPUIPlugin
2023-07-21 22:04:22,958 [INFO] PluginManager:220 - loadIPPluginJar : add dfsdm
2023-07-21 22:04:22,979 [INFO] IPUIPlugin:80 - create IPUIPlugin
2023-07-21 22:04:22,982 [INFO] PluginManager:220 - loadIPPluginJar : add dma
2023-07-21 22:04:22,996 [INFO] IPUIPlugin:80 - create IPUIPlugin
2023-07-21 22:04:22,996 [INFO] PluginManager:220 - loadIPPluginJar : add dma3
2023-07-21 22:04:23,006 [INFO] IPUIPlugin:80 - create IPUIPlugin
2023-07-21 22:04:23,006 [INFO] PluginManager:220 - loadIPPluginJar : add fatfs
2023-07-21 22:04:23,021 [INFO] IPUIPlugin:80 - create IPUIPlugin
2023-07-21 22:04:23,021 [INFO] PluginManager:220 - loadIPPluginJar : add fmc
2023-07-21 22:04:23,042 [INFO] IPUIPlugin:80 - create IPUIPlugin
2023-07-21 22:04:23,043 [INFO] PluginManager:220 - loadIPPluginJar : add freertos
2023-07-21 22:04:23,057 [INFO] IPUIPlugin:80 - create IPUIPlugin
2023-07-21 22:04:23,058 [INFO] PluginManager:220 - loadIPPluginJar : add genericplugin
2023-07-21 22:04:23,067 [INFO] IPUIPlugin:80 - create IPUIPlugin
2023-07-21 22:04:23,069 [INFO] PluginManager:220 - loadIPPluginJar : add gfxmmu
2023-07-21 22:04:23,082 [INFO] IPUIPlugin:80 - create IPUIPlugin
2023-07-21 22:04:23,083 [INFO] PluginManager:220 - loadIPPluginJar : add gic
2023-07-21 22:04:23,095 [INFO] IPUIPlugin:80 - create IPUIPlugin
2023-07-21 22:04:23,095 [INFO] PluginManager:220 - loadIPPluginJar : add gpio
2023-07-21 22:04:23,105 [INFO] IPUIPlugin:80 - create IPUIPlugin
2023-07-21 22:04:23,105 [INFO] PluginManager:220 - loadIPPluginJar : add gtzc
2023-07-21 22:04:23,114 [INFO] IPUIPlugin:80 - create IPUIPlugin
2023-07-21 22:04:23,114 [INFO] PluginManager:220 - loadIPPluginJar : add hash
2023-07-21 22:04:23,126 [INFO] IPUIPlugin:80 - create IPUIPlugin
2023-07-21 22:04:23,126 [INFO] PluginManager:220 - loadIPPluginJar : add i2c
2023-07-21 22:04:23,135 [INFO] IPUIPlugin:80 - create IPUIPlugin
2023-07-21 22:04:23,135 [INFO] PluginManager:220 - loadIPPluginJar : add i2s
2023-07-21 22:04:23,145 [INFO] IPUIPlugin:80 - create IPUIPlugin
2023-07-21 22:04:23,146 [INFO] PluginManager:220 - loadIPPluginJar : add i3c
2023-07-21 22:04:23,169 [INFO] IPUIPlugin:80 - create IPUIPlugin
2023-07-21 22:04:23,170 [INFO] PluginManager:220 - loadIPPluginJar : add ipddr
2023-07-21 22:04:23,194 [INFO] IPUIPlugin:80 - create IPUIPlugin
2023-07-21 22:04:23,195 [INFO] PluginManager:220 - loadIPPluginJar : add linkedlist
2023-07-21 22:04:23,204 [INFO] IPUIPlugin:80 - create IPUIPlugin
2023-07-21 22:04:23,205 [INFO] PluginManager:220 - loadIPPluginJar : add lorawan
2023-07-21 22:04:23,211 [INFO] IPUIPlugin:80 - create IPUIPlugin
2023-07-21 22:04:23,212 [INFO] PluginManager:220 - loadIPPluginJar : add ltdc
2023-07-21 22:04:23,227 [INFO] IPUIPlugin:80 - create IPUIPlugin
2023-07-21 22:04:23,227 [INFO] PluginManager:220 - loadIPPluginJar : add mdma
2023-07-21 22:04:23,239 [INFO] IPUIPlugin:80 - create IPUIPlugin
2023-07-21 22:04:23,239 [INFO] PluginManager:220 - loadIPPluginJar : add nvic
2023-07-21 22:04:23,248 [INFO] IPUIPlugin:80 - create IPUIPlugin
2023-07-21 22:04:23,248 [INFO] PluginManager:220 - loadIPPluginJar : add opamp
2023-07-21 22:04:23,257 [INFO] IPUIPlugin:80 - create IPUIPlugin
2023-07-21 22:04:23,258 [INFO] PluginManager:220 - loadIPPluginJar : add openamp
2023-07-21 22:04:23,274 [INFO] IPUIPlugin:80 - create IPUIPlugin
2023-07-21 22:04:23,275 [INFO] PluginManager:220 - loadIPPluginJar : add pdm2pcm
2023-07-21 22:04:23,296 [INFO] IPUIPlugin:80 - create IPUIPlugin
2023-07-21 22:04:23,302 [INFO] PluginManager:220 - loadIPPluginJar : add plateformsettings
2023-07-21 22:04:23,310 [INFO] IPUIPlugin:80 - create IPUIPlugin
2023-07-21 22:04:23,311 [INFO] PluginManager:220 - loadIPPluginJar : add quadspi
2023-07-21 22:04:23,342 [INFO] IPUIPlugin:80 - create IPUIPlugin
2023-07-21 22:04:23,343 [INFO] PluginManager:220 - loadIPPluginJar : add resmgrutility
2023-07-21 22:04:23,359 [INFO] IPUIPlugin:80 - create IPUIPlugin
2023-07-21 22:04:23,360 [INFO] PluginManager:220 - loadIPPluginJar : add sai
2023-07-21 22:04:23,371 [INFO] IPUIPlugin:80 - create IPUIPlugin
2023-07-21 22:04:23,371 [INFO] PluginManager:220 - loadIPPluginJar : add spi
2023-07-21 22:04:23,387 [INFO] IPUIPlugin:80 - create IPUIPlugin
2023-07-21 22:04:23,387 [INFO] PluginManager:220 - loadIPPluginJar : add stm32_wpan
2023-07-21 22:04:23,394 [INFO] IPUIPlugin:80 - create IPUIPlugin
2023-07-21 22:04:23,395 [INFO] PluginManager:220 - loadIPPluginJar : add tim
2023-07-21 22:04:23,405 [INFO] IPUIPlugin:80 - create IPUIPlugin
2023-07-21 22:04:23,405 [INFO] PluginManager:220 - loadIPPluginJar : add touchsensing
2023-07-21 22:04:23,412 [INFO] IPUIPlugin:80 - create IPUIPlugin
2023-07-21 22:04:23,413 [INFO] PluginManager:220 - loadIPPluginJar : add tracer_emb
2023-07-21 22:04:23,419 [INFO] IPUIPlugin:80 - create IPUIPlugin
2023-07-21 22:04:23,420 [INFO] PluginManager:220 - loadIPPluginJar : add ts
2023-07-21 22:04:23,434 [INFO] IPUIPlugin:80 - create IPUIPlugin
2023-07-21 22:04:23,435 [INFO] PluginManager:220 - loadIPPluginJar : add tsc
2023-07-21 22:04:23,444 [INFO] IPUIPlugin:80 - create IPUIPlugin
2023-07-21 22:04:23,445 [INFO] PluginManager:220 - loadIPPluginJar : add ucpd
2023-07-21 22:04:23,462 [INFO] IPUIPlugin:80 - create IPUIPlugin
2023-07-21 22:04:23,462 [INFO] PluginManager:220 - loadIPPluginJar : add usart
2023-07-21 22:04:23,472 [INFO] IPUIPlugin:80 - create IPUIPlugin
2023-07-21 22:04:23,472 [INFO] PluginManager:220 - loadIPPluginJar : add usbx
2023-07-21 22:04:23,831 [INFO] CADModel:165 - CPN selected for project level
2023-07-21 22:04:23,832 [INFO] CADModel:114 - Register for checkConnection events
2023-07-21 22:04:23,832 [FATAL] Updater:308 - Updater called before beeing initialized
2023-07-21 22:04:23,832 [ERROR] CADModel:125 - Updater not yet initialized, retry later 
2023-07-21 22:04:24,237 [INFO] CADModel:165 - CPN selected for project level
2023-07-21 22:04:24,237 [INFO] CADModel:114 - Register for checkConnection events
2023-07-21 22:04:24,238 [FATAL] Updater:308 - Updater called before beeing initialized
2023-07-21 22:04:24,238 [ERROR] CADModel:125 - Updater not yet initialized, retry later 
2023-07-21 22:04:24,253 [FATAL] Updater:308 - Updater called before beeing initialized
2023-07-21 22:04:24,517 [INFO] ThirdPartyUpdaterWithRetryManager:70 - Updater plugin not ready yet. [2/15]
2023-07-21 22:04:24,551 [FATAL] Updater:308 - Updater called before beeing initialized
2023-07-21 22:04:24,564 [INFO] DbMcusAds:53 - JSON generation date=Tue Mar 07 10:50:55 EET 2023 (1678179055114)
2023-07-21 22:04:24,564 [FATAL] Updater:308 - Updater called before beeing initialized
2023-07-21 22:04:24,693 [WARN] DetailPanel:346 - Failed to get advertising image, set to default
2023-07-21 22:04:24,937 [FATAL] Updater:308 - Updater called before beeing initialized
2023-07-21 22:04:24,943 [FATAL] Updater:308 - Updater called before beeing initialized
2023-07-21 22:04:24,943 [FATAL] Updater:308 - Updater called before beeing initialized
2023-07-21 22:04:24,944 [WARN] DetailPanel:346 - Failed to get advertising image, set to default
2023-07-21 22:04:24,946 [FATAL] Updater:308 - Updater called before beeing initialized
2023-07-21 22:04:25,064 [ERROR] Updater:1120 - MainUpdater not yet initialized. External WinMGr cannot be set.
2023-07-21 22:04:25,070 [INFO] Updater:1056 - Updater Version found : 6.9.0
2023-07-21 22:04:25,111 [INFO] ApplicationProperties:184 - Using Application install path: C:\ST\STM32CubeIDE_1.12.1\STM32CubeIDE\plugins\com.st.stm32cube.common.mx_6.9.0.202307051724
2023-07-21 22:04:25,363 [ERROR] ServerAccessManage:1146 - Warning during Server Connection :  Unknown host sw-center.st.com
2023-07-21 22:04:25,371 [INFO] MainUpdater:2868 - connection check result : 22
2023-07-21 22:04:25,373 [INFO] MainUpdater:285 - Updater Check For Update Now.
2023-07-21 22:04:25,374 [INFO] MicroXplorer:498 - Change Database Version : DB.6.0.90
2023-07-21 22:04:25,391 [INFO] McuFinderGlobals:63 - Set McuFinder mode to 2 (CubeIDE integrated)
2023-07-21 22:04:25,392 [INFO] UserAuth:179 - activating auth plugin
2023-07-21 22:04:25,401 [INFO] UserAuth:393 - Internet connection configuration mode: 2
2023-07-21 22:04:25,710 [INFO] CheckServerUpdateThread:120 - End of CheckServer Thread
2023-07-21 22:04:27,938 [WARN] PackLoader:240 - Cannot read IP mode file for STMicroelectronics.X-CUBE-SMBUS.2.1.0
2023-07-21 22:04:28,017 [WARN] PackLoader:240 - Cannot read IP mode file for STMicroelectronics.X-CUBE-AZRTOS-F7.1.1.0
2023-07-21 22:04:28,051 [WARN] PackLoader:240 - Cannot read IP mode file for STMicroelectronics.FP-SNS-MOTENV1.4.3.2
2023-07-21 22:04:28,067 [ERROR] RealEvaluatedCondition:428 - Found unsupported composite condition: GROUP='STM32_MetaDataManager' CLASS='Data Exchange'
2023-07-21 22:04:28,067 [ERROR] RealEvaluatedCondition:428 - Found unsupported composite condition: CLASS='Data Exchange' GROUP='STM32_MetaDataManager'
2023-07-21 22:04:28,070 [WARN] PackLoader:240 - Cannot read IP mode file for STMicroelectronics.FP-SNS-MOTENV1.4.3.1
2023-07-21 22:04:28,085 [WARN] PackLoader:240 - Cannot read IP mode file for STMicroelectronics.FP-SNS-FLIGHT1.5.0.1
2023-07-21 22:04:28,103 [WARN] PackLoader:240 - Cannot read IP mode file for STMicroelectronics.X-CUBE-BLE1.6.2.4
2023-07-21 22:04:28,124 [WARN] PackLoader:240 - Cannot read IP mode file for STMicroelectronics.X-CUBE-DISPLAY.3.0.0
2023-07-21 22:04:28,145 [WARN] PackLoader:240 - Cannot read IP mode file for STMicroelectronics.X-CUBE-TOUCHGFX.4.22.0
2023-07-21 22:04:28,174 [INFO] LogOutputStream:77 - [STDOUT_REDIRECT] 1 : Invalid condition id : UX_CORESTACK_Condition cause : null
2023-07-21 22:04:28,175 [INFO] LogOutputStream:77 - [STDOUT_REDIRECT] 1 : Invalid condition id : UX_CORESTACK_Condition cause : null
2023-07-21 22:04:28,179 [INFO] LogOutputStream:77 - [STDOUT_REDIRECT] 1 : Invalid condition id : UX_CORESTACK_Condition cause : null
2023-07-21 22:04:28,183 [INFO] LogOutputStream:77 - [STDOUT_REDIRECT] 1 : Invalid condition id : UX_CORESTACK_Condition cause : null
2023-07-21 22:04:28,190 [INFO] LogOutputStream:77 - [STDOUT_REDIRECT] 1 : Invalid condition id : UX_CORESTACK_Condition cause : null
2023-07-21 22:04:28,199 [WARN] PackLoader:240 - Cannot read IP mode file for STMicroelectronics.X-CUBE-AZRTOS-WL.2.0.0
2023-07-21 22:04:28,228 [WARN] PackLoader:240 - Cannot read IP mode file for WES.I-CUBE-Cesium.1.3.0
2023-07-21 22:04:28,241 [WARN] PackLoader:240 - Cannot read IP mode file for STMicroelectronics.X-CUBE-BLE2.3.3.0
2023-07-21 22:04:28,251 [WARN] PackLoader:240 - Cannot read IP mode file for STMicroelectronics.X-CUBE-TOUCHGFX.4.21.4
2023-07-21 22:04:28,267 [WARN] PackLoader:240 - Cannot read IP mode file for STMicroelectronics.X-CUBE-ALGOBUILD.1.3.0
2023-07-21 22:04:28,314 [WARN] PackLoader:240 - Cannot read IP mode file for STMicroelectronics.X-CUBE-AZRTOS-G0.1.1.0
2023-07-21 22:04:28,339 [WARN] PackLoader:240 - Cannot read IP mode file for STMicroelectronics.X-CUBE-NFC4.3.0.0
2023-07-21 22:04:28,352 [WARN] PackLoader:240 - Cannot read IP mode file for STMicroelectronics.FP-ATR-SIGFOX1.3.2.0
2023-07-21 22:04:28,430 [WARN] PackLoader:240 - Cannot read IP mode file for SEGGER.I-CUBE-embOS.1.3.1
2023-07-21 22:04:28,554 [WARN] PackLoader:240 - Cannot read IP mode file for STMicroelectronics.X-CUBE-GNSS1.6.0.0
2023-07-21 22:04:28,592 [WARN] PackLoader:240 - Cannot read IP mode file for STMicroelectronics.X-CUBE-AZRTOS-F4.1.1.0
2023-07-21 22:04:28,616 [WARN] PackLoader:240 - Cannot read IP mode file for wolfSSL.I-CUBE-wolfSSL.5.6.0
2023-07-21 22:04:28,715 [WARN] PackLoader:240 - Cannot read IP mode file for STMicroelectronics.X-CUBE-MEMS1.9.6.0
2023-07-21 22:04:29,069 [WARN] PackLoader:240 - Cannot read IP mode file for emotas.I-CUBE-CANOPEN.1.1.3
2023-07-21 22:04:29,086 [WARN] PackLoader:240 - Cannot read IP mode file for STMicroelectronics.X-CUBE-BLEMGR.2.0.0
2023-07-21 22:04:29,126 [WARN] ConditionMgr:438 - getConditionDescription Invalid condition id : UX DEVICE CLASS RTOS Condition cause : null
2023-07-21 22:04:29,126 [WARN] ConditionMgr:438 - getConditionDescription Invalid condition id : UX DEVICE CLASS RTOS Condition cause : null
2023-07-21 22:04:29,144 [WARN] PackLoader:240 - Cannot read IP mode file for STMicroelectronics.X-CUBE-AZRTOS-H7.3.1.0
2023-07-21 22:04:29,147 [WARN] ConditionMgr:1039 - genDependencies : Invalid condition id : UX DEVICE CLASS RTOS Condition cause : null
2023-07-21 22:04:29,147 [WARN] ConditionMgr:1039 - genDependencies : Invalid condition id : UX DEVICE CLASS RTOS Condition cause : null
2023-07-21 22:04:29,149 [WARN] ConditionMgr:1039 - genDependencies : Invalid condition id : UX DEVICE CLASS RTOS Condition cause : null
2023-07-21 22:04:29,150 [WARN] ConditionMgr:1039 - genDependencies : Invalid condition id : UX DEVICE CLASS RTOS Condition cause : null
2023-07-21 22:04:29,151 [WARN] ConditionMgr:1039 - genDependencies : Invalid condition id : UX DEVICE CLASS RTOS Condition cause : null
2023-07-21 22:04:29,192 [WARN] PackLoader:240 - Cannot read IP mode file for STMicroelectronics.X-CUBE-NFC7.1.0.1
2023-07-21 22:04:29,209 [WARN] PackLoader:240 - Cannot read IP mode file for STMicroelectronics.X-CUBE-EEPRMA1.4.1.0
2023-07-21 22:04:29,256 [WARN] ConditionMgr:438 - getConditionDescription Invalid condition id : LAN8742 Phy interface Condition cause : null
2023-07-21 22:04:29,258 [WARN] PackLoader:240 - Cannot read IP mode file for STMicroelectronics.X-CUBE-AZRTOS-L4.2.0.0
2023-07-21 22:04:29,260 [WARN] ConditionMgr:1039 - genDependencies : Invalid condition id : LAN8742 Phy interface Condition cause : null
2023-07-21 22:04:29,261 [WARN] ConditionMgr:1039 - genDependencies : Invalid condition id : LAN8742 Phy interface Condition cause : null
2023-07-21 22:04:29,262 [WARN] ConditionMgr:1039 - genDependencies : Invalid condition id : LAN8742 Phy interface Condition cause : null
2023-07-21 22:04:29,292 [WARN] PackLoader:240 - Cannot read IP mode file for STMicroelectronics.X-CUBE-SFXS2LP1.4.0.0
2023-07-21 22:04:29,305 [WARN] PackLoader:240 - Cannot read IP mode file for STMicroelectronics.X-CUBE-ISPU.1.1.0
2023-07-21 22:04:29,317 [WARN] PackLoader:240 - Cannot read IP mode file for STMicroelectronics.X-CUBE-FREERTOS.1.0.1
2023-07-21 22:04:29,348 [WARN] PackLoader:240 - Cannot read IP mode file for STMicroelectronics.X-CUBE-AZRTOS-L5.1.1.0
2023-07-21 22:04:29,370 [WARN] PackLoader:240 - Cannot read IP mode file for STMicroelectronics.X-CUBE-AI.8.0.1
2023-07-21 22:04:29,390 [WARN] PackLoader:240 - Cannot read IP mode file for STMicroelectronics.X-CUBE-SUBG2.5.0.0
2023-07-21 22:04:29,431 [WARN] PackLoader:240 - Cannot read IP mode file for STMicroelectronics.X-CUBE-TOF1.3.3.1
2023-07-21 22:04:29,486 [WARN] PackLoader:240 - Cannot read IP mode file for STMicroelectronics.X-CUBE-AZRTOS-G4.2.0.0
2023-07-21 22:04:29,518 [WARN] PackLoader:240 - Cannot read IP mode file for STMicroelectronics.X-CUBE-TOF1.3.3.0
2023-07-21 22:04:29,566 [WARN] PackLoader:240 - Cannot read IP mode file for portGmbH.I-Cube-SoM-uGOAL.1.1.0
2023-07-21 22:04:29,577 [WARN] PackLoader:240 - Cannot read IP mode file for STMicroelectronics.X-CUBE-ALS.1.0.1
2023-07-21 22:04:29,608 [WARN] PackLoader:240 - Cannot read IP mode file for STMicroelectronics.X-CUBE-AZRTOS-WB.1.1.0
2023-07-21 22:04:29,634 [WARN] PackLoader:240 - Cannot read IP mode file for STMicroelectronics.FP-ATR-ASTRA1.2.0.0
2023-07-21 22:04:29,636 [INFO] ThirdParty:978 - Integrity check success = true
2023-07-21 22:04:29,637 [INFO] IntegrityCheckThread:100 - exiting critical section [integrity check]
2023-07-21 22:04:29,637 [INFO] IntegrityCheckThread:103 - End integrity checks thread
2023-07-21 22:04:47,016 [ERROR] LogOutputStream:75 - [STDERR_REDIRECT] SLF4J: Failed to load class "org.slf4j.impl.StaticLoggerBinder".
2023-07-21 22:04:47,017 [ERROR] LogOutputStream:75 - [STDERR_REDIRECT] SLF4J: Defaulting to no-operation (NOP) logger implementation
2023-07-21 22:04:47,024 [ERROR] LogOutputStream:75 - [STDERR_REDIRECT] SLF4J: See http://www.slf4j.org/codes.html#StaticLoggerBinder for further details.
