2023-07-25 21:35:00,440 [INFO] Activator:176 - 


2023-07-25 21:35:00,454 [INFO] Activator:177 - !SESSION log4j initialized
2023-07-25 21:35:10,363 [INFO] LogOutputStream:77 - [STDOUT_REDIRECT] 
2023-07-25 21:35:13,347 [INFO] ApplicationProperties:184 - Using Application install path: C:\ST\STM32CubeIDE_1.12.1\STM32CubeIDE\plugins\com.st.stm32cube.common.mx_6.9.0.202307051724
2023-07-25 21:35:13,387 [INFO] DbMcusXml:78 - Set database path to: C:\ST\STM32CubeIDE_1.12.1\STM32CubeIDE\plugins\com.st.stm32cube.common.mx_6.9.0.202307051724\\db\/mcu/
2023-07-25 21:35:13,388 [INFO] ApiDb:274 - Set plugin database path to: C:\ST\STM32CubeIDE_1.12.1\STM32CubeIDE\plugins\com.st.stm32cube.common.mx_6.9.0.202307051724\\db\/plugins/boardmanager/
2023-07-25 21:35:13,391 [WARN] ApiDb:259 - Overriding images path with different value:  => C:\ST\STM32CubeIDE_1.12.1\STM32CubeIDE\plugins\com.st.stm32cube.common.mx_6.9.0.202307051724\\db\/plugins/mcufinder/images/
2023-07-25 21:35:13,412 [INFO] ApiDb:250 - Set database path to: C:\Users\inflamer\.stmcufinder\plugins\mcufinder//mcu/
2023-07-25 21:35:13,414 [INFO] DbMcusAds:125 - Set database path to: C:\Users\inflamer\.stmcufinder\plugins\mcufinder//mcu/
2023-07-25 21:35:13,419 [INFO] CrossReferenceDbSqlite:203 - Set database path to: C:\Users\inflamer\.stmcufinder\plugins\mcufinder//mcu/cs/
2023-07-25 21:35:13,670 [INFO] RulesReader:64 - Compatibility file has been processed (293 Rules)
2023-07-25 21:35:13,850 [INFO] DbMcusXml:78 - Set database path to: C:\ST\STM32CubeIDE_1.12.1\STM32CubeIDE\plugins\com.st.stm32cube.common.mx_6.9.0.202307051724\\db\/mcu/
2023-07-25 21:35:13,851 [INFO] ApiDb:274 - Set plugin database path to: C:\ST\STM32CubeIDE_1.12.1\STM32CubeIDE\plugins\com.st.stm32cube.common.mx_6.9.0.202307051724\\db\/plugins/boardmanager/
2023-07-25 21:35:13,851 [INFO] ApiDb:261 - Set plugin images path to: C:\ST\STM32CubeIDE_1.12.1\STM32CubeIDE\plugins\com.st.stm32cube.common.mx_6.9.0.202307051724\\db\/plugins/mcufinder/images/
2023-07-25 21:35:13,852 [WARN] DbFile:41 - Overriding database path with different value: C:\Users\inflamer\.stmcufinder\plugins\mcufinder/ => C:\Users\inflamer\.stmcufinder\plugins\mcufinder
2023-07-25 21:35:13,852 [INFO] ApiDb:250 - Set database path to: C:\Users\inflamer\.stmcufinder\plugins\mcufinder//mcu/
2023-07-25 21:35:13,852 [WARN] DbFile:41 - Overriding database path with different value: C:\Users\inflamer\.stmcufinder\plugins\mcufinder/ => C:\Users\inflamer\.stmcufinder\plugins\mcufinder
2023-07-25 21:35:13,852 [INFO] DbMcusAds:125 - Set database path to: C:\Users\inflamer\.stmcufinder\plugins\mcufinder//mcu/
2023-07-25 21:35:13,852 [WARN] DbFile:41 - Overriding database path with different value: C:\Users\inflamer\.stmcufinder\plugins\mcufinder/ => C:\Users\inflamer\.stmcufinder\plugins\mcufinder
2023-07-25 21:35:13,852 [WARN] DbFile:41 - Overriding database path with different value: C:\Users\inflamer\.stmcufinder\plugins\mcufinder/ => C:\Users\inflamer\.stmcufinder\plugins\mcufinder
2023-07-25 21:35:13,853 [INFO] CrossReferenceDbSqlite:203 - Set database path to: C:\Users\inflamer\.stmcufinder\plugins\mcufinder//mcu/cs/
2023-07-25 21:35:14,023 [INFO] MainPanel:262 - HeapMemory: 268435456
2023-07-25 21:35:14,215 [INFO] DbMcusXml:78 - Set database path to: C:\ST\STM32CubeIDE_1.12.1\STM32CubeIDE\plugins\com.st.stm32cube.common.mx_6.9.0.202307051724\\db\/mcu/
2023-07-25 21:35:14,215 [INFO] ApiDb:274 - Set plugin database path to: C:\ST\STM32CubeIDE_1.12.1\STM32CubeIDE\plugins\com.st.stm32cube.common.mx_6.9.0.202307051724\\db\/plugins/boardmanager/
2023-07-25 21:35:14,215 [INFO] ApiDb:261 - Set plugin images path to: C:\ST\STM32CubeIDE_1.12.1\STM32CubeIDE\plugins\com.st.stm32cube.common.mx_6.9.0.202307051724\\db\/plugins/mcufinder/images/
2023-07-25 21:35:14,216 [WARN] DbFile:41 - Overriding database path with different value: C:\Users\inflamer\.stmcufinder\plugins\mcufinder/ => C:\Users\inflamer\.stmcufinder\plugins\mcufinder
2023-07-25 21:35:14,217 [INFO] ApiDb:250 - Set database path to: C:\Users\inflamer\.stmcufinder\plugins\mcufinder//mcu/
2023-07-25 21:35:14,217 [WARN] DbFile:41 - Overriding database path with different value: C:\Users\inflamer\.stmcufinder\plugins\mcufinder/ => C:\Users\inflamer\.stmcufinder\plugins\mcufinder
2023-07-25 21:35:14,217 [INFO] DbMcusAds:125 - Set database path to: C:\Users\inflamer\.stmcufinder\plugins\mcufinder//mcu/
2023-07-25 21:35:14,217 [WARN] DbFile:41 - Overriding database path with different value: C:\Users\inflamer\.stmcufinder\plugins\mcufinder/ => C:\Users\inflamer\.stmcufinder\plugins\mcufinder
2023-07-25 21:35:14,217 [WARN] DbFile:41 - Overriding database path with different value: C:\Users\inflamer\.stmcufinder\plugins\mcufinder/ => C:\Users\inflamer\.stmcufinder\plugins\mcufinder
2023-07-25 21:35:14,218 [INFO] CrossReferenceDbSqlite:203 - Set database path to: C:\Users\inflamer\.stmcufinder\plugins\mcufinder//mcu/cs/
2023-07-25 21:35:14,262 [INFO] ApplicationProperties:184 - Using Application install path: C:\ST\STM32CubeIDE_1.12.1\STM32CubeIDE\plugins\com.st.stm32cube.common.mx_6.9.0.202307051724
2023-07-25 21:35:14,266 [INFO] PluginManage:196 - Search for loadable plugins [exclusion list=, ]
2023-07-25 21:35:14,270 [INFO] PluginManage:310 - Check plugin analytics
2023-07-25 21:35:14,701 [INFO] AnalyticsPlugin:253 - Accepted Software Licenses: STM32CubeMX.6.8.1
2023-07-25 21:35:14,702 [INFO] AnalyticsPlugin:255 - Accepted CMSIS Pack Licenses: 
2023-07-25 21:35:14,703 [INFO] AnalyticsPlugin:257 - Accepted Firmware Licenses: FW.F4.1.27.0,FW.G0.1.6.0,FW.F7.1.17.0
2023-07-25 21:35:14,710 [INFO] PluginManage:359 - Loaded plugin analytics (category:tool,tabindex:-1)
2023-07-25 21:35:14,711 [INFO] PluginManage:310 - Check plugin cadmodel
2023-07-25 21:35:14,722 [INFO] CADModel:105 - Init CAD model plugin
2023-07-25 21:35:14,723 [INFO] PluginManage:359 - Loaded plugin cadmodel (category:power,tabindex:5)
2023-07-25 21:35:14,724 [INFO] PluginManage:310 - Check plugin clock
2023-07-25 21:35:14,745 [INFO] PluginManage:359 - Loaded plugin clock (category:base,tabindex:2)
2023-07-25 21:35:14,745 [INFO] PluginManage:310 - Check plugin ddr
2023-07-25 21:35:14,750 [INFO] PluginManage:359 - Loaded plugin ddr (category:tool,tabindex:6)
2023-07-25 21:35:14,751 [INFO] PluginManage:310 - Check plugin filemanager
2023-07-25 21:35:15,063 [INFO] PluginManage:359 - Loaded plugin filemanager (category:base,tabindex:10)
2023-07-25 21:35:15,064 [INFO] PluginManage:310 - Check plugin ipmanager
2023-07-25 21:35:15,083 [INFO] PluginManage:359 - Loaded plugin ipmanager (category:base,tabindex:5)
2023-07-25 21:35:15,083 [INFO] PluginManage:310 - Check plugin lpbam
2023-07-25 21:35:15,107 [INFO] PluginManage:359 - Loaded plugin lpbam (category:base,tabindex:0)
2023-07-25 21:35:15,107 [INFO] PluginManage:310 - Check plugin memorymap
2023-07-25 21:35:15,139 [INFO] PluginManage:359 - Loaded plugin memorymap (category:base,tabindex:4)
2023-07-25 21:35:15,140 [INFO] PluginManage:310 - Check plugin pinoutandconfiguration
2023-07-25 21:35:15,159 [INFO] PluginManage:359 - Loaded plugin pinoutandconfiguration (category:base,tabindex:1)
2023-07-25 21:35:15,159 [INFO] PluginManage:310 - Check plugin pinoutconfig
2023-07-25 21:35:15,390 [WARN] SupportedApi:132 - Cannot load RTOS API schema: s4s-elt-must-match.1: The content of 'definitions' must match (annotation?, (simpleType | complexType)?, (unique | key | keyref)*)). A problem was found starting at: attribute.
2023-07-25 21:35:15,776 [INFO] PluginManage:359 - Loaded plugin pinoutconfig (category:base,tabindex:0)
2023-07-25 21:35:15,776 [INFO] PluginManage:310 - Check plugin power
2023-07-25 21:35:15,800 [INFO] PluginManage:359 - Loaded plugin power (category:power,tabindex:4)
2023-07-25 21:35:15,800 [INFO] PluginManage:310 - Check plugin projectmanager
2023-07-25 21:35:15,841 [INFO] PluginManage:359 - Loaded plugin projectmanager (category:projectmanager,tabindex:3)
2023-07-25 21:35:15,842 [INFO] PluginManage:310 - Check plugin thirdparty
2023-07-25 21:35:16,192 [INFO] PluginManage:359 - Loaded plugin thirdparty (category:base,tabindex:-1)
2023-07-25 21:35:16,193 [INFO] PluginManage:310 - Check plugin tools
2023-07-25 21:35:16,192 [WARN] IntegrityCheckThread:84 - waiting for thirdparty lock release [integrity check]
2023-07-25 21:35:16,194 [INFO] IntegrityCheckThread:86 - entering critical section [integrity check]
2023-07-25 21:35:16,196 [INFO] ThirdPartyUpdaterWithRetryManager:70 - Updater plugin not ready yet. [1/15]
2023-07-25 21:35:16,200 [INFO] PluginManage:359 - Loaded plugin tools (category:base,tabindex:7)
2023-07-25 21:35:16,200 [INFO] PluginManage:310 - Check plugin tutovideos
2023-07-25 21:35:16,646 [INFO] PluginManage:359 - Loaded plugin tutovideos (category:base,tabindex:-1)
2023-07-25 21:35:16,647 [INFO] PluginManage:310 - Check plugin updater
2023-07-25 21:35:16,668 [INFO] PluginManage:359 - Loaded plugin updater (category:base,tabindex:12)
2023-07-25 21:35:16,668 [INFO] PluginManage:310 - Check plugin userauth
2023-07-25 21:35:16,680 [INFO] UserAuth:113 - Init User Auth plugin
2023-07-25 21:35:16,680 [INFO] PluginManage:359 - Loaded plugin userauth (category:base,tabindex:14)
2023-07-25 21:35:16,681 [INFO] PluginManage:283 - PluginManage : Loaded plugins [17]
2023-07-25 21:35:17,146 [INFO] PinOutPanel:1499 - setPackage(No Configuration,No Configuration)
2023-07-25 21:35:17,400 [INFO] CADModel:165 - CPN selected for project level
2023-07-25 21:35:17,400 [INFO] CADModel:114 - Register for checkConnection events
2023-07-25 21:35:17,440 [INFO] IPUIPlugin:80 - create IPUIPlugin
2023-07-25 21:35:17,441 [INFO] PluginManager:220 - loadIPPluginJar : add adc
2023-07-25 21:35:17,447 [INFO] IPUIPlugin:80 - create IPUIPlugin
2023-07-25 21:35:17,448 [INFO] PluginManager:220 - loadIPPluginJar : add aes
2023-07-25 21:35:17,454 [INFO] IPUIPlugin:80 - create IPUIPlugin
2023-07-25 21:35:17,455 [INFO] PluginManager:220 - loadIPPluginJar : add can
2023-07-25 21:35:17,459 [INFO] IPUIPlugin:80 - create IPUIPlugin
2023-07-25 21:35:17,459 [INFO] PluginManager:220 - loadIPPluginJar : add comp
2023-07-25 21:35:17,465 [INFO] IPUIPlugin:80 - create IPUIPlugin
2023-07-25 21:35:17,466 [INFO] PluginManager:220 - loadIPPluginJar : add cryp
2023-07-25 21:35:17,473 [INFO] IPUIPlugin:80 - create IPUIPlugin
2023-07-25 21:35:17,473 [INFO] PluginManager:220 - loadIPPluginJar : add dfsdm
2023-07-25 21:35:17,485 [INFO] IPUIPlugin:80 - create IPUIPlugin
2023-07-25 21:35:17,487 [INFO] PluginManager:220 - loadIPPluginJar : add dma
2023-07-25 21:35:17,492 [INFO] IPUIPlugin:80 - create IPUIPlugin
2023-07-25 21:35:17,493 [INFO] PluginManager:220 - loadIPPluginJar : add dma3
2023-07-25 21:35:17,496 [INFO] IPUIPlugin:80 - create IPUIPlugin
2023-07-25 21:35:17,497 [INFO] PluginManager:220 - loadIPPluginJar : add fatfs
2023-07-25 21:35:17,506 [INFO] IPUIPlugin:80 - create IPUIPlugin
2023-07-25 21:35:17,506 [INFO] PluginManager:220 - loadIPPluginJar : add fmc
2023-07-25 21:35:17,517 [INFO] IPUIPlugin:80 - create IPUIPlugin
2023-07-25 21:35:17,518 [INFO] PluginManager:220 - loadIPPluginJar : add freertos
2023-07-25 21:35:17,521 [INFO] IPUIPlugin:80 - create IPUIPlugin
2023-07-25 21:35:17,521 [INFO] PluginManager:220 - loadIPPluginJar : add genericplugin
2023-07-25 21:35:17,526 [INFO] IPUIPlugin:80 - create IPUIPlugin
2023-07-25 21:35:17,526 [INFO] PluginManager:220 - loadIPPluginJar : add gfxmmu
2023-07-25 21:35:17,535 [INFO] IPUIPlugin:80 - create IPUIPlugin
2023-07-25 21:35:17,536 [INFO] PluginManager:220 - loadIPPluginJar : add gic
2023-07-25 21:35:17,544 [INFO] IPUIPlugin:80 - create IPUIPlugin
2023-07-25 21:35:17,544 [INFO] PluginManager:220 - loadIPPluginJar : add gpio
2023-07-25 21:35:17,550 [INFO] IPUIPlugin:80 - create IPUIPlugin
2023-07-25 21:35:17,550 [INFO] PluginManager:220 - loadIPPluginJar : add gtzc
2023-07-25 21:35:17,556 [INFO] IPUIPlugin:80 - create IPUIPlugin
2023-07-25 21:35:17,556 [INFO] PluginManager:220 - loadIPPluginJar : add hash
2023-07-25 21:35:17,563 [INFO] IPUIPlugin:80 - create IPUIPlugin
2023-07-25 21:35:17,564 [INFO] PluginManager:220 - loadIPPluginJar : add i2c
2023-07-25 21:35:17,570 [INFO] IPUIPlugin:80 - create IPUIPlugin
2023-07-25 21:35:17,570 [INFO] PluginManager:220 - loadIPPluginJar : add i2s
2023-07-25 21:35:17,577 [INFO] IPUIPlugin:80 - create IPUIPlugin
2023-07-25 21:35:17,577 [INFO] PluginManager:220 - loadIPPluginJar : add i3c
2023-07-25 21:35:17,584 [INFO] IPUIPlugin:80 - create IPUIPlugin
2023-07-25 21:35:17,585 [INFO] PluginManager:220 - loadIPPluginJar : add ipddr
2023-07-25 21:35:17,599 [INFO] IPUIPlugin:80 - create IPUIPlugin
2023-07-25 21:35:17,599 [INFO] PluginManager:220 - loadIPPluginJar : add linkedlist
2023-07-25 21:35:17,606 [INFO] IPUIPlugin:80 - create IPUIPlugin
2023-07-25 21:35:17,607 [INFO] PluginManager:220 - loadIPPluginJar : add lorawan
2023-07-25 21:35:17,611 [INFO] IPUIPlugin:80 - create IPUIPlugin
2023-07-25 21:35:17,611 [INFO] PluginManager:220 - loadIPPluginJar : add ltdc
2023-07-25 21:35:17,627 [INFO] IPUIPlugin:80 - create IPUIPlugin
2023-07-25 21:35:17,628 [INFO] PluginManager:220 - loadIPPluginJar : add mdma
2023-07-25 21:35:17,637 [INFO] IPUIPlugin:80 - create IPUIPlugin
2023-07-25 21:35:17,637 [INFO] PluginManager:220 - loadIPPluginJar : add nvic
2023-07-25 21:35:17,645 [INFO] IPUIPlugin:80 - create IPUIPlugin
2023-07-25 21:35:17,646 [INFO] PluginManager:220 - loadIPPluginJar : add opamp
2023-07-25 21:35:17,654 [INFO] IPUIPlugin:80 - create IPUIPlugin
2023-07-25 21:35:17,655 [INFO] PluginManager:220 - loadIPPluginJar : add openamp
2023-07-25 21:35:17,663 [INFO] IPUIPlugin:80 - create IPUIPlugin
2023-07-25 21:35:17,663 [INFO] PluginManager:220 - loadIPPluginJar : add pdm2pcm
2023-07-25 21:35:17,679 [INFO] IPUIPlugin:80 - create IPUIPlugin
2023-07-25 21:35:17,687 [INFO] PluginManager:220 - loadIPPluginJar : add plateformsettings
2023-07-25 21:35:17,691 [INFO] IPUIPlugin:80 - create IPUIPlugin
2023-07-25 21:35:17,692 [INFO] PluginManager:220 - loadIPPluginJar : add quadspi
2023-07-25 21:35:17,700 [INFO] IPUIPlugin:80 - create IPUIPlugin
2023-07-25 21:35:17,701 [INFO] PluginManager:220 - loadIPPluginJar : add resmgrutility
2023-07-25 21:35:17,709 [INFO] IPUIPlugin:80 - create IPUIPlugin
2023-07-25 21:35:17,709 [INFO] PluginManager:220 - loadIPPluginJar : add sai
2023-07-25 21:35:17,716 [INFO] IPUIPlugin:80 - create IPUIPlugin
2023-07-25 21:35:17,716 [INFO] PluginManager:220 - loadIPPluginJar : add spi
2023-07-25 21:35:17,729 [INFO] IPUIPlugin:80 - create IPUIPlugin
2023-07-25 21:35:17,729 [INFO] PluginManager:220 - loadIPPluginJar : add stm32_wpan
2023-07-25 21:35:17,734 [INFO] IPUIPlugin:80 - create IPUIPlugin
2023-07-25 21:35:17,734 [INFO] PluginManager:220 - loadIPPluginJar : add tim
2023-07-25 21:35:17,742 [INFO] IPUIPlugin:80 - create IPUIPlugin
2023-07-25 21:35:17,742 [INFO] PluginManager:220 - loadIPPluginJar : add touchsensing
2023-07-25 21:35:17,747 [INFO] IPUIPlugin:80 - create IPUIPlugin
2023-07-25 21:35:17,748 [INFO] PluginManager:220 - loadIPPluginJar : add tracer_emb
2023-07-25 21:35:17,752 [INFO] IPUIPlugin:80 - create IPUIPlugin
2023-07-25 21:35:17,753 [INFO] PluginManager:220 - loadIPPluginJar : add ts
2023-07-25 21:35:17,757 [INFO] IPUIPlugin:80 - create IPUIPlugin
2023-07-25 21:35:17,757 [INFO] PluginManager:220 - loadIPPluginJar : add tsc
2023-07-25 21:35:17,762 [INFO] IPUIPlugin:80 - create IPUIPlugin
2023-07-25 21:35:17,762 [INFO] PluginManager:220 - loadIPPluginJar : add ucpd
2023-07-25 21:35:17,769 [INFO] IPUIPlugin:80 - create IPUIPlugin
2023-07-25 21:35:17,770 [INFO] PluginManager:220 - loadIPPluginJar : add usart
2023-07-25 21:35:17,778 [INFO] IPUIPlugin:80 - create IPUIPlugin
2023-07-25 21:35:17,778 [INFO] PluginManager:220 - loadIPPluginJar : add usbx
2023-07-25 21:35:17,975 [INFO] CADModel:165 - CPN selected for project level
2023-07-25 21:35:17,975 [INFO] CADModel:114 - Register for checkConnection events
2023-07-25 21:35:17,976 [FATAL] Updater:308 - Updater called before beeing initialized
2023-07-25 21:35:17,977 [ERROR] CADModel:125 - Updater not yet initialized, retry later 
2023-07-25 21:35:18,274 [INFO] CADModel:165 - CPN selected for project level
2023-07-25 21:35:18,274 [INFO] CADModel:114 - Register for checkConnection events
2023-07-25 21:35:18,274 [FATAL] Updater:308 - Updater called before beeing initialized
2023-07-25 21:35:18,275 [ERROR] CADModel:125 - Updater not yet initialized, retry later 
2023-07-25 21:35:18,282 [FATAL] Updater:308 - Updater called before beeing initialized
2023-07-25 21:35:18,495 [FATAL] Updater:308 - Updater called before beeing initialized
2023-07-25 21:35:18,507 [INFO] DbMcusAds:53 - JSON generation date=Tue Mar 07 10:50:55 EET 2023 (1678179055114)
2023-07-25 21:35:18,507 [FATAL] Updater:308 - Updater called before beeing initialized
2023-07-25 21:35:18,592 [WARN] DetailPanel:346 - Failed to get advertising image, set to default
2023-07-25 21:35:18,880 [FATAL] Updater:308 - Updater called before beeing initialized
2023-07-25 21:35:18,884 [FATAL] Updater:308 - Updater called before beeing initialized
2023-07-25 21:35:18,884 [FATAL] Updater:308 - Updater called before beeing initialized
2023-07-25 21:35:18,884 [WARN] DetailPanel:346 - Failed to get advertising image, set to default
2023-07-25 21:35:18,886 [FATAL] Updater:308 - Updater called before beeing initialized
2023-07-25 21:35:18,980 [ERROR] Updater:1120 - MainUpdater not yet initialized. External WinMGr cannot be set.
2023-07-25 21:35:18,984 [INFO] Updater:1056 - Updater Version found : 6.9.0
2023-07-25 21:35:19,021 [INFO] ApplicationProperties:184 - Using Application install path: C:\ST\STM32CubeIDE_1.12.1\STM32CubeIDE\plugins\com.st.stm32cube.common.mx_6.9.0.202307051724
2023-07-25 21:35:19,198 [INFO] ThirdPartyUpdaterWithRetryManager:70 - Updater plugin not ready yet. [2/15]
2023-07-25 21:35:19,252 [ERROR] ServerAccessManage:1146 - Warning during Server Connection :  Unknown host sw-center.st.com
2023-07-25 21:35:19,262 [INFO] MainUpdater:2868 - connection check result : 22
2023-07-25 21:35:19,264 [INFO] MainUpdater:285 - Updater Check For Update Now.
2023-07-25 21:35:19,264 [INFO] MicroXplorer:498 - Change Database Version : DB.6.0.90
2023-07-25 21:35:19,281 [INFO] McuFinderGlobals:63 - Set McuFinder mode to 2 (CubeIDE integrated)
2023-07-25 21:35:19,282 [INFO] UserAuth:179 - activating auth plugin
2023-07-25 21:35:19,289 [INFO] UserAuth:393 - Internet connection configuration mode: 2
2023-07-25 21:35:19,583 [INFO] CheckServerUpdateThread:120 - End of CheckServer Thread
2023-07-25 21:35:22,530 [WARN] PackLoader:240 - Cannot read IP mode file for STMicroelectronics.X-CUBE-SMBUS.2.1.0
2023-07-25 21:35:22,616 [WARN] PackLoader:240 - Cannot read IP mode file for STMicroelectronics.X-CUBE-AZRTOS-F7.1.1.0
2023-07-25 21:35:22,651 [WARN] PackLoader:240 - Cannot read IP mode file for STMicroelectronics.FP-SNS-MOTENV1.4.3.2
2023-07-25 21:35:22,669 [ERROR] RealEvaluatedCondition:428 - Found unsupported composite condition: CLASS='Data Exchange' GROUP='STM32_MetaDataManager'
2023-07-25 21:35:22,670 [ERROR] RealEvaluatedCondition:428 - Found unsupported composite condition: GROUP='STM32_MetaDataManager' CLASS='Data Exchange'
2023-07-25 21:35:22,673 [WARN] PackLoader:240 - Cannot read IP mode file for STMicroelectronics.FP-SNS-MOTENV1.4.3.1
2023-07-25 21:35:22,692 [WARN] PackLoader:240 - Cannot read IP mode file for STMicroelectronics.FP-SNS-FLIGHT1.5.0.1
2023-07-25 21:35:22,712 [WARN] PackLoader:240 - Cannot read IP mode file for STMicroelectronics.X-CUBE-BLE1.6.2.4
2023-07-25 21:35:22,734 [WARN] PackLoader:240 - Cannot read IP mode file for STMicroelectronics.X-CUBE-DISPLAY.3.0.0
2023-07-25 21:35:22,758 [WARN] PackLoader:240 - Cannot read IP mode file for STMicroelectronics.X-CUBE-TOUCHGFX.4.22.0
2023-07-25 21:35:22,786 [INFO] LogOutputStream:77 - [STDOUT_REDIRECT] 1 : Invalid condition id : UX_CORESTACK_Condition cause : null
2023-07-25 21:35:22,787 [INFO] LogOutputStream:77 - [STDOUT_REDIRECT] 1 : Invalid condition id : UX_CORESTACK_Condition cause : null
2023-07-25 21:35:22,793 [INFO] LogOutputStream:77 - [STDOUT_REDIRECT] 1 : Invalid condition id : UX_CORESTACK_Condition cause : null
2023-07-25 21:35:22,799 [INFO] LogOutputStream:77 - [STDOUT_REDIRECT] 1 : Invalid condition id : UX_CORESTACK_Condition cause : null
2023-07-25 21:35:22,803 [INFO] LogOutputStream:77 - [STDOUT_REDIRECT] 1 : Invalid condition id : UX_CORESTACK_Condition cause : null
2023-07-25 21:35:22,814 [WARN] PackLoader:240 - Cannot read IP mode file for STMicroelectronics.X-CUBE-AZRTOS-WL.2.0.0
2023-07-25 21:35:22,837 [WARN] PackLoader:240 - Cannot read IP mode file for WES.I-CUBE-Cesium.1.3.0
2023-07-25 21:35:22,853 [WARN] PackLoader:240 - Cannot read IP mode file for STMicroelectronics.X-CUBE-BLE2.3.3.0
2023-07-25 21:35:22,861 [WARN] PackLoader:240 - Cannot read IP mode file for STMicroelectronics.X-CUBE-TOUCHGFX.4.21.4
2023-07-25 21:35:22,876 [WARN] PackLoader:240 - Cannot read IP mode file for STMicroelectronics.X-CUBE-ALGOBUILD.1.3.0
2023-07-25 21:35:22,925 [WARN] PackLoader:240 - Cannot read IP mode file for STMicroelectronics.X-CUBE-AZRTOS-G0.1.1.0
2023-07-25 21:35:22,945 [WARN] PackLoader:240 - Cannot read IP mode file for STMicroelectronics.X-CUBE-NFC4.3.0.0
2023-07-25 21:35:22,961 [WARN] PackLoader:240 - Cannot read IP mode file for STMicroelectronics.FP-ATR-SIGFOX1.3.2.0
2023-07-25 21:35:23,049 [WARN] PackLoader:240 - Cannot read IP mode file for SEGGER.I-CUBE-embOS.1.3.1
2023-07-25 21:35:23,176 [WARN] PackLoader:240 - Cannot read IP mode file for STMicroelectronics.X-CUBE-GNSS1.6.0.0
2023-07-25 21:35:23,215 [WARN] PackLoader:240 - Cannot read IP mode file for STMicroelectronics.X-CUBE-AZRTOS-F4.1.1.0
2023-07-25 21:35:23,235 [WARN] PackLoader:240 - Cannot read IP mode file for wolfSSL.I-CUBE-wolfSSL.5.6.0
2023-07-25 21:35:23,334 [WARN] PackLoader:240 - Cannot read IP mode file for STMicroelectronics.X-CUBE-MEMS1.9.6.0
2023-07-25 21:35:23,672 [WARN] PackLoader:240 - Cannot read IP mode file for emotas.I-CUBE-CANOPEN.1.1.3
2023-07-25 21:35:23,688 [WARN] PackLoader:240 - Cannot read IP mode file for STMicroelectronics.X-CUBE-BLEMGR.2.0.0
2023-07-25 21:35:23,726 [WARN] ConditionMgr:438 - getConditionDescription Invalid condition id : UX DEVICE CLASS RTOS Condition cause : null
2023-07-25 21:35:23,727 [WARN] ConditionMgr:438 - getConditionDescription Invalid condition id : UX DEVICE CLASS RTOS Condition cause : null
2023-07-25 21:35:23,732 [WARN] PackLoader:240 - Cannot read IP mode file for STMicroelectronics.X-CUBE-AZRTOS-H7.3.1.0
2023-07-25 21:35:23,735 [WARN] ConditionMgr:1039 - genDependencies : Invalid condition id : UX DEVICE CLASS RTOS Condition cause : null
2023-07-25 21:35:23,736 [WARN] ConditionMgr:1039 - genDependencies : Invalid condition id : UX DEVICE CLASS RTOS Condition cause : null
2023-07-25 21:35:23,737 [WARN] ConditionMgr:1039 - genDependencies : Invalid condition id : UX DEVICE CLASS RTOS Condition cause : null
2023-07-25 21:35:23,739 [WARN] ConditionMgr:1039 - genDependencies : Invalid condition id : UX DEVICE CLASS RTOS Condition cause : null
2023-07-25 21:35:23,739 [WARN] ConditionMgr:1039 - genDependencies : Invalid condition id : UX DEVICE CLASS RTOS Condition cause : null
2023-07-25 21:35:23,764 [WARN] PackLoader:240 - Cannot read IP mode file for STMicroelectronics.X-CUBE-NFC7.1.0.1
2023-07-25 21:35:23,780 [WARN] PackLoader:240 - Cannot read IP mode file for STMicroelectronics.X-CUBE-EEPRMA1.4.1.0
2023-07-25 21:35:23,820 [WARN] ConditionMgr:438 - getConditionDescription Invalid condition id : LAN8742 Phy interface Condition cause : null
2023-07-25 21:35:23,822 [WARN] PackLoader:240 - Cannot read IP mode file for STMicroelectronics.X-CUBE-AZRTOS-L4.2.0.0
2023-07-25 21:35:23,825 [WARN] ConditionMgr:1039 - genDependencies : Invalid condition id : LAN8742 Phy interface Condition cause : null
2023-07-25 21:35:23,826 [WARN] ConditionMgr:1039 - genDependencies : Invalid condition id : LAN8742 Phy interface Condition cause : null
2023-07-25 21:35:23,827 [WARN] ConditionMgr:1039 - genDependencies : Invalid condition id : LAN8742 Phy interface Condition cause : null
2023-07-25 21:35:23,850 [WARN] PackLoader:240 - Cannot read IP mode file for STMicroelectronics.X-CUBE-SFXS2LP1.4.0.0
2023-07-25 21:35:23,863 [WARN] PackLoader:240 - Cannot read IP mode file for STMicroelectronics.X-CUBE-ISPU.1.1.0
2023-07-25 21:35:23,876 [WARN] PackLoader:240 - Cannot read IP mode file for STMicroelectronics.X-CUBE-FREERTOS.1.0.1
2023-07-25 21:35:23,907 [WARN] PackLoader:240 - Cannot read IP mode file for STMicroelectronics.X-CUBE-AZRTOS-L5.1.1.0
2023-07-25 21:35:23,922 [WARN] PackLoader:240 - Cannot read IP mode file for STMicroelectronics.X-CUBE-AI.8.0.1
2023-07-25 21:35:23,944 [WARN] PackLoader:240 - Cannot read IP mode file for STMicroelectronics.X-CUBE-SUBG2.5.0.0
2023-07-25 21:35:23,977 [WARN] PackLoader:240 - Cannot read IP mode file for STMicroelectronics.X-CUBE-TOF1.3.3.1
2023-07-25 21:35:24,028 [WARN] PackLoader:240 - Cannot read IP mode file for STMicroelectronics.X-CUBE-AZRTOS-G4.2.0.0
2023-07-25 21:35:24,052 [WARN] PackLoader:240 - Cannot read IP mode file for STMicroelectronics.X-CUBE-TOF1.3.3.0
2023-07-25 21:35:24,138 [WARN] PackLoader:240 - Cannot read IP mode file for portGmbH.I-Cube-SoM-uGOAL.1.1.0
2023-07-25 21:35:24,157 [WARN] PackLoader:240 - Cannot read IP mode file for STMicroelectronics.X-CUBE-ALS.1.0.1
2023-07-25 21:35:24,192 [WARN] PackLoader:240 - Cannot read IP mode file for STMicroelectronics.X-CUBE-AZRTOS-WB.1.1.0
2023-07-25 21:35:24,214 [WARN] PackLoader:240 - Cannot read IP mode file for STMicroelectronics.FP-ATR-ASTRA1.2.0.0
2023-07-25 21:35:24,217 [INFO] ThirdParty:978 - Integrity check success = true
2023-07-25 21:35:24,217 [INFO] IntegrityCheckThread:100 - exiting critical section [integrity check]
2023-07-25 21:35:24,217 [INFO] IntegrityCheckThread:103 - End integrity checks thread
2023-07-25 21:35:41,059 [ERROR] LogOutputStream:75 - [STDERR_REDIRECT] SLF4J: Failed to load class "org.slf4j.impl.StaticLoggerBinder".
2023-07-25 21:35:41,060 [ERROR] LogOutputStream:75 - [STDERR_REDIRECT] SLF4J: Defaulting to no-operation (NOP) logger implementation
2023-07-25 21:35:41,065 [ERROR] LogOutputStream:75 - [STDERR_REDIRECT] SLF4J: See http://www.slf4j.org/codes.html#StaticLoggerBinder for further details.
2023-07-25 21:35:53,666 [INFO] McuFinderGlobals:63 - Set McuFinder mode to 2 (CubeIDE integrated)
2023-07-25 21:35:53,687 [ERROR] ServerAccessManage:1146 - Warning during Server Connection :  Unknown host sw-center.st.com
2023-07-25 21:35:53,690 [INFO] MainUpdater:2868 - connection check result : 22
2023-07-25 21:35:53,708 [ERROR] ServerAccessManage:1146 - Warning during Server Connection :  Unknown host sw-center.st.com
2023-07-25 21:35:53,711 [INFO] MainUpdater:2868 - connection check result : 22
2023-07-25 21:35:57,809 [INFO] MicroXplorer:468 - Change Database Path : 
2023-07-25 21:35:57,810 [INFO] MicroXplorer:498 - Change Database Version : DB.6.0.90
2023-07-25 21:35:57,821 [WARN] ThirdParty:871 - waiting for thirdparty lock release [close project]
2023-07-25 21:35:57,821 [INFO] ThirdParty:873 - entering critical section [close project]
2023-07-25 21:35:57,823 [INFO] ThirdParty:883 - exiting critical section [close project]
2023-07-25 21:35:57,828 [INFO] PinOutPanel:1499 - setPackage(No Configuration,No Configuration)
2023-07-25 21:35:57,842 [INFO] UtilMem:75 - Begin LoadConfig() Used Memory: 203273688 Bytes (268435456)
2023-07-25 21:35:57,848 [INFO] MicroXplorer:468 - Change Database Path : 
2023-07-25 21:35:57,848 [INFO] MicroXplorer:498 - Change Database Version : DB.6.0.90
2023-07-25 21:35:57,849 [INFO] OpenFileManager:308 - Change cursor
2023-07-25 21:35:57,997 [INFO] Mcu:1946 - Initializing MCU STM32F103R(C-D-E)Tx STM32F103RCTx STM32F103RCT6
2023-07-25 21:36:02,307 [INFO] Context:659 - Trying to add GPIOservice into a context  which must be forbidden
2023-07-25 21:36:05,331 [INFO] RtosManager:555 - Registered RTOS mode: class=CMSIS, group=RTOS, mode=CMSIS_V1, owner=FREERTOS
2023-07-25 21:36:05,332 [INFO] RtosManager:555 - Registered RTOS mode: class=CMSIS, group=RTOS2, mode=CMSIS_V2, owner=FREERTOS
2023-07-25 21:36:05,332 [INFO] RtosManager:555 - Registered RTOS mode: class=RTOS, group=Core, mode=CMSIS_V1, owner=FREERTOS
2023-07-25 21:36:05,332 [INFO] RtosManager:555 - Registered RTOS mode: class=RTOS, group=Core, mode=CMSIS_V2, owner=FREERTOS
2023-07-25 21:36:05,333 [WARN] ModelIntegratedComponent:184 - Missing modes for component STMicroelectronics:FreeRTOS:0.0.1:STMicroelectronics:RTOS:FreeRTOS:Core:::10.2.0:
2023-07-25 21:36:05,402 [WARN] ModelIntegratedComponent:63 - No mode defined for component null
2023-07-25 21:36:05,402 [WARN] ModelIntegratedComponent:63 - No mode defined for component null
2023-07-25 21:36:05,402 [WARN] ModelIntegratedComponent:63 - No mode defined for component null
2023-07-25 21:36:05,402 [WARN] ModelIntegratedComponent:63 - No mode defined for component null
2023-07-25 21:36:05,403 [WARN] ModelIntegratedComponent:63 - No mode defined for component null
2023-07-25 21:36:05,403 [WARN] ModelIntegratedComponent:63 - No mode defined for component null
2023-07-25 21:36:05,403 [WARN] ModelIntegratedComponent:63 - No mode defined for component null
2023-07-25 21:36:05,403 [WARN] ModelIntegratedComponent:63 - No mode defined for component null
2023-07-25 21:36:05,403 [WARN] ModelIntegratedComponent:63 - No mode defined for component null
2023-07-25 21:36:05,403 [WARN] ModelIntegratedComponent:63 - No mode defined for component null
2023-07-25 21:36:05,403 [WARN] ModelIntegratedComponent:63 - No mode defined for component null
2023-07-25 21:36:05,403 [WARN] ModelIntegratedComponent:63 - No mode defined for component null
2023-07-25 21:36:05,404 [WARN] ModelIntegratedComponent:63 - No mode defined for component null
2023-07-25 21:36:05,404 [WARN] ModelIntegratedComponent:63 - No mode defined for component null
2023-07-25 21:36:05,404 [WARN] ModelIntegratedComponent:63 - No mode defined for component null
2023-07-25 21:36:05,404 [WARN] ModelIntegratedComponent:63 - No mode defined for component null
2023-07-25 21:36:05,404 [WARN] ModelIntegratedComponent:63 - No mode defined for component null
2023-07-25 21:36:05,404 [WARN] ModelIntegratedComponent:63 - No mode defined for component null
2023-07-25 21:36:05,404 [WARN] ModelIntegratedComponent:63 - No mode defined for component null
2023-07-25 21:36:05,404 [WARN] ModelIntegratedComponent:63 - No mode defined for component null
2023-07-25 21:36:05,405 [WARN] ModelIntegratedComponent:63 - No mode defined for component null
2023-07-25 21:36:05,405 [WARN] ModelIntegratedComponent:63 - No mode defined for component null
2023-07-25 21:36:05,405 [WARN] ModelIntegratedComponent:63 - No mode defined for component null
2023-07-25 21:36:05,405 [WARN] ModelIntegratedComponent:63 - No mode defined for component null
2023-07-25 21:36:05,405 [WARN] ModelIntegratedComponent:63 - No mode defined for component null
2023-07-25 21:36:05,405 [WARN] ModelIntegratedComponent:63 - No mode defined for component null
2023-07-25 21:36:05,405 [WARN] ModelIntegratedComponent:63 - No mode defined for component null
2023-07-25 21:36:05,406 [WARN] ModelIntegratedComponent:63 - No mode defined for component null
2023-07-25 21:36:05,406 [WARN] ModelIntegratedComponent:63 - No mode defined for component null
2023-07-25 21:36:05,406 [WARN] ModelIntegratedComponent:63 - No mode defined for component null
2023-07-25 21:36:05,406 [WARN] ModelIntegratedComponent:63 - No mode defined for component null
2023-07-25 21:36:05,406 [WARN] ModelIntegratedComponent:63 - No mode defined for component null
2023-07-25 21:36:05,406 [WARN] ModelIntegratedComponent:63 - No mode defined for component null
2023-07-25 21:36:05,605 [INFO] ThirdPartyModel:298 - Start build external matchings
2023-07-25 21:36:07,440 [INFO] ThirdPartyModel:316 - End build external matchings
2023-07-25 21:36:07,509 [INFO] ImportTextPane:194 - (OptionalMessage_ERROR) IP (DMA) : Parameter (Instance) has Id (SPI1_TX) currently not set
2023-07-25 21:36:07,510 [INFO] ImportTextPane:194 - (OptionalMessage_ERROR) IP (DMA) : Parameter (Direction) has Id (SPI1_TX) currently not set
2023-07-25 21:36:07,519 [INFO] ImportTextPane:194 - (OptionalMessage_ERROR) IP (DMA) : Parameter (PeriphInc) has Id (SPI1_TX) currently not set
2023-07-25 21:36:07,520 [INFO] ImportTextPane:194 - (OptionalMessage_ERROR) IP (DMA) : Parameter (MemInc) has Id (SPI1_TX) currently not set
2023-07-25 21:36:07,521 [INFO] ImportTextPane:194 - (OptionalMessage_ERROR) IP (DMA) : Parameter (PeriphDataAlignment) has Id (SPI1_TX) currently not set
2023-07-25 21:36:07,523 [INFO] ImportTextPane:194 - (OptionalMessage_ERROR) IP (DMA) : Parameter (MemDataAlignment) has Id (SPI1_TX) currently not set
2023-07-25 21:36:07,524 [INFO] ImportTextPane:194 - (OptionalMessage_ERROR) IP (DMA) : Parameter (Mode) has Id (SPI1_TX) currently not set
2023-07-25 21:36:07,524 [INFO] ImportTextPane:194 - (OptionalMessage_ERROR) IP (DMA) : Parameter (Priority) has Id (SPI1_TX) currently not set
2023-07-25 21:36:07,527 [INFO] ImportTextPane:194 - (OptionalMessage_ERROR) IP (RCC) : Parameter (ADCFreqValue) has invalid value (36000000)
2023-07-25 21:36:07,529 [INFO] ImportTextPane:194 - (OptionalMessage_ERROR) IP (RCC) : Invalid parameter (FamilyName)
2023-07-25 21:36:07,529 [INFO] ImportTextPane:194 - (OptionalMessage_ERROR) IP (RCC) : Parameter (MCOFreq_Value) has invalid value (72000000)
2023-07-25 21:36:09,462 [INFO] UtilMem:75 - End LoadConfig() Used Memory: 223198592 Bytes (484442112)
2023-07-25 21:36:09,870 [INFO] ApiDb:581 - Connected to CubeFinder SQLite database (C:\Users\inflamer\.stmcufinder\plugins\mcufinder\mcu\cube-finder-db.db)
2023-07-25 21:36:10,149 [INFO] ApiDb:668 - CubeFinder database Data Model version=2.1
2023-07-25 21:36:10,149 [INFO] ApiDb:669 - CubeFinder database Configuration version=3.0.37
2023-07-25 21:36:10,150 [INFO] ApiDb:670 - CubeFinder database generation date=2023-06-26 (1687786131)
2023-07-25 21:36:10,150 [INFO] ApiDb:671 - CubeFinder database FW Pack versions=[FP-ATR-ASTRA1_V2.0.0, FP-SNS-FLIGHT1_V5.0.1, FP-SNS-MOTENV1_V4.3.1, STM32Cube_FW_C0_V1.1.0, STM32Cube_FW_F4_V1.27.1, STM32Cube_FW_F7_V1.17.0, STM32Cube_FW_G0_V1.6.1, STM32Cube_FW_G4_V1.5.1, STM32Cube_FW_H5_V0.5.1, STM32Cube_FW_H5_V1.1.0, STM32Cube_FW_H7_V1.11.0, STM32Cube_FW_L0_V1.12.2, STM32Cube_FW_L5_V1.5.0, STM32Cube_FW_U5_V1.3.0, STM32Cube_FW_U5_V1.3.0RC4, STM32Cube_FW_WBA_V1.0.0RC1, STM32Cube_FW_WBA_V1.1.0, STM32Cube_FW_WBA_V1.1.0RC1, STM32Cube_FW_WB_V1.15.0RC1, STM32Cube_FW_WB_V1.16.0, STM32Cube_FW_WB_V1.16.0RC2, STM32Cube_FW_WB_V1.17.0, STM32Cube_FW_WL_V1.3.0, X-CUBE-ALGOBUILD_V1.3.0, X-CUBE-ALS_V1.0.1, X-CUBE-AZRTOS-F4_V1.1.0, X-CUBE-AZRTOS-F7_V1.1.0, X-CUBE-AZRTOS-G0_V1.1.0, X-CUBE-AZRTOS-G4_V2.0.0, X-CUBE-AZRTOS-H7_V3.1.0, X-CUBE-AZRTOS-L4_V1.0.0, X-CUBE-AZRTOS-L4_V2.0.0, X-CUBE-AZRTOS-L5_V1.1.0, X-CUBE-AZRTOS-WB_V1.1.0, X-CUBE-AZRTOS-WL_V2.0.0, X-CUBE-BLE1_V6.2.4, X-CUBE-BLE2_V3.3.0, X-CUBE-BLEMGR_V2.0.0, X-CUBE-EEPRMA1_V4.1.0, X-CUBE-FREERTOS_V1.0.1, X-CUBE-GNSS1_V6.0.0, X-CUBE-MEMS1_V9.1.0, X-CUBE-MEMS1_V9.4.0, X-CUBE-MEMS1_V9.6.0, X-CUBE-NFC4_V3.0.0, X-CUBE-NFC7_V1.0.0, X-CUBE-SFXS2LP1_V4.0.0, X-CUBE-SUBG2_V5.0.0]
2023-07-25 21:36:21,230 [INFO] ApiDb:240 - Found 323 in-development CPN: [B-G473E-ZEST1S, B-WB1M-WPAN1, B-WL5M-SUBG1, NUCLEO-C031C6, NUCLEO-H503RB, NUCLEO-H563ZI, NUCLEO-U545RE-Q, NUCLEO-U5A5ZJ-Q, NUCLEO-WBA52CG, STEVAL-PROTEUS1, STEVAL-SMARTAG2, STEVAL-STWINBX1, STM320518-EVAL, STM32C0116-DK, STM32C011D6Y3TR, STM32C011D6Y6TR, STM32C011F4P3, STM32C011F4P6, STM32C011F4U3, STM32C011F4U6TR, STM32C011F6P3, STM32C011F6P6, STM32C011F6U3, STM32C011F6U6TR, STM32C011J4M3, STM32C011J4M6, STM32C011J6M3, STM32C011J6M6, STM32C0316-DK, STM32C031C4T3, STM32C031C4T6, STM32C031C4U3, STM32C031C4U6, STM32C031C6T3, STM32C031C6T6, STM32C031C6U3, STM32C031C6U6, STM32C031F4P3, STM32C031F4P6, STM32C031F6P3, STM32C031F6P6, STM32C031G4U3, STM32C031G4U6, STM32C031G6U3, STM32C031G6U6, STM32C031K4T3, STM32C031K4T6, STM32C031K4U3, STM32C031K4U6, STM32C031K6T3, STM32C031K6T6, STM32C031K6U3, STM32C031K6U6, STM32G071K8TXN, STM32G071K8UXN, STM32G081GBU6N, STM32G081KBT6N, STM32G081KBUXN, STM32G0B1CCT6N, STM32G0B1KCT6, STM32G0B1NEY6TR, STM32G0B1RCT6N, STM32G0C1CCT6, STM32G0C1CCT6N, STM32G0C1CCU6N, STM32G0C1CET6N, STM32G0C1CEU6N, STM32G0C1KCT6, STM32G0C1NEY6TR, STM32G0C1RCI6N, STM32G0C1RCT6N, STM32G0C1REI6N, STM32G0C1RET6N, STM32G0C1VCI6, STM32G0C1VEI6, STM32G471CCT6, STM32G471CCU6, STM32G471CET3, STM32G471CET6, STM32G471CEU3, STM32G471CEU6, STM32G471MCT6, STM32G471MET3, STM32G471MET6, STM32G471MEY6TR, STM32G471QCT6, STM32G471QET3, STM32G471RCT6, STM32G471RET3, STM32G471RET6, STM32G471VCH6, STM32G471VCI6, STM32G471VCT6, STM32G471VEH3, STM32G471VEH6, STM32G471VEI3, STM32G471VEI6, STM32G471VET3, STM32G471VET6, STM32G474CCT6, STM32H503CBT6, STM32H503CBU6, STM32H503EBY6TR, STM32H503KBU6, STM32H503RBT6, STM32H562AGI6, STM32H562AII6, STM32H562IGK6, STM32H562IGT6, STM32H562IIK6, STM32H562IIT6, STM32H562RGT6, STM32H562RGV6, STM32H562RIT6, STM32H562RIV6, STM32H562VGT6, STM32H562VIT6, STM32H562ZGT6, STM32H562ZIT6, STM32H563AGI6, STM32H563AII3Q, STM32H563AII6, STM32H563IGK6, STM32H563IGT6, STM32H563IIK3Q, STM32H563IIK6, STM32H563IIT3Q, STM32H563IIT6, STM32H563MIY3QTR, STM32H563RGT6, STM32H563RGV6, STM32H563RIT6, STM32H563RIV6, STM32H563VGT6, STM32H563VIT3Q, STM32H563VIT6, STM32H563ZGT6, STM32H563ZIT3Q, STM32H563ZIT6, STM32H573AII3Q, STM32H573AII6, STM32H573I-DK, STM32H573IIK3Q, STM32H573IIK6, STM32H573IIT3Q, STM32H573IIT6, STM32H573MIY3QTR, STM32H573RIT6, STM32H573RIV6, STM32H573VIT3Q, STM32H573VIT6, STM32H573ZIT3Q, STM32H573ZIT6, STM32L4R5QGI6STR, STM32MP131AAE3, STM32MP131AAF3, STM32MP131AAG3, STM32MP131CAE3, STM32MP131CAF3, STM32MP131CAG3, STM32MP131DAE7, STM32MP131DAF7, STM32MP131DAG7, STM32MP131FAE7, STM32MP131FAF7, STM32MP131FAG7, STM32MP133AAE3, STM32MP133AAF3, STM32MP133AAG3, STM32MP133CAE3, STM32MP133CAF3, STM32MP133CAG3, STM32MP133DAE7, STM32MP133DAF7, STM32MP133DAG7, STM32MP133FAE7, STM32MP133FAF7, STM32MP133FAG7, STM32MP135AAE3, STM32MP135AAF3, STM32MP135AAG3, STM32MP135CAE3, STM32MP135CAF3, STM32MP135CAG3, STM32MP135DAE7, STM32MP135DAF7, STM32MP135DAG7, STM32MP135F-DK, STM32MP135FAE7, STM32MP135FAF7, STM32MP135FAF7T, STM32MP135FAF7U, STM32MP135FAG7, STM32U535CBT6, STM32U535CBT6Q, STM32U535CBU6, STM32U535CBU6Q, STM32U535CCT6, STM32U535CCT6Q, STM32U535CCU6, STM32U535CCU6Q, STM32U535CET6, STM32U535CET6Q, STM32U535CEU6, STM32U535CEU6Q, STM32U535JEY6QTR, STM32U535NCY6QTR, STM32U535NEY6QTR, STM32U535RBI6, STM32U535RBI6Q, STM32U535RBT6, STM32U535RBT6Q, STM32U535RCI6, STM32U535RCI6Q, STM32U535RCT6, STM32U535RCT6Q, STM32U535REI6, STM32U535REI6Q, STM32U535RET6, STM32U535RET6Q, STM32U535VCI6, STM32U535VCI6Q, STM32U535VCT6, STM32U535VCT6Q, STM32U535VEI6, STM32U535VEI6Q, STM32U535VET6, STM32U535VET6Q, STM32U545CET6, STM32U545CET6Q, STM32U545CEU6, STM32U545CEU6Q, STM32U545JEY6QTR, STM32U545NEY6QTR, STM32U545REI6, STM32U545REI6Q, STM32U545RET6, STM32U545RET6Q, STM32U545VEI6, STM32U545VEI6Q, STM32U545VET6, STM32U545VET6Q, STM32U595AIH6, STM32U595AIH6Q, STM32U595AJH6, STM32U595AJH6Q, STM32U595QII6, STM32U595QII6Q, STM32U595QJI6, STM32U595QJI6Q, STM32U595RIT6, STM32U595RIT6Q, STM32U595RJT6, STM32U595RJT6Q, STM32U595VIT6, STM32U595VIT6Q, STM32U595VJT6, STM32U595VJT6Q, STM32U595ZIT6, STM32U595ZIT6Q, STM32U595ZIY6QTR, STM32U595ZJT6, STM32U595ZJT6Q, STM32U595ZJY6QTR, STM32U599BJY6QTR, STM32U599NIH6Q, STM32U599NJH6Q, STM32U599VIT6Q, STM32U599VJT6, STM32U599VJT6Q, STM32U599ZIT6Q, STM32U599ZIY6QTR, STM32U599ZJT6Q, STM32U599ZJY6QTR, STM32U5A5AJH6, STM32U5A5AJH6Q, STM32U5A5QJI6, STM32U5A5QJI6Q, STM32U5A5RJT6, STM32U5A5RJT6Q, STM32U5A5VJT6, STM32U5A5VJT6Q, STM32U5A5ZJT6, STM32U5A5ZJT6Q, STM32U5A5ZJY6QTR, STM32U5A9BJY6QTR, STM32U5A9J-DK, STM32U5A9NJH6Q, STM32U5A9VJT6Q, STM32U5A9ZJT6Q, STM32U5A9ZJY6QTR, STM32U5F7VIT6, STM32U5F7VIT6Q, STM32U5F7VJT6, STM32U5F7VJT6Q, STM32U5F9BJY6QTR, STM32U5F9NJH6Q, STM32U5F9VIT6Q, STM32U5F9VJT6Q, STM32U5F9ZIJ6QTR, STM32U5F9ZIT6Q, STM32U5F9ZJJ6QTR, STM32U5F9ZJT6Q, STM32U5G7VJT6, STM32U5G7VJT6Q, STM32U5G9BJY6QTR, STM32U5G9J-DK1, STM32U5G9J-DK2, STM32U5G9NJH6Q, STM32U5G9VJT6Q, STM32U5G9ZJJ6QTR, STM32U5G9ZJT6Q, STM32WB1MMCH6, STM32WBA52CEU6, STM32WBA52CEU6T, STM32WBA52CGU6, STM32WBA52CGU6T, STM32WBA52KEU6, STM32WBA52KEU6T, STM32WBA52KGU6, STM32WBA52KGU6T, STM32WL5MOCH6, STM32WL5MOCH6TR]
2023-07-25 21:36:21,241 [INFO] DbMcus:217 - Found 3848 MCUs, 3848 are supported
2023-07-25 21:36:21,243 [INFO] ApiDb:423 - Load user favorites file C:\Users\inflamer/.stm32cubeide/favorites.mcus.txt: 0 item(s)
2023-07-25 21:36:21,244 [INFO] ApiDb:427 - User favorites MCUs=[]
2023-07-25 21:36:21,245 [INFO] DbMcus:223 - Set 0 / 0 favorites MCUs
2023-07-25 21:36:22,458 [WARN] ThirdParty:833 - waiting for thirdparty lock release [change project]
2023-07-25 21:36:22,458 [INFO] ThirdParty:835 - entering critical section [change project]
2023-07-25 21:36:22,461 [INFO] ThirdParty:1030 - CMSIS Pack Vendor :STMicroelectronics X-CUBE-ISPU 1.1.0
2023-07-25 21:36:22,461 [INFO] ThirdParty:1030 - CMSIS Pack Vendor :STMicroelectronics USBPD 4.1
2023-07-25 21:36:22,461 [INFO] ThirdParty:1030 - CMSIS Pack Vendor :STMicroelectronics X-CUBE-GNSS1 6.0.0
2023-07-25 21:36:22,461 [INFO] ThirdParty:1030 - CMSIS Pack Vendor :STMicroelectronics USB_HOST 2.0.0
2023-07-25 21:36:22,462 [INFO] ThirdParty:1030 - CMSIS Pack Vendor :STMicroelectronics X-CUBE-AZRTOS-F4 1.1.0
2023-07-25 21:36:22,462 [INFO] ThirdParty:1030 - CMSIS Pack Vendor :STMicroelectronics LIBJPEG 8.0.0
2023-07-25 21:36:22,462 [INFO] ThirdParty:1030 - CMSIS Pack Vendor :STMicroelectronics X-CUBE-SMBUS 2.1.0
2023-07-25 21:36:22,462 [INFO] ThirdParty:1030 - CMSIS Pack Vendor :wolfSSL I-CUBE-wolfSSL 5.6.0
2023-07-25 21:36:22,462 [INFO] ThirdParty:1030 - CMSIS Pack Vendor :STMicroelectronics USB_DEVICE 3.0.0
2023-07-25 21:36:22,462 [INFO] ThirdParty:1030 - CMSIS Pack Vendor :STMicroelectronics X-CUBE-FREERTOS 1.0.1
2023-07-25 21:36:22,462 [INFO] ThirdParty:1030 - CMSIS Pack Vendor :STMicroelectronics X-CUBE-AZRTOS-F7 1.1.0
2023-07-25 21:36:22,463 [INFO] ThirdParty:1030 - CMSIS Pack Vendor :STMicroelectronics X-CUBE-TOUCHGFX 4.21.4
2023-07-25 21:36:22,463 [INFO] ThirdParty:1030 - CMSIS Pack Vendor :STMicroelectronics USB_DEVICE 2.0.0
2023-07-25 21:36:22,463 [INFO] ThirdParty:1030 - CMSIS Pack Vendor :STMicroelectronics X-CUBE-MEMS1 9.6.0
2023-07-25 21:36:22,463 [INFO] ThirdParty:1030 - CMSIS Pack Vendor :STMicroelectronics FP-SNS-MOTENV1 4.3.2
2023-07-25 21:36:22,463 [INFO] ThirdParty:1030 - CMSIS Pack Vendor :STMicroelectronics FP-SNS-MOTENV1 4.3.1
2023-07-25 21:36:22,463 [INFO] ThirdParty:1030 - CMSIS Pack Vendor :STMicroelectronics FP-SNS-FLIGHT1 5.0.1
2023-07-25 21:36:22,463 [INFO] ThirdParty:1030 - CMSIS Pack Vendor :STMicroelectronics X-CUBE-ALGOBUILD 1.3.0
2023-07-25 21:36:22,464 [INFO] ThirdParty:1030 - CMSIS Pack Vendor :STMicroelectronics X-CUBE-BLE1 6.2.4
2023-07-25 21:36:22,464 [INFO] ThirdParty:1030 - CMSIS Pack Vendor :STMicroelectronics X-CUBE-AZRTOS-L5 1.1.0
2023-07-25 21:36:22,464 [INFO] ThirdParty:1030 - CMSIS Pack Vendor :STMicroelectronics FreeRTOS 0.0.1
2023-07-25 21:36:22,464 [INFO] ThirdParty:1030 - CMSIS Pack Vendor :STMicroelectronics X-CUBE-AZRTOS-G0 1.1.0
2023-07-25 21:36:22,464 [INFO] ThirdParty:1030 - CMSIS Pack Vendor :emotas I-CUBE-CANOPEN 1.1.3
2023-07-25 21:36:22,464 [INFO] ThirdParty:1030 - CMSIS Pack Vendor :STMicroelectronics X-CUBE-BLEMGR 2.0.0
2023-07-25 21:36:22,464 [INFO] ThirdParty:1030 - CMSIS Pack Vendor :STMicroelectronics X-CUBE-AI 8.0.1
2023-07-25 21:36:22,464 [INFO] ThirdParty:1030 - CMSIS Pack Vendor :STMicroelectronics X-CUBE-NFC4 3.0.0
2023-07-25 21:36:22,465 [INFO] ThirdParty:1030 - CMSIS Pack Vendor :STMicroelectronics X-CUBE-SUBG2 5.0.0
2023-07-25 21:36:22,465 [INFO] ThirdParty:1030 - CMSIS Pack Vendor :STMicroelectronics STM32_WPAN 1.0.0
2023-07-25 21:36:22,465 [INFO] ThirdParty:1030 - CMSIS Pack Vendor :STMicroelectronics lwIP 2.0.3
2023-07-25 21:36:22,465 [INFO] ThirdParty:1030 - CMSIS Pack Vendor :STMicroelectronics USB_HOST 1.0.0
2023-07-25 21:36:22,465 [INFO] ThirdParty:1030 - CMSIS Pack Vendor :STMicroelectronics X-CUBE-TOF1 3.3.1
2023-07-25 21:36:22,465 [INFO] ThirdParty:1030 - CMSIS Pack Vendor :STMicroelectronics X-CUBE-AZRTOS-G4 2.0.0
2023-07-25 21:36:22,466 [INFO] ThirdParty:1030 - CMSIS Pack Vendor :STMicroelectronics PDM2PCM 3.1.0
2023-07-25 21:36:22,466 [INFO] ThirdParty:1030 - CMSIS Pack Vendor :STMicroelectronics X-CUBE-AZRTOS-H7 3.1.0
2023-07-25 21:36:22,466 [INFO] ThirdParty:1030 - CMSIS Pack Vendor :STMicroelectronics X-CUBE-TOF1 3.3.0
2023-07-25 21:36:22,466 [INFO] ThirdParty:1030 - CMSIS Pack Vendor :STMicroelectronics PDM2PCM 3.3.0
2023-07-25 21:36:22,466 [INFO] ThirdParty:1030 - CMSIS Pack Vendor :STMicroelectronics X-CUBE-DISPLAY 3.0.0
2023-07-25 21:36:22,466 [INFO] ThirdParty:1030 - CMSIS Pack Vendor :STMicroelectronics FP-ATR-SIGFOX1 3.2.0
2023-07-25 21:36:22,466 [INFO] ThirdParty:1030 - CMSIS Pack Vendor :STMicroelectronics HAL Drivers 0.0.0
2023-07-25 21:36:22,467 [INFO] ThirdParty:1030 - CMSIS Pack Vendor :STMicroelectronics MBEDTLS 2.16.2
2023-07-25 21:36:22,467 [INFO] ThirdParty:1030 - CMSIS Pack Vendor :STMicroelectronics X-CUBE-TOUCHGFX 4.22.0
2023-07-25 21:36:22,467 [INFO] ThirdParty:1030 - CMSIS Pack Vendor :STMicroelectronics X-CUBE-NFC7 1.0.1
2023-07-25 21:36:22,467 [INFO] ThirdParty:1030 - CMSIS Pack Vendor :STMicroelectronics MBEDTLS 2.14.1
2023-07-25 21:36:22,467 [INFO] ThirdParty:1030 - CMSIS Pack Vendor :STMicroelectronics X-CUBE-EEPRMA1 4.1.0
2023-07-25 21:36:22,467 [INFO] ThirdParty:1030 - CMSIS Pack Vendor :portGmbH I-Cube-SoM-uGOAL 1.1.0
2023-07-25 21:36:22,468 [INFO] ThirdParty:1030 - CMSIS Pack Vendor :STMicroelectronics X-CUBE-ALS 1.0.1
2023-07-25 21:36:22,468 [INFO] ThirdParty:1030 - CMSIS Pack Vendor :STMicroelectronics ThreadX 1.0.0
2023-07-25 21:36:22,468 [INFO] ThirdParty:1030 - CMSIS Pack Vendor :STMicroelectronics X-CUBE-AZRTOS-WB 1.1.0
2023-07-25 21:36:22,468 [INFO] ThirdParty:1030 - CMSIS Pack Vendor :STMicroelectronics X-CUBE-AZRTOS-WL 2.0.0
2023-07-25 21:36:22,468 [INFO] ThirdParty:1030 - CMSIS Pack Vendor :SEGGER I-CUBE-embOS 1.3.1
2023-07-25 21:36:22,468 [INFO] ThirdParty:1030 - CMSIS Pack Vendor :STMicroelectronics USB_DEVICE 1.0.0
2023-07-25 21:36:22,468 [INFO] ThirdParty:1030 - CMSIS Pack Vendor :STMicroelectronics X-CUBE-AZRTOS-L4 2.0.0
2023-07-25 21:36:22,469 [INFO] ThirdParty:1030 - CMSIS Pack Vendor :STMicroelectronics ThreadX 0.0.2
2023-07-25 21:36:22,469 [INFO] ThirdParty:1030 - CMSIS Pack Vendor :WES I-CUBE-Cesium 1.3.0
2023-07-25 21:36:22,469 [INFO] ThirdParty:1030 - CMSIS Pack Vendor :STMicroelectronics FP-ATR-ASTRA1 2.0.0
2023-07-25 21:36:22,469 [INFO] ThirdParty:1030 - CMSIS Pack Vendor :STMicroelectronics lwIP 2.1.2
2023-07-25 21:36:22,469 [INFO] ThirdParty:1030 - CMSIS Pack Vendor :STMicroelectronics X-CUBE-SFXS2LP1 4.0.0
2023-07-25 21:36:22,469 [INFO] ThirdParty:1030 - CMSIS Pack Vendor :STMicroelectronics X-CUBE-BLE2 3.3.0
2023-07-25 21:36:22,470 [INFO] ThirdParty:1030 - CMSIS Pack Vendor :STMicroelectronics PDM2PCM 3.2.0
2023-07-25 21:36:22,470 [INFO] ThirdParty:841 - exiting critical section [change project]
2023-07-25 21:36:23,746 [INFO] PinOutPanel:1499 - setPackage(No Configuration,No Configuration)
2023-07-25 21:36:23,751 [INFO] PinOutPanel:1499 - setPackage(STM32F103RCTx,LQFP64)
2023-07-25 21:36:26,159 [INFO] UtilMem:75 - Before build in PCC Used Memory: 232643592 Bytes (484442112)
2023-07-25 21:36:28,408 [INFO] UtilMem:75 - After build in PCC Used Memory: 305316728 Bytes (484442112)
2023-07-25 21:36:28,486 [INFO] IPUIPlugin:80 - create IPUIPlugin
2023-07-25 21:36:28,487 [INFO] IPUIPlugin:80 - create IPUIPlugin
2023-07-25 21:36:28,487 [INFO] IPUIPlugin:80 - create IPUIPlugin
2023-07-25 21:36:28,487 [INFO] IPUIPlugin:80 - create IPUIPlugin
2023-07-25 21:36:28,488 [INFO] IPUIPlugin:80 - create IPUIPlugin
2023-07-25 21:36:28,488 [INFO] IPUIPlugin:80 - create IPUIPlugin
2023-07-25 21:36:28,488 [INFO] IPUIPlugin:80 - create IPUIPlugin
2023-07-25 21:36:28,489 [INFO] IPUIPlugin:80 - create IPUIPlugin
2023-07-25 21:36:28,489 [INFO] IPUIPlugin:80 - create IPUIPlugin
2023-07-25 21:36:28,489 [INFO] IPUIPlugin:80 - create IPUIPlugin
2023-07-25 21:36:28,490 [INFO] IPUIPlugin:80 - create IPUIPlugin
2023-07-25 21:36:28,490 [INFO] IPUIPlugin:80 - create IPUIPlugin
2023-07-25 21:36:28,490 [INFO] IPUIPlugin:80 - create IPUIPlugin
2023-07-25 21:36:28,490 [INFO] IPUIPlugin:80 - create IPUIPlugin
2023-07-25 21:36:28,491 [INFO] IPUIPlugin:80 - create IPUIPlugin
2023-07-25 21:36:28,491 [INFO] IPUIPlugin:80 - create IPUIPlugin
2023-07-25 21:36:28,492 [INFO] IPUIPlugin:80 - create IPUIPlugin
2023-07-25 21:36:28,492 [INFO] IPUIPlugin:80 - create IPUIPlugin
2023-07-25 21:36:28,493 [INFO] IPUIPlugin:80 - create IPUIPlugin
2023-07-25 21:36:28,493 [INFO] IPUIPlugin:80 - create IPUIPlugin
2023-07-25 21:36:28,494 [INFO] IPUIPlugin:80 - create IPUIPlugin
2023-07-25 21:36:28,494 [INFO] IPUIPlugin:80 - create IPUIPlugin
2023-07-25 21:36:28,495 [INFO] IPUIPlugin:80 - create IPUIPlugin
2023-07-25 21:36:28,496 [INFO] IPUIPlugin:80 - create IPUIPlugin
2023-07-25 21:36:28,496 [INFO] IPUIPlugin:80 - create IPUIPlugin
2023-07-25 21:36:28,497 [INFO] IPUIPlugin:80 - create IPUIPlugin
2023-07-25 21:36:28,498 [INFO] IPUIPlugin:80 - create IPUIPlugin
2023-07-25 21:36:28,498 [INFO] IPUIPlugin:80 - create IPUIPlugin
2023-07-25 21:36:28,499 [INFO] IPUIPlugin:80 - create IPUIPlugin
2023-07-25 21:36:28,499 [INFO] IPUIPlugin:80 - create IPUIPlugin
2023-07-25 21:36:28,500 [INFO] IPUIPlugin:80 - create IPUIPlugin
2023-07-25 21:36:28,500 [INFO] IPUIPlugin:80 - create IPUIPlugin
2023-07-25 21:36:28,509 [INFO] IPUIPlugin:80 - create IPUIPlugin
2023-07-25 21:36:28,510 [INFO] IPUIPlugin:80 - create IPUIPlugin
2023-07-25 21:36:28,512 [INFO] IPUIPlugin:80 - create IPUIPlugin
2023-07-25 21:36:28,513 [INFO] IPUIPlugin:80 - create IPUIPlugin
2023-07-25 21:36:28,514 [INFO] IPUIPlugin:80 - create IPUIPlugin
2023-07-25 21:36:28,515 [INFO] IPUIPlugin:80 - create IPUIPlugin
2023-07-25 21:36:28,516 [INFO] IPUIPlugin:80 - create IPUIPlugin
2023-07-25 21:36:29,098 [INFO] CADModel:165 - CPN selected for project levelSTM32F103RCT6
2023-07-25 21:36:29,098 [INFO] CADModel:114 - Register for checkConnection events
2023-07-25 21:36:29,142 [INFO] OpenFileManager:328 - Restore cursor
2023-07-25 23:49:18,174 [INFO] NvicIntPanel:101 - NVIC parent = com.st.microxplorer.plugins.ip.nvic.MultiNvicIntPanel[,0,0,0x0,invalid,layout=javax.swing.BoxLayout,alignmentX=0.0,alignmentY=0.0,border=,flags=9,maximumSize=,minimumSize=,preferredSize=]
2023-07-25 23:50:01,252 [INFO] UtilMem:75 - End SaveConfig() Used Memory: 398201512 Bytes (484442112)
2023-07-25 23:50:05,009 [INFO] UtilMem:75 - End SaveConfig() Used Memory: 419815400 Bytes (484442112)
2023-07-25 23:50:08,773 [INFO] UtilMem:75 - End SaveConfig() Used Memory: 186106080 Bytes (484442112)
2023-07-25 23:50:10,059 [INFO] BlockDiagram:2759 - set Specific Code input for plugin: SPI
2023-07-25 23:50:10,059 [INFO] BlockDiagram:2759 - set Specific Code input for plugin: NVIC
2023-07-25 23:50:10,059 [INFO] BlockDiagram:2759 - set Specific Code input for plugin: DMA
2023-07-25 23:50:10,059 [INFO] BlockDiagram:2759 - set Specific Code input for plugin: TIM1_8F1
2023-07-25 23:50:10,060 [INFO] BlockDiagram:2759 - set Specific Code input for plugin: SYS
2023-07-25 23:50:10,060 [INFO] BlockDiagram:2759 - set Specific Code input for plugin: GPIO
2023-07-25 23:50:10,061 [INFO] BlockDiagram:2759 - set Specific Code input for plugin: RCC
2023-07-25 23:50:10,090 [INFO] CodeGenerator:799 - code generatio: config db path: C:\ST\STM32CubeIDE_1.12.1\STM32CubeIDE\plugins\com.st.stm32cube.common.mx_6.9.0.202307051724\\db\
2023-07-25 23:50:10,662 [INFO] CodeEngine:255 - oldGeneratedFile, C:\Users\inflamer\STM32CubeIDE\aquapark\application\MXTmpFiles\license.tmp_save
2023-07-25 23:50:11,469 [INFO] CodeEngine:279 - Generated code: C:\Users\inflamer\STM32CubeIDE\aquapark\application\MXTmpFiles\license.tmp
2023-07-25 23:50:11,823 [INFO] CodeEngine:255 - oldGeneratedFile, C:\Users\inflamer\STM32CubeIDE\aquapark\application\MXTmpFiles\gpio.tmp_save
2023-07-25 23:50:12,136 [INFO] CodeEngine:279 - Generated code: C:\Users\inflamer\STM32CubeIDE\aquapark\application\MXTmpFiles\gpio.tmp
2023-07-25 23:50:13,230 [INFO] CodeEngine:255 - oldGeneratedFile, C:\Users\inflamer\STM32CubeIDE\aquapark\application\MXTmpFiles\dma.tmp_save
2023-07-25 23:50:13,492 [INFO] CodeEngine:279 - Generated code: C:\Users\inflamer\STM32CubeIDE\aquapark\application\MXTmpFiles\dma.tmp
2023-07-25 23:50:13,507 [INFO] CodeEngine:255 - oldGeneratedFile, C:\Users\inflamer\STM32CubeIDE\aquapark\application\MXTmpFiles\dma_GV.tmp_save
2023-07-25 23:50:13,696 [INFO] CodeEngine:279 - Generated code: C:\Users\inflamer\STM32CubeIDE\aquapark\application\MXTmpFiles\dma_GV.tmp
2023-07-25 23:50:13,781 [INFO] CodeEngine:255 - oldGeneratedFile, C:\Users\inflamer\STM32CubeIDE\aquapark\application\Core\Src\stm32f1xx_it.c_save
2023-07-25 23:50:14,134 [INFO] CodeEngine:279 - Generated code: C:\Users\inflamer\STM32CubeIDE\aquapark\application\Core\Src\stm32f1xx_it.c
2023-07-25 23:50:14,156 [INFO] CodeEngine:255 - oldGeneratedFile, C:\Users\inflamer\STM32CubeIDE\aquapark\application\Core\Inc\stm32f1xx_it.h_save
2023-07-25 23:50:14,323 [INFO] CodeEngine:279 - Generated code: C:\Users\inflamer\STM32CubeIDE\aquapark\application\Core\Inc\stm32f1xx_it.h
2023-07-25 23:50:14,358 [INFO] CodeEngine:255 - oldGeneratedFile, C:\Users\inflamer\STM32CubeIDE\aquapark\application\MXTmpFiles\system.tmp_save
2023-07-25 23:50:14,530 [INFO] CodeEngine:279 - Generated code: C:\Users\inflamer\STM32CubeIDE\aquapark\application\MXTmpFiles\system.tmp
2023-07-25 23:50:14,556 [INFO] CodeEngine:255 - oldGeneratedFile, C:\Users\inflamer\STM32CubeIDE\aquapark\application\Core\Inc\stm32_assert.h_save
2023-07-25 23:50:14,714 [INFO] CodeEngine:279 - Generated code: C:\Users\inflamer\STM32CubeIDE\aquapark\application\Core\Inc\stm32_assert.h
2023-07-25 23:50:14,741 [WARN] IPConfigManager:2937 - Warning: the RefConfig RCC_ClockConfig is not available in your config.xml file
2023-07-25 23:50:14,741 [WARN] IPConfigManager:2937 - Warning: the RefConfig RCC_MCOConfig is not available in your config.xml file
2023-07-25 23:50:14,741 [WARN] IPConfigManager:2937 - Warning: the RefConfig RCC_interrupt_Time_SYSTICK_Config is not available in your config.xml file
2023-07-25 23:50:14,741 [WARN] IPConfigManager:2937 - Warning: the RefConfig RCC_SYSTICK_CONFIG is not available in your config.xml file
2023-07-25 23:50:14,767 [WARN] IPConfigManager:3431 - IP not found : TIM
2023-07-25 23:50:14,770 [WARN] CodeGenerator:3760 - IP not found : null
2023-07-25 23:50:14,797 [INFO] CodeEngine:255 - oldGeneratedFile, C:\Users\inflamer\STM32CubeIDE\aquapark\application\Core\Inc\main.h_save
2023-07-25 23:50:15,030 [INFO] CodeEngine:279 - Generated code: C:\Users\inflamer\STM32CubeIDE\aquapark\application\Core\Inc\main.h
2023-07-25 23:50:15,061 [INFO] CodeEngine:255 - oldGeneratedFile, C:\Users\inflamer\STM32CubeIDE\aquapark\application\Core\Src\main.c_save
2023-07-25 23:50:15,449 [INFO] CodeEngine:279 - Generated code: C:\Users\inflamer\STM32CubeIDE\aquapark\application\Core\Src\main.c
2023-07-25 23:50:17,183 [INFO] ProjectBuilder:3064 - Time for Copy HAL[1] : 431mS.
2023-07-25 23:50:17,199 [INFO] ProjectBuilder:4404 - Project Generator version: 4.1.0
2023-07-25 23:50:18,122 [INFO] ConfigFileManager:1457 - The Die is : DIE414
2023-07-25 23:50:18,197 [INFO] ApiDbMcu:507 - Load IP Config File for FATFS
2023-07-25 23:50:18,300 [INFO] ApiDbMcu:507 - Load IP Config File for FREERTOS
2023-07-25 23:50:18,382 [INFO] ApiDbMcu:507 - Load IP Config File for USB_DEVICE
2023-07-25 23:50:20,532 [INFO] LogOutputStream:77 - [STDOUT_REDIRECT] 
2023-07-25 23:50:24,586 [INFO] ProjectBuilder:4626 - Time for Generating toolchain IDE Files: 7386mS.
2023-07-25 23:50:24,590 [INFO] ProjectBuilder:2935 - Time for Copy CMSIS : 2mS.
2023-07-25 23:50:24,598 [INFO] ProjectBuilder:2935 - Time for Copy CMSIS : 0mS.
2023-07-25 23:51:12,884 [INFO] NvicIntPanel:101 - NVIC parent = com.st.microxplorer.plugins.ip.nvic.MultiNvicIntPanel[,0,0,0x0,invalid,layout=javax.swing.BoxLayout,alignmentX=0.0,alignmentY=0.0,border=,flags=9,maximumSize=,minimumSize=,preferredSize=]
2023-07-25 23:51:18,789 [INFO] NvicIntPanel:101 - NVIC parent = com.st.microxplorer.plugins.ip.nvic.MultiNvicIntPanel[,0,0,0x0,invalid,layout=javax.swing.BoxLayout,alignmentX=0.0,alignmentY=0.0,border=,flags=9,maximumSize=,minimumSize=,preferredSize=]
2023-07-25 23:51:23,038 [INFO] UtilMem:75 - End SaveConfig() Used Memory: 290780096 Bytes (759169024)
2023-07-25 23:51:25,432 [INFO] UtilMem:75 - End SaveConfig() Used Memory: 312430080 Bytes (759169024)
2023-07-25 23:51:27,787 [INFO] UtilMem:75 - End SaveConfig() Used Memory: 377454744 Bytes (759169024)
2023-07-25 23:51:28,394 [INFO] BlockDiagram:2759 - set Specific Code input for plugin: SPI
2023-07-25 23:51:28,395 [INFO] BlockDiagram:2759 - set Specific Code input for plugin: NVIC
2023-07-25 23:51:28,395 [INFO] BlockDiagram:2759 - set Specific Code input for plugin: DMA
2023-07-25 23:51:28,395 [INFO] BlockDiagram:2759 - set Specific Code input for plugin: TIM1_8F1
2023-07-25 23:51:28,395 [INFO] BlockDiagram:2759 - set Specific Code input for plugin: SYS
2023-07-25 23:51:28,396 [INFO] BlockDiagram:2759 - set Specific Code input for plugin: GPIO
2023-07-25 23:51:28,396 [INFO] BlockDiagram:2759 - set Specific Code input for plugin: RCC
2023-07-25 23:51:28,398 [INFO] CodeGenerator:799 - code generatio: config db path: C:\ST\STM32CubeIDE_1.12.1\STM32CubeIDE\plugins\com.st.stm32cube.common.mx_6.9.0.202307051724\\db\
2023-07-25 23:51:28,426 [INFO] Argument:319 - Argument : DMAxvalue: DMA1
2023-07-25 23:51:28,427 [INFO] Argument:329 - Argument : DMAxvalue: DMA1
2023-07-25 23:51:28,427 [INFO] Argument:319 - Argument : Channelvalue: LL_DMA_CHANNEL_3
2023-07-25 23:51:28,427 [INFO] Argument:329 - Argument : Channelvalue: LL_DMA_CHANNEL_3
2023-07-25 23:51:28,427 [INFO] Argument:319 - Argument : Directionvalue: LL_DMA_DIRECTION_MEMORY_TO_PERIPH
2023-07-25 23:51:28,427 [INFO] Argument:329 - Argument : Directionvalue: LL_DMA_DIRECTION_MEMORY_TO_PERIPH
2023-07-25 23:51:28,427 [INFO] Argument:319 - Argument : DMAxvalue: DMA1
2023-07-25 23:51:28,427 [INFO] Argument:329 - Argument : DMAxvalue: DMA1
2023-07-25 23:51:28,427 [INFO] Argument:319 - Argument : Channelvalue: LL_DMA_CHANNEL_3
2023-07-25 23:51:28,428 [INFO] Argument:329 - Argument : Channelvalue: LL_DMA_CHANNEL_3
2023-07-25 23:51:28,428 [INFO] Argument:319 - Argument : Priorityvalue: LL_DMA_PRIORITY_LOW
2023-07-25 23:51:28,428 [INFO] Argument:329 - Argument : Priorityvalue: LL_DMA_PRIORITY_LOW
2023-07-25 23:51:28,428 [INFO] Argument:319 - Argument : DMAxvalue: DMA1
2023-07-25 23:51:28,428 [INFO] Argument:329 - Argument : DMAxvalue: DMA1
2023-07-25 23:51:28,428 [INFO] Argument:319 - Argument : Channelvalue: LL_DMA_CHANNEL_3
2023-07-25 23:51:28,429 [INFO] Argument:329 - Argument : Channelvalue: LL_DMA_CHANNEL_3
2023-07-25 23:51:28,429 [INFO] Argument:319 - Argument : Modevalue: LL_DMA_MODE_NORMAL
2023-07-25 23:51:28,429 [INFO] Argument:329 - Argument : Modevalue: LL_DMA_MODE_NORMAL
2023-07-25 23:51:28,429 [INFO] Argument:319 - Argument : DMAxvalue: DMA1
2023-07-25 23:51:28,429 [INFO] Argument:329 - Argument : DMAxvalue: DMA1
2023-07-25 23:51:28,429 [INFO] Argument:319 - Argument : Channelvalue: LL_DMA_CHANNEL_3
2023-07-25 23:51:28,430 [INFO] Argument:329 - Argument : Channelvalue: LL_DMA_CHANNEL_3
2023-07-25 23:51:28,430 [INFO] Argument:319 - Argument : PeriphOrM2MSrcIncModevalue: LL_DMA_PERIPH_NOINCREMENT
2023-07-25 23:51:28,430 [INFO] Argument:329 - Argument : PeriphOrM2MSrcIncModevalue: LL_DMA_PERIPH_NOINCREMENT
2023-07-25 23:51:28,430 [INFO] Argument:319 - Argument : DMAxvalue: DMA1
2023-07-25 23:51:28,430 [INFO] Argument:329 - Argument : DMAxvalue: DMA1
2023-07-25 23:51:28,430 [INFO] Argument:319 - Argument : Channelvalue: LL_DMA_CHANNEL_3
2023-07-25 23:51:28,430 [INFO] Argument:329 - Argument : Channelvalue: LL_DMA_CHANNEL_3
2023-07-25 23:51:28,430 [INFO] Argument:319 - Argument : MemoryOrM2MDstIncModevalue: LL_DMA_MEMORY_INCREMENT
2023-07-25 23:51:28,430 [INFO] Argument:329 - Argument : MemoryOrM2MDstIncModevalue: LL_DMA_MEMORY_INCREMENT
2023-07-25 23:51:28,431 [INFO] Argument:319 - Argument : DMAxvalue: DMA1
2023-07-25 23:51:28,431 [INFO] Argument:329 - Argument : DMAxvalue: DMA1
2023-07-25 23:51:28,431 [INFO] Argument:319 - Argument : Channelvalue: LL_DMA_CHANNEL_3
2023-07-25 23:51:28,431 [INFO] Argument:329 - Argument : Channelvalue: LL_DMA_CHANNEL_3
2023-07-25 23:51:28,431 [INFO] Argument:319 - Argument : PeriphOrM2MSrcDataSizevalue: LL_DMA_PDATAALIGN_HALFWORD
2023-07-25 23:51:28,431 [INFO] Argument:329 - Argument : PeriphOrM2MSrcDataSizevalue: LL_DMA_PDATAALIGN_HALFWORD
2023-07-25 23:51:28,431 [INFO] Argument:319 - Argument : DMAxvalue: DMA1
2023-07-25 23:51:28,431 [INFO] Argument:329 - Argument : DMAxvalue: DMA1
2023-07-25 23:51:28,431 [INFO] Argument:319 - Argument : Channelvalue: LL_DMA_CHANNEL_3
2023-07-25 23:51:28,431 [INFO] Argument:329 - Argument : Channelvalue: LL_DMA_CHANNEL_3
2023-07-25 23:51:28,432 [INFO] Argument:319 - Argument : MemoryOrM2MDstDataSizevalue: LL_DMA_MDATAALIGN_HALFWORD
2023-07-25 23:51:28,432 [INFO] Argument:329 - Argument : MemoryOrM2MDstDataSizevalue: LL_DMA_MDATAALIGN_HALFWORD
2023-07-25 23:51:28,732 [INFO] CodeEngine:255 - oldGeneratedFile, C:\Users\inflamer\STM32CubeIDE\aquapark\application\MXTmpFiles\license.tmp_save
2023-07-25 23:51:28,875 [INFO] CodeEngine:279 - Generated code: C:\Users\inflamer\STM32CubeIDE\aquapark\application\MXTmpFiles\license.tmp
2023-07-25 23:51:29,304 [INFO] CodeEngine:255 - oldGeneratedFile, C:\Users\inflamer\STM32CubeIDE\aquapark\application\MXTmpFiles\gpio.tmp_save
2023-07-25 23:51:29,500 [INFO] CodeEngine:279 - Generated code: C:\Users\inflamer\STM32CubeIDE\aquapark\application\MXTmpFiles\gpio.tmp
2023-07-25 23:51:30,091 [INFO] CodeEngine:255 - oldGeneratedFile, C:\Users\inflamer\STM32CubeIDE\aquapark\application\MXTmpFiles\dma.tmp_save
2023-07-25 23:51:30,234 [INFO] CodeEngine:279 - Generated code: C:\Users\inflamer\STM32CubeIDE\aquapark\application\MXTmpFiles\dma.tmp
2023-07-25 23:51:30,244 [INFO] CodeEngine:255 - oldGeneratedFile, C:\Users\inflamer\STM32CubeIDE\aquapark\application\MXTmpFiles\dma_GV.tmp_save
2023-07-25 23:51:30,373 [INFO] CodeEngine:279 - Generated code: C:\Users\inflamer\STM32CubeIDE\aquapark\application\MXTmpFiles\dma_GV.tmp
2023-07-25 23:51:30,409 [INFO] CodeEngine:255 - oldGeneratedFile, C:\Users\inflamer\STM32CubeIDE\aquapark\application\Core\Src\stm32f1xx_it.c_save
2023-07-25 23:51:30,716 [INFO] CodeEngine:279 - Generated code: C:\Users\inflamer\STM32CubeIDE\aquapark\application\Core\Src\stm32f1xx_it.c
2023-07-25 23:51:30,739 [INFO] CodeEngine:255 - oldGeneratedFile, C:\Users\inflamer\STM32CubeIDE\aquapark\application\Core\Inc\stm32f1xx_it.h_save
2023-07-25 23:51:30,904 [INFO] CodeEngine:279 - Generated code: C:\Users\inflamer\STM32CubeIDE\aquapark\application\Core\Inc\stm32f1xx_it.h
2023-07-25 23:51:30,947 [INFO] CodeEngine:255 - oldGeneratedFile, C:\Users\inflamer\STM32CubeIDE\aquapark\application\MXTmpFiles\system.tmp_save
2023-07-25 23:51:31,152 [INFO] CodeEngine:279 - Generated code: C:\Users\inflamer\STM32CubeIDE\aquapark\application\MXTmpFiles\system.tmp
2023-07-25 23:51:31,171 [INFO] CodeEngine:255 - oldGeneratedFile, C:\Users\inflamer\STM32CubeIDE\aquapark\application\Core\Inc\stm32_assert.h_save
2023-07-25 23:51:31,311 [INFO] CodeEngine:279 - Generated code: C:\Users\inflamer\STM32CubeIDE\aquapark\application\Core\Inc\stm32_assert.h
2023-07-25 23:51:31,335 [WARN] IPConfigManager:2937 - Warning: the RefConfig RCC_ClockConfig is not available in your config.xml file
2023-07-25 23:51:31,335 [WARN] IPConfigManager:2937 - Warning: the RefConfig RCC_MCOConfig is not available in your config.xml file
2023-07-25 23:51:31,337 [WARN] IPConfigManager:2937 - Warning: the RefConfig RCC_interrupt_Time_SYSTICK_Config is not available in your config.xml file
2023-07-25 23:51:31,337 [WARN] IPConfigManager:2937 - Warning: the RefConfig RCC_SYSTICK_CONFIG is not available in your config.xml file
2023-07-25 23:51:31,354 [WARN] IPConfigManager:3431 - IP not found : TIM
2023-07-25 23:51:31,357 [WARN] CodeGenerator:3760 - IP not found : null
2023-07-25 23:51:31,382 [INFO] CodeEngine:255 - oldGeneratedFile, C:\Users\inflamer\STM32CubeIDE\aquapark\application\Core\Inc\main.h_save
2023-07-25 23:51:31,542 [INFO] CodeEngine:279 - Generated code: C:\Users\inflamer\STM32CubeIDE\aquapark\application\Core\Inc\main.h
2023-07-25 23:51:31,560 [INFO] CodeEngine:255 - oldGeneratedFile, C:\Users\inflamer\STM32CubeIDE\aquapark\application\Core\Src\main.c_save
2023-07-25 23:51:31,817 [INFO] CodeEngine:279 - Generated code: C:\Users\inflamer\STM32CubeIDE\aquapark\application\Core\Src\main.c
2023-07-25 23:51:32,769 [INFO] ProjectBuilder:3064 - Time for Copy HAL[1] : 240mS.
2023-07-25 23:51:32,776 [INFO] ProjectBuilder:4404 - Project Generator version: 4.1.0
2023-07-25 23:51:33,629 [INFO] ConfigFileManager:1457 - The Die is : DIE414
2023-07-25 23:51:37,859 [INFO] ProjectBuilder:4626 - Time for Generating toolchain IDE Files: 5083mS.
2023-07-25 23:51:37,861 [INFO] ProjectBuilder:2935 - Time for Copy CMSIS : 1mS.
2023-07-25 23:51:37,869 [INFO] ProjectBuilder:2935 - Time for Copy CMSIS : 0mS.
